
════════════════════════════════════════════════════════════════════════════════════════════════
🛰️  FOREX_SYSTEM OSINT TELEGRAM FEED DASHBOARD
════════════════════════════════════════════════════════════════════════════════════════════════
🕒 Started UTC: 2026-05-05 16:44
📁 Log file: C:\Projects\forex_system\services\collector_events\collector_events\extractors\osint_telegram\logs\osint_feed.log
🎯 Session ID: default
🎯 Channel set: all
════════════════════════════════════════════════════════════════════════════════════════════════

────────────────────────────────────────────────────────────────────────────────────────────────
🟢 #000001  2026-05-05 16:45  [BACKFILL]
📣 @abualiexpress · Abu Ali Express
🏷️  topic=middleeast  tags=telegram, middleeast, middleeast
🔗 https://t.me/abualiexpress/121732
👀 views=37,393  ↗ forwards=3  🕯️ published=2026-05-05 15:52
💬 Message
   תיעוד של שתי המשחתות האמריקאיות עליהן דווח אתמול👆 כי שברו את המצור האיראני על הורמוז.
   האיראנים לא יוכלו להכחיש כעת - וזאת אחרי ההכרזות הפומביות שלהם שיטביעו כל כלי שיט צבאי שיגיע
   לאזור. המשחתות ממוקמות בצד השני של הורומוז... קרוב לחופי איחוד האמירויות. כדי להגיב לכתבה
   לחצו כאן

────────────────────────────────────────────────────────────────────────────────────────────────
🟢 #000002  2026-05-05 16:45  [BACKFILL]
📣 @abualiexpress · Abu Ali Express
🏷️  topic=middleeast  tags=telegram, middleeast, middleeast
🔗 https://t.me/abualiexpress/121736
👀 views=29,115  ↗ forwards=4  🕯️ published=2026-05-05 16:06
💬 Message
   טראמפ על איראן: עליהם להניף את דגל הכניעה הלבן. 2 תגובות

────────────────────────────────────────────────────────────────────────────────────────────────
🟢 #000003  2026-05-05 16:45  [BACKFILL]
📣 @abualiexpress · Abu Ali Express
🏷️  topic=middleeast  tags=telegram, middleeast, middleeast
🔗 https://t.me/abualiexpress/121737
👀 views=9,399  ↗ forwards=3  🕯️ published=2026-05-05 16:35
💬 Message
   צה"ל תוקף כעת בכפר חבוש - מצפון לליטאני בדרום לבנון. כדי להגיב לכתבה לחצו כאן

────────────────────────────────────────────────────────────────────────────────────────────────
🟢 #000004  2026-05-05 16:45  [BACKFILL]
📣 @ClashReport · Clash Report
🏷️  topic=conflict  tags=telegram, conflict, global
🔗 https://t.me/ClashReport/81421
👀 views=9,656  ↗ forwards=56  🕯️ published=2026-05-04 19:57
💬 Message
   Trump jokes: When I get out of office in, let’s say, 8 or 9 years from now…

────────────────────────────────────────────────────────────────────────────────────────────────
🟢 #000005  2026-05-05 16:45  [BACKFILL]
📣 @ClashReport · Clash Report
🏷️  topic=conflict  tags=telegram, conflict, global
🔗 https://t.me/ClashReport/81422
👀 views=9,946  ↗ forwards=37  🕯️ published=2026-05-04 20:03
💬 Message
   Senior Iranian official to Drop Site News: Based on current assessments, another military
   attack seems likely.

────────────────────────────────────────────────────────────────────────────────────────────────
🟢 #000006  2026-05-05 16:45  [BACKFILL]
📣 @ClashReport · Clash Report
🏷️  topic=conflict  tags=telegram, conflict, global
🔗 https://t.me/ClashReport/81423
👀 views=9,549  ↗ forwards=19  🕯️ published=2026-05-04 20:05
💬 Message
   New demands from Chancellor Merz:
