INFO     👀 Logging system initialized                     logger_config.py:182
INFO     👀 Iniciando Bootstrapper de OSINT Telegram...              main.py:28
INFO     👀 [EnvConfig] 🔏 47 chaves marcadas como   env_config_manager.py:1072
         Secret no arquivo.                                                    
INFO     👀 [EnvConfig] 5 chaves bootstrap           env_config_manager.py:1025
         carregadas do arquivo.                                                
INFO     👀 [EnvConfig] 1 bootstrap secrets           env_config_manager.py:690
         carregados.                                                           
C:\Projects\forex_system\shared_lib\forex_shared\mongo_manager.py:128: UserWarning: You appear to be connected to a CosmosDB cluster. For more information regarding feature compatibility and support please visit https://www.mongodb.com/supportability/cosmosdb
  self.client = MongoClient(
INFO     👀 [MongoManager] Conectado via connection string mongo_manager.py:143
         | db=forex_system                                                     
INFO     👀 [MongoManager] bulk_sync(env_config): 0 novos, mongo_manager.py:208
         26 atualizados.                                                       
INFO     👀 [EnvConfig] 150 chaves sincronizadas com  env_config_manager.py:951
         MongoDB.                                                              
INFO     👀 [EnvConfig] 143 novas chaves setadas em   env_config_manager.py:886
         os.environ.                                                           
INFO     👀 [EnvConfig] 150 chaves recarregadas do    env_config_manager.py:965
         MongoDB.                                                              
INFO     👀 Worker resources (MongoDB store) initialized.          worker.py:47
INFO     👀 Enviando comando SESSION_CREATE para sessão 'default'    main.py:63
INFO     👀 Initialized feed log at                              session.py:124
         C:\Projects\forex_system\services\collector_events\coll               
         ector_events\extractors\osint_telegram\logs\osint_feed.               
         log                                                                   
INFO     👀 Initialized JSON log at                              session.py:133
         C:\Projects\forex_system\services\collector_events\coll               
         ector_events\extractors\osint_telegram\logs\osint_feed_               
         intel.json                                                            
INFO     👀 Starting OsintTelegramSession 'default'              session.py:233
INFO     👀 [RabbitMQ Async] Conectando:          rabbitmq_provider_async.py:53
         amqp://guest:guest@localhost:5672/                                    
INFO     👀 [RabbitMQ Async] Conectando:          rabbitmq_provider_async.py:62
         amqp://guest:guest@localhost:5672/                                    
INFO     👀 [RabbitMQ Async] Conectado. Exchange  rabbitmq_provider_async.py:85
         'forex_market_events' ativo.                                          
INFO     👀 [MQEventPublisher] started with 8 workers    event_publisher.py:136
INFO     👀 Connecting to 149.154.175.55:443/TcpFull...    mtprotosender.py:234
INFO     👀 Connection to 149.154.175.55:443/TcpFull       mtprotosender.py:285
         complete!                                                             
INFO     👀 Skipping channel intel_sky resolution: cooldown      session.py:385
         until 2026-05-07T12:54:15.544075+00:00                                
INFO     👀 Skipping channel firstsquawk resolution: cooldown    session.py:385
         until 2026-05-07T12:54:20.163363+00:00                                
INFO     👀 Skipping channel CYBERWARCOM resolution: cooldown    session.py:385
         until 2026-05-07T12:54:21.630647+00:00                                
INFO     👀 Skipping channel thecyberwire resolution: cooldown   session.py:385
         until 2026-05-07T12:54:34.463183+00:00                                
INFO     👀 Skipping channel bell_geo resolution: cooldown until session.py:385
         2026-05-07T12:54:35.274476+00:00                                      
INFO     👀 Skipping channel disclosewt resolution: cooldown     session.py:385
         until 2026-05-07T12:54:36.093200+00:00                                
INFO     👀 Skipping channel lebanon24 resolution: cooldown      session.py:385
         until 2026-05-07T12:54:40.080098+00:00                                
INFO     👀 Skipping channel syriatracker resolution: cooldown   session.py:385
         until 2026-05-07T12:54:41.313971+00:00                                
INFO     👀 Skipping channel deita resolution: cooldown until    session.py:385
         2026-05-07T12:54:42.341672+00:00                                      
INFO     👀 Skipping channel cybersecboardrm resolution:         session.py:385
         cooldown until 2026-05-07T12:54:52.417562+00:00                       
INFO     👀 Skipping channel intel_slava resolution: cooldown    session.py:385
         until 2026-05-07T12:54:53.076518+00:00                                
INFO     👀 Skipping channel crypto_pump_alerts resolution:      session.py:385
         cooldown until 2026-05-07T12:54:58.294975+00:00                       
INFO     👀 Skipping channel prosignalsfx resolution: cooldown   session.py:385
         until 2026-05-07T12:54:59.287983+00:00                                
INFO     👀 Skipping channel unitedsignals resolution: cooldown  session.py:385
         until 2026-05-07T12:54:59.657870+00:00                                
INFO     👀 Resolution summary: resolved=73 cache_hits=73        session.py:426
         cache_misses=0 skipped=14 failures=0 flood_waits=0                    
INFO     👀 OsintTelegramSession 'default' started with 73       session.py:275
         active channels                                                       
INFO     👀 Session 'default' created and started.                 worker.py:97
INFO     👀 Worker aguardando processamento... (Limite de 100        main.py:72
         mensagens configurado)                                                
INFO     👀 Status : Recv=0, Accepted=0, Limit=0/100                 main.py:82
INFO     👀 ✅ Verified storage for                              session.py:636
         telegram:financialjuice:111787 in globalintel                         
INFO     👀 ✅ Verified storage for                              session.py:636
         telegram:financialjuice:111788 in globalintel                         
INFO     👀 ✅ Verified storage for                              session.py:636
         telegram:financialjuice:111789 in globalintel                         
INFO     👀 ✅ Verified storage for                              session.py:636
         telegram:financialjuice:111790 in globalintel                         
INFO     👀 ✅ Verified storage for                              session.py:636
         telegram:financialjuice:111791 in globalintel                         
INFO     👀 ✅ Verified storage for                              session.py:636
         telegram:financialjuice:111792 in globalintel                         
INFO     👀 ✅ Verified storage for                              session.py:636
         telegram:financialjuice:111793 in globalintel                         
INFO     👀 ✅ Verified storage for                              session.py:636
         telegram:financialjuice:111794 in globalintel                         
INFO     👀 ✅ Verified storage for                              session.py:636
         telegram:financialjuice:111795 in globalintel                         
INFO     👀 Status : Recv=10, Accepted=9, Limit=9/100                main.py:82
INFO     👀 ✅ Verified storage for                              session.py:636
         telegram:financialjuice:111796 in globalintel                         
INFO     👀 ✅ Verified storage for                              session.py:636
         telegram:financialjuice:111797 in globalintel                         
INFO     👀 ✅ Verified storage for                              session.py:636
         telegram:financialjuice:111798 in globalintel                         
INFO     👀 ✅ Verified storage for                              session.py:636
         telegram:financialjuice:111799 in globalintel                         
INFO     👀 ✅ Verified storage for                              session.py:636
         telegram:financialjuice:111800 in globalintel                         
INFO     👀 ✅ Verified storage for                              session.py:636
         telegram:financialjuice:111801 in globalintel                         
INFO     👀 ✅ Verified storage for                              session.py:636
         telegram:financialjuice:111802 in globalintel                         
INFO     👀 ✅ Verified storage for                              session.py:636
         telegram:financialjuice:111803 in globalintel                         
INFO     👀 ✅ Verified storage for                              session.py:636
         telegram:financialjuice:111804 in globalintel                         
INFO     👀 ✅ Verified storage for                              session.py:636
         telegram:financialjuice:111805 in globalintel                         
INFO     👀 ✅ Verified storage for                              session.py:636
         telegram:financialjuice:111806 in globalintel                         
INFO     👀 ✅ Verified storage for                              session.py:636
         telegram:financialjuice:111807 in globalintel                         
INFO     👀 ✅ Verified storage for                              session.py:636
         telegram:financialjuice:111808 in globalintel                         
INFO     👀 ✅ Verified storage for                              session.py:636
         telegram:financialjuice:111809 in globalintel                         
INFO     👀 ✅ Verified storage for                              session.py:636
         telegram:financialjuice:111810 in globalintel                         
INFO     👀 ✅ Verified storage for                              session.py:636
         telegram:financialjuice:111811 in globalintel                         
INFO     👀 ✅ Verified storage for telegram:zerohedge:172090 in session.py:636
         globalintel                                                           
INFO     👀 Status : Recv=27, Accepted=26, Limit=26/100              main.py:82
INFO     👀 ✅ Verified storage for                              session.py:636
         telegram:abualiexpress:121791 in globalintel                          
INFO     👀 ✅ Verified storage for                              session.py:636
         telegram:abualiexpress:121792 in globalintel                          
INFO     👀 ✅ Verified storage for telegram:englishabuali:72381 session.py:636
         in globalintel                                                        
INFO     👀 ✅ Verified storage for telegram:englishabuali:72383 session.py:636
         in globalintel                                                        
INFO     👀 Status : Recv=30, Accepted=30, Limit=30/100              main.py:82
INFO     👀 ✅ Verified storage for                              session.py:636
         telegram:casusbellilive:254751 in globalintel                         
INFO     👀 ✅ Verified storage for                              session.py:636
         telegram:casusbellilive:254752 in globalintel                         
INFO     👀 ✅ Verified storage for                              session.py:636
         telegram:casusbellilive:254753 in globalintel                         
INFO     👀 ✅ Verified storage for                              session.py:636
         telegram:casusbellilive:254756 in globalintel                         
INFO     👀 ✅ Verified storage for                              session.py:636
         telegram:casusbellilive:254757 in globalintel                         
INFO     👀 ✅ Verified storage for                              session.py:636
         telegram:casusbellilive:254758 in globalintel                         
INFO     👀 ✅ Verified storage for                              session.py:636
         telegram:casusbellilive:254759 in globalintel                         
INFO     👀 ✅ Verified storage for                              session.py:636
         telegram:casusbellilive:254761 in globalintel                         
INFO     👀 ✅ Verified storage for                              session.py:636
         telegram:casusbellilive:254762 in globalintel                         
INFO     👀 ✅ Verified storage for                              session.py:636
         telegram:casusbellilive:254763 in globalintel                         
INFO     👀 ✅ Verified storage for                              session.py:636
         telegram:casusbellilive:254764 in globalintel                         
INFO     👀 ✅ Verified storage for                              session.py:636
         telegram:casusbellilive:254765 in globalintel                         
INFO     👀 ✅ Verified storage for                              session.py:636
         telegram:casusbellilive:254767 in globalintel                         
INFO     👀 Status : Recv=43, Accepted=43, Limit=43/100              main.py:82
INFO     👀 ✅ Verified storage for telegram:disclosetv:21075 in session.py:636
         globalintel                                                           
INFO     👀 ✅ Verified storage for telegram:disclosetv:21076 in session.py:636
         globalintel                                                           
INFO     👀 ✅ Verified storage for telegram:disclosetv:21077 in session.py:636
         globalintel                                                           
INFO     👀 ✅ Verified storage for telegram:disclosetv:21078 in session.py:636
         globalintel                                                           
INFO     👀 Status : Recv=48, Accepted=47, Limit=47/100              main.py:82
INFO     👀 ✅ Verified storage for telegram:disclosetv:21079 in session.py:636
         globalintel                                                           
INFO     👀 ✅ Verified storage for telegram:disclosetv:21080 in session.py:636
         globalintel                                                           
INFO     👀 ✅ Verified storage for telegram:kpszsu:61423 in     session.py:636
         globalintel                                                           
INFO     👀 ✅ Verified storage for telegram:kpszsu:61424 in     session.py:636
         globalintel                                                           
INFO     👀 ✅ Verified storage for telegram:kpszsu:61425 in     session.py:636
         globalintel                                                           
INFO     👀 ✅ Verified storage for telegram:kpszsu:61426 in     session.py:636
         globalintel                                                           
INFO     👀 ✅ Verified storage for telegram:kpszsu:61427 in     session.py:636
         globalintel                                                           
INFO     👀 ✅ Verified storage for telegram:kpszsu:61428 in     session.py:636
         globalintel                                                           
INFO     👀 Status : Recv=56, Accepted=55, Limit=55/100              main.py:82
INFO     👀 ✅ Verified storage for telegram:kpszsu:61429 in     session.py:636
         globalintel                                                           
INFO     👀 ✅ Verified storage for telegram:kpszsu:61430 in     session.py:636
         globalintel                                                           
INFO     👀 ✅ Verified storage for telegram:kpszsu:61431 in     session.py:636
         globalintel                                                           
INFO     👀 ✅ Verified storage for telegram:kpszsu:61432 in     session.py:636
         globalintel                                                           
INFO     👀 ✅ Verified storage for telegram:kpszsu:61433 in     session.py:636
         globalintel                                                           
INFO     👀 ✅ Verified storage for telegram:kpszsu:61434 in     session.py:636
         globalintel                                                           
INFO     👀 ✅ Verified storage for telegram:kpszsu:61435 in     session.py:636
         globalintel                                                           
INFO     👀 ✅ Verified storage for telegram:kpszsu:61436 in     session.py:636
         globalintel                                                           
INFO     👀 ✅ Verified storage for telegram:kpszsu:61437 in     session.py:636
         globalintel                                                           
INFO     👀 ✅ Verified storage for telegram:kpszsu:61438 in     session.py:636
         globalintel                                                           
INFO     👀 Status : Recv=66, Accepted=65, Limit=65/100              main.py:82
INFO     👀 ✅ Verified storage for telegram:kpszsu:61439 in     session.py:636
         globalintel                                                           
INFO     👀 ✅ Verified storage for telegram:kpszsu:61440 in     session.py:636
         globalintel                                                           
INFO     👀 ✅ Verified storage for telegram:kpszsu:61441 in     session.py:636
         globalintel                                                           
INFO     👀 ✅ Verified storage for telegram:kpszsu:61442 in     session.py:636
         globalintel                                                           
INFO     👀 ✅ Verified storage for                              session.py:636
         telegram:MiddleEastEye_TG:21392 in globalintel                        
INFO     👀 ✅ Verified storage for                              session.py:636
         telegram:MiddleEastEye_TG:21402 in globalintel                        
INFO     👀 ✅ Verified storage for                              session.py:636
         telegram:MiddleEastEye_TG:21403 in globalintel                        
INFO     👀 ✅ Verified storage for                              session.py:636
         telegram:MiddleEastEye_TG:21404 in globalintel                        
INFO     👀 ✅ Verified storage for                              session.py:636
         telegram:MiddleEastEye_TG:21405 in globalintel                        
INFO     👀 Status : Recv=75, Accepted=74, Limit=74/100              main.py:82
INFO     👀 ✅ Verified storage for telegram:vxunderground:8808  session.py:636
         in globalintel                                                        
INFO     👀 ✅ Verified storage for telegram:vxunderground:8809  session.py:636
         in globalintel                                                        
INFO     👀 ✅ Verified storage for telegram:vxunderground:8810  session.py:636
         in globalintel                                                        
INFO     👀 ✅ Verified storage for                              session.py:636
         telegram:BellumActaNews:172196 in globalintel                         
INFO     👀 ✅ Verified storage for                              session.py:636
         telegram:BellumActaNews:172197 in globalintel                         
INFO     👀 ✅ Verified storage for                              session.py:636
         telegram:BellumActaNews:172201 in globalintel                         
INFO     👀 ✅ Verified storage for                              session.py:636
         telegram:BellumActaNews:172205 in globalintel                         
INFO     👀 ✅ Verified storage for                              session.py:636
         telegram:BellumActaNews:172206 in globalintel                         
INFO     👀 ✅ Verified storage for                              session.py:636
         telegram:BellumActaNews:172207 in globalintel                         
INFO     👀 ✅ Verified storage for                              session.py:636
         telegram:BellumActaNews:172209 in globalintel                         
INFO     👀 ✅ Verified storage for telegram:CIG_telegram:74898  session.py:636
         in globalintel                                                        
INFO     👀 Status : Recv=86, Accepted=85, Limit=85/100              main.py:82
INFO     👀 ✅ Verified storage for telegram:CIG_telegram:74899  session.py:636
         in globalintel                                                        
INFO     👀 ✅ Verified storage for telegram:CIG_telegram:74900  session.py:636
         in globalintel                                                        
INFO     👀 ✅ Verified storage for telegram:CIG_telegram:74901  session.py:636
         in globalintel                                                        
INFO     👀 ✅ Verified storage for telegram:CIG_telegram:74902  session.py:636
         in globalintel                                                        
INFO     👀 ✅ Verified storage for telegram:CIG_telegram:74903  session.py:636
         in globalintel                                                        
INFO     👀 ✅ Verified storage for telegram:CIG_telegram:74904  session.py:636
         in globalintel                                                        
INFO     👀 ✅ Verified storage for telegram:CIG_telegram:74905  session.py:636
         in globalintel                                                        
INFO     👀 ✅ Verified storage for telegram:CIG_telegram:74906  session.py:636
         in globalintel                                                        
INFO     👀 Status : Recv=94, Accepted=93, Limit=93/100              main.py:82
INFO     👀 ✅ Verified storage for telegram:CIG_telegram:74907  session.py:636
         in globalintel                                                        
INFO     👀 ✅ Verified storage for telegram:CIG_telegram:74908  session.py:636
         in globalintel                                                        
INFO     👀 ✅ Verified storage for telegram:CIG_telegram:74909  session.py:636
         in globalintel                                                        
INFO     👀 ✅ Verified storage for telegram:CIG_telegram:74910  session.py:636
         in globalintel                                                        
INFO     👀 ✅ Verified storage for telegram:CIG_telegram:74911  session.py:636
         in globalintel                                                        
INFO     👀 ✅ Verified storage for telegram:CIG_telegram:74912  session.py:636
         in globalintel                                                        
INFO     👀 Status : Recv=100, Accepted=99, Limit=99/100             main.py:82
INFO     👀 ✅ Verified storage for telegram:israelwarroom:857   session.py:636
         in globalintel                                                        
INFO     👀 Message limit reached (100). Stopping session.       session.py:650
INFO     👀 Stopping OsintTelegramSession 'default'              session.py:279
INFO     👀 Disconnecting from                             mtprotosender.py:325
         149.154.175.55:443/TcpFull...                                         
INFO     👀 Disconnection from 149.154.175.55:443/TcpFull  mtprotosender.py:345
         complete!                                                             
INFO     👀 [RabbitMQ Async] Conexão encerrada.   rabbitmq_provider_async.py:94
INFO     👀 [MQEventPublisher] stopped                   event_publisher.py:183
INFO     👀 Nenhuma sessão ativa (todas STOPPED). Encerrando         main.py:78
         bootstrapper...                                                       
INFO     👀 Stopping 1 active sessions...                          worker.py:57
INFO     👀 Stopping OsintTelegramSession 'default'              session.py:279
INFO     👀 Not disconnecting (already have no connection) mtprotosender.py:322
INFO     👀 Bootstrapper encerrado.                                  main.py:89
