INFO     👀 Logging system initialized                     logger_config.py:182
INFO     👀 Iniciando Bootstrapper de OSINT Telegram...              main.py:28
INFO     👀 [EnvConfig] 🔏 47 chaves marcadas como   env_config_manager.py:1072
         Secret no arquivo.                                                    
INFO     👀 [EnvConfig] 5 chaves bootstrap           env_config_manager.py:1025
         carregadas do arquivo.                                                
INFO     👀 [EnvConfig] 1 bootstrap secrets           env_config_manager.py:690
         carregados.                                                           
C:\Projects\forex_system\shared_lib\forex_shared\mongo_manager.py:128: UserWarning: You appear to be connected to a CosmosDB cluster. For more information regarding feature compatibility and support please visit https://www.mongodb.com/supportability/cosmosdb
  self.client = MongoClient(
INFO     👀 [MongoManager] Conectado via connection string mongo_manager.py:143
         | db=forex_system                                                     
INFO     👀 [MongoManager] bulk_sync(env_config): 0 novos, mongo_manager.py:208
         26 atualizados.                                                       
INFO     👀 [EnvConfig] 150 chaves sincronizadas com  env_config_manager.py:951
         MongoDB.                                                              
INFO     👀 [EnvConfig] 143 novas chaves setadas em   env_config_manager.py:886
         os.environ.                                                           
INFO     👀 [EnvConfig] 150 chaves recarregadas do    env_config_manager.py:965
         MongoDB.                                                              
INFO     👀 Worker resources (MongoDB store) initialized.          worker.py:47
INFO     👀 Enviando comando SESSION_CREATE para sessão 'default'    main.py:63
INFO     👀 Initialized feed log at                              session.py:124
         C:\Projects\forex_system\services\collector_events\coll               
         ector_events\extractors\osint_telegram\logs\osint_feed.               
         log                                                                   
INFO     👀 Initialized JSON log at                              session.py:133
         C:\Projects\forex_system\services\collector_events\coll               
         ector_events\extractors\osint_telegram\logs\osint_feed_               
         intel.json                                                            
INFO     👀 Starting OsintTelegramSession 'default'              session.py:233
INFO     👀 [RabbitMQ Async] Conectando:          rabbitmq_provider_async.py:53
         amqp://guest:guest@localhost:5672/                                    
INFO     👀 [RabbitMQ Async] Conectando:          rabbitmq_provider_async.py:62
         amqp://guest:guest@localhost:5672/                                    
INFO     👀 [RabbitMQ Async] Conectado. Exchange  rabbitmq_provider_async.py:85
         'forex_market_events' ativo.                                          
INFO     👀 [MQEventPublisher] started with 8 workers    event_publisher.py:136
INFO     👀 Connecting to 149.154.175.55:443/TcpFull...    mtprotosender.py:234
INFO     👀 Connection to 149.154.175.55:443/TcpFull       mtprotosender.py:285
         complete!                                                             
WARNING  ⚠️ Failed to resolve channel intel_sky: Nobody is using session.py:424
         this username or the username is unacceptable (caused                 
         by ResolveUsernameRequest)                                            
WARNING  ⚠️ Failed to resolve channel firstsquawk: Nobody is     session.py:424
         using this username or the username is unacceptable                   
         (caused by ResolveUsernameRequest)                                    
WARNING  ⚠️ Failed to resolve channel CYBERWARCOM: No user has   session.py:424
         "cyberwarcom" as username                                             
WARNING  ⚠️ Failed to resolve channel thecyberwire: No user has  session.py:424
         "thecyberwire" as username                                            
WARNING  ⚠️ Failed to resolve channel bell_geo: No user has      session.py:424
         "bell_geo" as username                                                
WARNING  ⚠️ Failed to resolve channel disclosewt: No user has    session.py:424
         "disclosewt" as username                                              
WARNING  ⚠️ Failed to resolve channel lebanon24: Nobody is using session.py:424
         this username or the username is unacceptable (caused                 
         by ResolveUsernameRequest)                                            
WARNING  ⚠️ Failed to resolve channel syriatracker: No user has  session.py:424
         "syriatracker" as username                                            
WARNING  ⚠️ Failed to resolve channel deita: Nobody is using     session.py:424
         this username or the username is unacceptable (caused                 
         by ResolveUsernameRequest)                                            
WARNING  ⚠️ Failed to resolve channel cybersecboardrm: No user   session.py:424
         has "cybersecboardrm" as username                                     
WARNING  ⚠️ Failed to resolve channel intel_slava: Nobody is     session.py:424
         using this username or the username is unacceptable                   
         (caused by ResolveUsernameRequest)                                    
WARNING  ⚠️ Failed to resolve channel crypto_pump_alerts: Nobody session.py:424
         is using this username or the username is unacceptable                
         (caused by ResolveUsernameRequest)                                    
WARNING  ⚠️ Failed to resolve channel prosignalsfx: Nobody is    session.py:424
         using this username or the username is unacceptable                   
         (caused by ResolveUsernameRequest)                                    
WARNING  ⚠️ Failed to resolve channel unitedsignals: Nobody is   session.py:424
         using this username or the username is unacceptable                   
         (caused by ResolveUsernameRequest)                                    
INFO     👀 Resolution summary: resolved=73 cache_hits=73        session.py:426
         cache_misses=14 skipped=0 failures=14 flood_waits=0                   
INFO     👀 OsintTelegramSession 'default' started with 73       session.py:275
         active channels                                                       
INFO     👀 Session 'default' created and started.                 worker.py:97
INFO     👀 Worker aguardando processamento... (Limite de 100        main.py:72
         mensagens configurado)                                                
INFO     👀 Status : Recv=0, Accepted=0, Limit=0/100                 main.py:82
INFO     👀 ✅ Verified storage for                              session.py:636
         telegram:operativnoZSU:210255 in globalintel                          
INFO     👀 ✅ Verified storage for                              session.py:636
         telegram:operativnoZSU:210256 in globalintel                          
INFO     👀 ✅ Verified storage for                              session.py:636
         telegram:operativnoZSU:210257 in globalintel                          
INFO     👀 ✅ Verified storage for                              session.py:636
         telegram:operativnoZSU:210258 in globalintel                          
INFO     👀 ✅ Verified storage for                              session.py:636
         telegram:operativnoZSU:210259 in globalintel                          
INFO     👀 ✅ Verified storage for                              session.py:636
         telegram:operativnoZSU:210260 in globalintel                          
INFO     👀 ✅ Verified storage for                              session.py:636
         telegram:operativnoZSU:210261 in globalintel                          
INFO     👀 ✅ Verified storage for                              session.py:636
         telegram:operativnoZSU:210262 in globalintel                          
INFO     👀 ✅ Verified storage for                              session.py:636
         telegram:operativnoZSU:210263 in globalintel                          
INFO     👀 ✅ Verified storage for                              session.py:636
         telegram:operativnoZSU:210267 in globalintel                          
INFO     👀 ✅ Verified storage for                              session.py:636
         telegram:operativnoZSU:210271 in globalintel                          
INFO     👀 ✅ Verified storage for                              session.py:636
         telegram:operativnoZSU:210272 in globalintel                          
INFO     👀 Status : Recv=12, Accepted=12, Limit=12/100              main.py:82
INFO     👀 ✅ Verified storage for                              session.py:636
         telegram:binance_announcements:8458 in globalintel                    
INFO     👀 ✅ Verified storage for                              session.py:636
         telegram:financialjuice:111737 in globalintel                         
INFO     👀 ✅ Verified storage for                              session.py:636
         telegram:financialjuice:111738 in globalintel                         
INFO     👀 ✅ Verified storage for                              session.py:636
         telegram:financialjuice:111739 in globalintel                         
INFO     👀 ✅ Verified storage for                              session.py:636
         telegram:financialjuice:111740 in globalintel                         
INFO     👀 ✅ Verified storage for                              session.py:636
         telegram:financialjuice:111741 in globalintel                         
INFO     👀 ✅ Verified storage for                              session.py:636
         telegram:financialjuice:111742 in globalintel                         
INFO     👀 ✅ Verified storage for                              session.py:636
         telegram:financialjuice:111743 in globalintel                         
INFO     👀 ✅ Verified storage for                              session.py:636
         telegram:financialjuice:111744 in globalintel                         
INFO     👀 ✅ Verified storage for                              session.py:636
         telegram:financialjuice:111745 in globalintel                         
INFO     👀 ✅ Verified storage for                              session.py:636
         telegram:financialjuice:111746 in globalintel                         
INFO     👀 ✅ Verified storage for                              session.py:636
         telegram:financialjuice:111747 in globalintel                         
INFO     👀 ✅ Verified storage for                              session.py:636
         telegram:financialjuice:111748 in globalintel                         
INFO     👀 ✅ Verified storage for                              session.py:636
         telegram:financialjuice:111749 in globalintel                         
INFO     👀 ✅ Verified storage for                              session.py:636
         telegram:financialjuice:111750 in globalintel                         
INFO     👀 ✅ Verified storage for                              session.py:636
         telegram:financialjuice:111751 in globalintel                         
INFO     👀 ✅ Verified storage for                              session.py:636
         telegram:financialjuice:111752 in globalintel                         
INFO     👀 ✅ Verified storage for                              session.py:636
         telegram:financialjuice:111753 in globalintel                         
INFO     👀 ✅ Verified storage for                              session.py:636
         telegram:financialjuice:111754 in globalintel                         
INFO     👀 ✅ Verified storage for                              session.py:636
         telegram:financialjuice:111755 in globalintel                         
INFO     👀 ✅ Verified storage for                              session.py:636
         telegram:financialjuice:111756 in globalintel                         
INFO     👀 ✅ Verified storage for                              session.py:636
         telegram:financialjuice:111757 in globalintel                         
INFO     👀 ✅ Verified storage for                              session.py:636
         telegram:financialjuice:111758 in globalintel                         
INFO     👀 ✅ Verified storage for                              session.py:636
         telegram:financialjuice:111759 in globalintel                         
INFO     👀 ✅ Verified storage for                              session.py:636
         telegram:financialjuice:111760 in globalintel                         
INFO     👀 ✅ Verified storage for                              session.py:636
         telegram:financialjuice:111761 in globalintel                         
INFO     👀 Status : Recv=38, Accepted=38, Limit=38/100              main.py:82
INFO     👀 ✅ Verified storage for telegram:zerohedge:172082 in session.py:636
         globalintel                                                           
INFO     👀 ✅ Verified storage for telegram:zerohedge:172083 in session.py:636
         globalintel                                                           
INFO     👀 ✅ Verified storage for telegram:zerohedge:172084 in session.py:636
         globalintel                                                           
INFO     👀 ✅ Verified storage for telegram:zerohedge:172085 in session.py:636
         globalintel                                                           
INFO     👀 ✅ Verified storage for telegram:zerohedge:172086 in session.py:636
         globalintel                                                           
INFO     👀 ✅ Verified storage for telegram:zerohedge:172087 in session.py:636
         globalintel                                                           
INFO     👀 ✅ Verified storage for telegram:zerohedge:172088 in session.py:636
         globalintel                                                           
INFO     👀 ✅ Verified storage for telegram:zerohedge:172089 in session.py:636
         globalintel                                                           
INFO     👀 ✅ Verified storage for                              session.py:636
         telegram:whale_alert_io:100201 in globalintel                         
INFO     👀 ✅ Verified storage for                              session.py:636
         telegram:whale_alert_io:100202 in globalintel                         
INFO     👀 ✅ Verified storage for                              session.py:636
         telegram:whale_alert_io:100203 in globalintel                         
INFO     👀 ✅ Verified storage for                              session.py:636
         telegram:whale_alert_io:100204 in globalintel                         
INFO     👀 ✅ Verified storage for                              session.py:636
         telegram:whale_alert_io:100205 in globalintel                         
INFO     👀 ✅ Verified storage for                              session.py:636
         telegram:whale_alert_io:100206 in globalintel                         
INFO     👀 ✅ Verified storage for                              session.py:636
         telegram:whale_alert_io:100207 in globalintel                         
INFO     👀 ✅ Verified storage for                              session.py:636
         telegram:whale_alert_io:100208 in globalintel                         
INFO     👀 ✅ Verified storage for                              session.py:636
         telegram:whale_alert_io:100209 in globalintel                         
INFO     👀 ✅ Verified storage for                              session.py:636
         telegram:whale_alert_io:100210 in globalintel                         
INFO     👀 ✅ Verified storage for                              session.py:636
         telegram:whale_alert_io:100211 in globalintel                         
INFO     👀 ✅ Verified storage for                              session.py:636
         telegram:whale_alert_io:100212 in globalintel                         
INFO     👀 Status : Recv=58, Accepted=58, Limit=58/100              main.py:82
INFO     👀 ✅ Verified storage for telegram:ClashReport:81526   session.py:636
         in globalintel                                                        
INFO     👀 ✅ Verified storage for telegram:ClashReport:81527   session.py:636
         in globalintel                                                        
INFO     👀 ✅ Verified storage for telegram:ClashReport:81528   session.py:636
         in globalintel                                                        
INFO     👀 ✅ Verified storage for telegram:ClashReport:81529   session.py:636
         in globalintel                                                        
INFO     👀 ✅ Verified storage for telegram:ClashReport:81530   session.py:636
         in globalintel                                                        
INFO     👀 ✅ Verified storage for telegram:ClashReport:81531   session.py:636
         in globalintel                                                        
INFO     👀 ✅ Verified storage for telegram:ClashReport:81532   session.py:636
         in globalintel                                                        
INFO     👀 ✅ Verified storage for telegram:ClashReport:81533   session.py:636
         in globalintel                                                        
INFO     👀 ✅ Verified storage for telegram:ClashReport:81534   session.py:636
         in globalintel                                                        
INFO     👀 ✅ Verified storage for telegram:ClashReport:81535   session.py:636
         in globalintel                                                        
INFO     👀 ✅ Verified storage for telegram:ClashReport:81536   session.py:636
         in globalintel                                                        
INFO     👀 ✅ Verified storage for telegram:ClashReport:81537   session.py:636
         in globalintel                                                        
INFO     👀 ✅ Verified storage for telegram:ClashReport:81538   session.py:636
         in globalintel                                                        
INFO     👀 ✅ Verified storage for telegram:ClashReport:81539   session.py:636
         in globalintel                                                        
INFO     👀 ✅ Verified storage for telegram:ClashReport:81540   session.py:636
         in globalintel                                                        
INFO     👀 ✅ Verified storage for telegram:ClashReport:81541   session.py:636
         in globalintel                                                        
INFO     👀 ✅ Verified storage for telegram:ClashReport:81542   session.py:636
         in globalintel                                                        
INFO     👀 ✅ Verified storage for                              session.py:636
         telegram:abualiexpress:121753 in globalintel                          
INFO     👀 ✅ Verified storage for                              session.py:636
         telegram:abualiexpress:121754 in globalintel                          
INFO     👀 ✅ Verified storage for                              session.py:636
         telegram:abualiexpress:121755 in globalintel                          
INFO     👀 ✅ Verified storage for                              session.py:636
         telegram:abualiexpress:121756 in globalintel                          
INFO     👀 ✅ Verified storage for                              session.py:636
         telegram:abualiexpress:121757 in globalintel                          
INFO     👀 ✅ Verified storage for                              session.py:636
         telegram:abualiexpress:121758 in globalintel                          
INFO     👀 Status : Recv=82, Accepted=81, Limit=81/100              main.py:82
INFO     👀 ✅ Verified storage for                              session.py:636
         telegram:abualiexpress:121759 in globalintel                          
INFO     👀 ✅ Verified storage for                              session.py:636
         telegram:abualiexpress:121760 in globalintel                          
INFO     👀 ✅ Verified storage for                              session.py:636
         telegram:abualiexpress:121761 in globalintel                          
INFO     👀 ✅ Verified storage for                              session.py:636
         telegram:abualiexpress:121764 in globalintel                          
INFO     👀 ✅ Verified storage for                              session.py:636
         telegram:abualiexpress:121765 in globalintel                          
INFO     👀 ✅ Verified storage for                              session.py:636
         telegram:abualiexpress:121767 in globalintel                          
INFO     👀 ✅ Verified storage for                              session.py:636
         telegram:abualiexpress:121768 in globalintel                          
INFO     👀 ✅ Verified storage for                              session.py:636
         telegram:abualiexpress:121769 in globalintel                          
INFO     👀 ✅ Verified storage for                              session.py:636
         telegram:abualiexpress:121770 in globalintel                          
INFO     👀 ✅ Verified storage for                              session.py:636
         telegram:abualiexpress:121771 in globalintel                          
INFO     👀 ✅ Verified storage for                              session.py:636
         telegram:abualiexpress:121772 in globalintel                          
INFO     👀 ✅ Verified storage for                              session.py:636
         telegram:abualiexpress:121773 in globalintel                          
INFO     👀 ✅ Verified storage for                              session.py:636
         telegram:abualiexpress:121774 in globalintel                          
INFO     👀 ✅ Verified storage for                              session.py:636
         telegram:abualiexpress:121775 in globalintel                          
INFO     👀 ✅ Verified storage for                              session.py:636
         telegram:abualiexpress:121776 in globalintel                          
INFO     👀 ✅ Verified storage for                              session.py:636
         telegram:abualiexpress:121777 in globalintel                          
INFO     👀 ✅ Verified storage for telegram:DefenderDome:20601  session.py:636
         in globalintel                                                        
INFO     👀 ✅ Verified storage for telegram:DefenderDome:20602  session.py:636
         in globalintel                                                        
INFO     👀 ✅ Verified storage for telegram:DefenderDome:20603  session.py:636
         in globalintel                                                        
INFO     👀 Message limit reached (100). Stopping session.       session.py:650
INFO     👀 Stopping OsintTelegramSession 'default'              session.py:279
INFO     👀 Disconnecting from                             mtprotosender.py:325
         149.154.175.55:443/TcpFull...                                         
INFO     👀 Disconnection from 149.154.175.55:443/TcpFull  mtprotosender.py:345
         complete!                                                             
INFO     👀 [RabbitMQ Async] Conexão encerrada.   rabbitmq_provider_async.py:94
INFO     👀 [MQEventPublisher] stopped                   event_publisher.py:183
INFO     👀 Nenhuma sessão ativa (todas STOPPED). Encerrando         main.py:78
         bootstrapper...                                                       
INFO     👀 Stopping 1 active sessions...                          worker.py:57
INFO     👀 Stopping OsintTelegramSession 'default'              session.py:279
INFO     👀 Not disconnecting (already have no connection) mtprotosender.py:322
INFO     👀 Bootstrapper encerrado.                                  main.py:89
