INFO     👀 Logging system initialized                     logger_config.py:182
INFO     👀 Iniciando Bootstrapper de OSINT Telegram...              main.py:28
INFO     👀 [EnvConfig] 🔏 47 chaves marcadas como   env_config_manager.py:1072
         Secret no arquivo.                                                    
INFO     👀 [EnvConfig] 5 chaves bootstrap           env_config_manager.py:1025
         carregadas do arquivo.                                                
INFO     👀 [EnvConfig] 1 bootstrap secrets           env_config_manager.py:690
         carregados.                                                           
C:\Projects\forex_system\shared_lib\forex_shared\mongo_manager.py:128: UserWarning: You appear to be connected to a CosmosDB cluster. For more information regarding feature compatibility and support please visit https://www.mongodb.com/supportability/cosmosdb
  self.client = MongoClient(
INFO     👀 [MongoManager] Conectado via connection string mongo_manager.py:143
         | db=forex_system                                                     
INFO     👀 [MongoManager] bulk_sync(env_config): 0 novos, mongo_manager.py:208
         26 atualizados.                                                       
INFO     👀 [EnvConfig] 150 chaves sincronizadas com  env_config_manager.py:951
         MongoDB.                                                              
INFO     👀 [EnvConfig] 143 novas chaves setadas em   env_config_manager.py:886
         os.environ.                                                           
INFO     👀 [EnvConfig] 150 chaves recarregadas do    env_config_manager.py:965
         MongoDB.                                                              
INFO     👀 Worker resources (MongoDB store) initialized.          worker.py:47
INFO     👀 Enviando comando SESSION_CREATE para sessão 'default'    main.py:63
INFO     👀 Initialized feed log at                              session.py:127
         C:\Projects\forex_system\services\collector_events\coll               
         ector_events\extractors\osint_telegram\logs\osint_feed.               
         log                                                                   
INFO     👀 Initialized JSON log at                              session.py:136
         C:\Projects\forex_system\services\collector_events\coll               
         ector_events\extractors\osint_telegram\logs\osint_feed_               
         intel.json                                                            
INFO     👀 Starting OsintTelegramSession 'default'              session.py:236
INFO     👀 [RabbitMQ Async] Conectando:          rabbitmq_provider_async.py:53
         amqp://guest:guest@localhost:5672/                                    
INFO     👀 [RabbitMQ Async] Conectando:          rabbitmq_provider_async.py:62
         amqp://guest:guest@localhost:5672/                                    
INFO     👀 [RabbitMQ Async] Conectado. Exchange  rabbitmq_provider_async.py:85
         'forex_market_events' ativo.                                          
INFO     👀 [MQEventPublisher] started with 8 workers    event_publisher.py:136
INFO     👀 Connecting to 149.154.175.55:443/TcpFull...    mtprotosender.py:234
INFO     👀 Connection to 149.154.175.55:443/TcpFull       mtprotosender.py:285
         complete!                                                             
INFO     👀 Resolution summary: resolved=78 cache_hits=73        session.py:442
         cache_misses=5 skipped=0 failures=0 flood_waits=0                     
         live_resolves=5 duration=21.81s                                       
INFO     👀 OsintTelegramSession 'default' started with 78       session.py:280
         active channels in 23.20s                                             
INFO     👀 Session 'default' created and started.                 worker.py:97
INFO     👀 Worker aguardando processamento... (Limite de 100        main.py:72
         mensagens configurado)                                                
INFO     👀 Status : Recv=0, Accepted=0, Limit=0/100                 main.py:82
INFO     👀 ✅ Verified storage for                              session.py:654
         telegram:operativnoZSU:210286 in globalintel                          
INFO     👀 ✅ Verified storage for                              session.py:654
         telegram:financialjuice:111837 in globalintel                         
INFO     👀 ✅ Verified storage for                              session.py:654
         telegram:financialjuice:111838 in globalintel                         
INFO     👀 ✅ Verified storage for                              session.py:654
         telegram:financialjuice:111839 in globalintel                         
INFO     👀 ✅ Verified storage for                              session.py:654
         telegram:financialjuice:111840 in globalintel                         
INFO     👀 Status : Recv=6, Accepted=5, Limit=5/100                 main.py:82
INFO     👀 ✅ Verified storage for                              session.py:654
         telegram:financialjuice:111841 in globalintel                         
INFO     👀 ✅ Verified storage for                              session.py:654
         telegram:financialjuice:111842 in globalintel                         
INFO     👀 ✅ Verified storage for                              session.py:654
         telegram:financialjuice:111843 in globalintel                         
INFO     👀 ✅ Verified storage for                              session.py:654
         telegram:financialjuice:111844 in globalintel                         
INFO     👀 ✅ Verified storage for                              session.py:654
         telegram:financialjuice:111845 in globalintel                         
INFO     👀 ✅ Verified storage for                              session.py:654
         telegram:financialjuice:111846 in globalintel                         
INFO     👀 ✅ Verified storage for                              session.py:654
         telegram:financialjuice:111847 in globalintel                         
INFO     👀 ✅ Verified storage for                              session.py:654
         telegram:financialjuice:111848 in globalintel                         
INFO     👀 ✅ Verified storage for                              session.py:654
         telegram:financialjuice:111849 in globalintel                         
INFO     👀 ✅ Verified storage for                              session.py:654
         telegram:financialjuice:111850 in globalintel                         
INFO     👀 ✅ Verified storage for                              session.py:654
         telegram:financialjuice:111851 in globalintel                         
INFO     👀 ✅ Verified storage for                              session.py:654
         telegram:financialjuice:111852 in globalintel                         
INFO     👀 ✅ Verified storage for                              session.py:654
         telegram:financialjuice:111853 in globalintel                         
INFO     👀 ✅ Verified storage for                              session.py:654
         telegram:financialjuice:111854 in globalintel                         
INFO     👀 ✅ Verified storage for                              session.py:654
         telegram:financialjuice:111855 in globalintel                         
INFO     👀 Status : Recv=21, Accepted=20, Limit=20/100              main.py:82
INFO     👀 ✅ Verified storage for                              session.py:654
         telegram:financialjuice:111856 in globalintel                         
INFO     👀 ✅ Verified storage for                              session.py:654
         telegram:financialjuice:111857 in globalintel                         
INFO     👀 ✅ Verified storage for                              session.py:654
         telegram:financialjuice:111858 in globalintel                         
INFO     👀 ✅ Verified storage for                              session.py:654
         telegram:financialjuice:111859 in globalintel                         
INFO     👀 ✅ Verified storage for                              session.py:654
         telegram:financialjuice:111860 in globalintel                         
INFO     👀 ✅ Verified storage for                              session.py:654
         telegram:financialjuice:111861 in globalintel                         
INFO     👀 ✅ Verified storage for telegram:firstsquaw:131723   session.py:654
         in globalintel                                                        
INFO     👀 ✅ Verified storage for telegram:firstsquaw:131724   session.py:654
         in globalintel                                                        
INFO     👀 Status : Recv=29, Accepted=28, Limit=28/100              main.py:82
INFO     👀 ✅ Verified storage for telegram:firstsquaw:131725   session.py:654
         in globalintel                                                        
INFO     👀 ✅ Verified storage for telegram:firstsquaw:131726   session.py:654
         in globalintel                                                        
INFO     👀 ✅ Verified storage for telegram:firstsquaw:131727   session.py:654
         in globalintel                                                        
INFO     👀 ✅ Verified storage for telegram:firstsquaw:131728   session.py:654
         in globalintel                                                        
INFO     👀 ✅ Verified storage for telegram:firstsquaw:131729   session.py:654
         in globalintel                                                        
INFO     👀 ✅ Verified storage for telegram:firstsquaw:131730   session.py:654
         in globalintel                                                        
INFO     👀 ✅ Verified storage for telegram:firstsquaw:131731   session.py:654
         in globalintel                                                        
INFO     👀 ✅ Verified storage for telegram:firstsquaw:131732   session.py:654
         in globalintel                                                        
INFO     👀 ✅ Verified storage for telegram:firstsquaw:131733   session.py:654
         in globalintel                                                        
INFO     👀 ✅ Verified storage for telegram:firstsquaw:131734   session.py:654
         in globalintel                                                        
INFO     👀 ✅ Verified storage for telegram:firstsquaw:131735   session.py:654
         in globalintel                                                        
INFO     👀 ✅ Verified storage for telegram:firstsquaw:131736   session.py:654
         in globalintel                                                        
INFO     👀 ✅ Verified storage for telegram:firstsquaw:131737   session.py:654
         in globalintel                                                        
INFO     👀 ✅ Verified storage for telegram:firstsquaw:131738   session.py:654
         in globalintel                                                        
INFO     👀 ✅ Verified storage for telegram:firstsquaw:131739   session.py:654
         in globalintel                                                        
INFO     👀 ✅ Verified storage for telegram:firstsquaw:131740   session.py:654
         in globalintel                                                        
INFO     👀 ✅ Verified storage for telegram:firstsquaw:131741   session.py:654
         in globalintel                                                        
INFO     👀 ✅ Verified storage for telegram:firstsquaw:131742   session.py:654
         in globalintel                                                        
INFO     👀 ✅ Verified storage for telegram:firstsquaw:131743   session.py:654
         in globalintel                                                        
INFO     👀 ✅ Verified storage for telegram:firstsquaw:131744   session.py:654
         in globalintel                                                        
INFO     👀 Status : Recv=49, Accepted=48, Limit=48/100              main.py:82
INFO     👀 ✅ Verified storage for telegram:firstsquaw:131745   session.py:654
         in globalintel                                                        
INFO     👀 ✅ Verified storage for telegram:firstsquaw:131746   session.py:654
         in globalintel                                                        
INFO     👀 ✅ Verified storage for telegram:firstsquaw:131747   session.py:654
         in globalintel                                                        
INFO     👀 ✅ Verified storage for                              session.py:654
         telegram:whale_alert_io:100214 in globalintel                         
INFO     👀 ✅ Verified storage for telegram:DefenderDome:20604  session.py:654
         in globalintel                                                        
INFO     👀 ✅ Verified storage for telegram:DefenderDome:20605  session.py:654
         in globalintel                                                        
INFO     👀 Status : Recv=54, Accepted=54, Limit=54/100              main.py:82
INFO     👀 ✅ Verified storage for                              session.py:654
         telegram:casusbellilive:254788 in globalintel                         
INFO     👀 ✅ Verified storage for                              session.py:654
         telegram:casusbellilive:254789 in globalintel                         
INFO     👀 ✅ Verified storage for                              session.py:654
         telegram:casusbellilive:254790 in globalintel                         
INFO     👀 ✅ Verified storage for                              session.py:654
         telegram:casusbellilive:254791 in globalintel                         
INFO     👀 ✅ Verified storage for                              session.py:654
         telegram:casusbellilive:254793 in globalintel                         
INFO     👀 Status : Recv=60, Accepted=59, Limit=59/100              main.py:82
INFO     👀 ✅ Verified storage for                              session.py:654
         telegram:casusbellilive:254795 in globalintel                         
INFO     👀 ✅ Verified storage for                              session.py:654
         telegram:casusbellilive:254796 in globalintel                         
INFO     👀 ✅ Verified storage for                              session.py:654
         telegram:casusbellilive:254797 in globalintel                         
INFO     👀 ✅ Verified storage for                              session.py:654
         telegram:casusbellilive:254798 in globalintel                         
INFO     👀 ✅ Verified storage for                              session.py:654
         telegram:casusbellilive:254799 in globalintel                         
INFO     👀 ✅ Verified storage for                              session.py:654
         telegram:casusbellilive:254800 in globalintel                         
INFO     👀 ✅ Verified storage for                              session.py:654
         telegram:casusbellilive:254801 in globalintel                         
INFO     👀 ✅ Verified storage for                              session.py:654
         telegram:casusbellilive:254802 in globalintel                         
INFO     👀 ✅ Verified storage for                              session.py:654
         telegram:casusbellilive:254803 in globalintel                         
INFO     👀 ✅ Verified storage for                              session.py:654
         telegram:casusbellilive:254804 in globalintel                         
INFO     👀 ✅ Verified storage for                              session.py:654
         telegram:casusbellilive:254805 in globalintel                         
INFO     👀 ✅ Verified storage for                              session.py:654
         telegram:casusbellilive:254806 in globalintel                         
INFO     👀 ✅ Verified storage for                              session.py:654
         telegram:casusbellilive:254807 in globalintel                         
INFO     👀 Status : Recv=72, Accepted=72, Limit=72/100              main.py:82
INFO     👀 ✅ Verified storage for telegram:vxunderground:8811  session.py:654
         in globalintel                                                        
INFO     👀 ✅ Verified storage for                              session.py:654
         telegram:BellumActaNews:172227 in globalintel                         
INFO     👀 Status : Recv=75, Accepted=74, Limit=74/100              main.py:82
INFO     👀 ✅ Verified storage for                              session.py:654
         telegram:BellumActaNews:172228 in globalintel                         
INFO     👀 ✅ Verified storage for                              session.py:654
         telegram:BellumActaNews:172229 in globalintel                         
INFO     👀 ✅ Verified storage for                              session.py:654
         telegram:BellumActaNews:172230 in globalintel                         
INFO     👀 ✅ Verified storage for                              session.py:654
         telegram:BellumActaNews:172231 in globalintel                         
INFO     👀 ✅ Verified storage for                              session.py:654
         telegram:BellumActaNews:172236 in globalintel                         
INFO     👀 ✅ Verified storage for                              session.py:654
         telegram:BellumActaNews:172238 in globalintel                         
INFO     👀 ✅ Verified storage for                              session.py:654
         telegram:BellumActaNews:172239 in globalintel                         
INFO     👀 Status : Recv=82, Accepted=81, Limit=81/100              main.py:82
INFO     👀 ✅ Verified storage for                              session.py:654
         telegram:BellumActaNews:172240 in globalintel                         
INFO     👀 ✅ Verified storage for telegram:CIG_telegram:74928  session.py:654
         in globalintel                                                        
INFO     👀 ✅ Verified storage for telegram:CIG_telegram:74930  session.py:654
         in globalintel                                                        
INFO     👀 ✅ Verified storage for telegram:CIG_telegram:74931  session.py:654
         in globalintel                                                        
INFO     👀 ✅ Verified storage for telegram:CIG_telegram:74932  session.py:654
         in globalintel                                                        
INFO     👀 ✅ Verified storage for telegram:CIG_telegram:74933  session.py:654
         in globalintel                                                        
INFO     👀 ✅ Verified storage for telegram:CIG_telegram:74936  session.py:654
         in globalintel                                                        
INFO     👀 Status : Recv=88, Accepted=88, Limit=88/100              main.py:82
INFO     👀 ✅ Verified storage for telegram:israelwarroom:873   session.py:654
         in globalintel                                                        
INFO     👀 ✅ Verified storage for telegram:israelwarroom:874   session.py:654
         in globalintel                                                        
INFO     👀 ✅ Verified storage for telegram:israelwarroom:875   session.py:654
         in globalintel                                                        
INFO     👀 ✅ Verified storage for telegram:israelwarroom:876   session.py:654
         in globalintel                                                        
INFO     👀 ✅ Verified storage for telegram:israelwarroom:877   session.py:654
         in globalintel                                                        
INFO     👀 ✅ Verified storage for telegram:israelwarroom:878   session.py:654
         in globalintel                                                        
INFO     👀 ✅ Verified storage for telegram:israelwarroom:879   session.py:654
         in globalintel                                                        
INFO     👀 Status : Recv=96, Accepted=95, Limit=95/100              main.py:82
INFO     👀 ✅ Verified storage for telegram:israelwarroom:880   session.py:654
         in globalintel                                                        
INFO     👀 ✅ Verified storage for telegram:israelwarroom:881   session.py:654
         in globalintel                                                        
INFO     👀 ✅ Verified storage for telegram:israelwarroom:882   session.py:654
         in globalintel                                                        
INFO     👀 ✅ Verified storage for telegram:israelwarroom:883   session.py:654
         in globalintel                                                        
INFO     👀 ✅ Verified storage for telegram:israelwarroom:886   session.py:654
         in globalintel                                                        
INFO     👀 Message limit reached (100). Stopping session.       session.py:668
INFO     👀 Stopping OsintTelegramSession 'default'              session.py:289
INFO     👀 Disconnecting from                             mtprotosender.py:325
         149.154.175.55:443/TcpFull...                                         
INFO     👀 Disconnection from 149.154.175.55:443/TcpFull  mtprotosender.py:345
         complete!                                                             
INFO     👀 [RabbitMQ Async] Conexão encerrada.   rabbitmq_provider_async.py:94
INFO     👀 [MQEventPublisher] stopped                   event_publisher.py:183
INFO     👀 Nenhuma sessão ativa (todas STOPPED). Encerrando         main.py:78
         bootstrapper...                                                       
INFO     👀 Stopping 1 active sessions...                          worker.py:57
INFO     👀 Stopping OsintTelegramSession 'default'              session.py:289
INFO     👀 Not disconnecting (already have no connection) mtprotosender.py:322
INFO     👀 Bootstrapper encerrado.                                  main.py:89
