INFO     👀 Logging system initialized                     logger_config.py:182
INFO     👀 Iniciando Bootstrapper de OSINT Telegram...              main.py:28
INFO     👀 [EnvConfig] 🔏 47 chaves marcadas como   env_config_manager.py:1072
         Secret no arquivo.                                                    
INFO     👀 [EnvConfig] 5 chaves bootstrap           env_config_manager.py:1025
         carregadas do arquivo.                                                
INFO     👀 [EnvConfig] 1 bootstrap secrets           env_config_manager.py:690
         carregados.                                                           
C:\Projects\forex_system\shared_lib\forex_shared\mongo_manager.py:128: UserWarning: You appear to be connected to a CosmosDB cluster. For more information regarding feature compatibility and support please visit https://www.mongodb.com/supportability/cosmosdb
  self.client = MongoClient(
INFO     👀 [MongoManager] Conectado via connection string mongo_manager.py:143
         | db=forex_system                                                     
INFO     👀 [MongoManager] bulk_sync(env_config): 0 novos, mongo_manager.py:208
         26 atualizados.                                                       
INFO     👀 [EnvConfig] 150 chaves sincronizadas com  env_config_manager.py:951
         MongoDB.                                                              
INFO     👀 [EnvConfig] 143 novas chaves setadas em   env_config_manager.py:886
         os.environ.                                                           
INFO     👀 [EnvConfig] 150 chaves recarregadas do    env_config_manager.py:965
         MongoDB.                                                              
INFO     👀 Worker resources (MongoDB store) initialized.          worker.py:47
INFO     👀 Enviando comando SESSION_CREATE para sessão 'default'    main.py:63
INFO     👀 Initialized feed log at                              session.py:132
         C:\Projects\forex_system\services\collector_events\coll               
         ector_events\extractors\osint_telegram\logs\osint_feed.               
         log                                                                   
INFO     👀 Initialized JSON log at                              session.py:141
         C:\Projects\forex_system\services\collector_events\coll               
         ector_events\extractors\osint_telegram\logs\osint_feed_               
         intel.json                                                            
INFO     👀 Starting OsintTelegramSession 'default'              session.py:241
INFO     👀 [RabbitMQ Async] Conectando:          rabbitmq_provider_async.py:53
         amqp://guest:guest@localhost:5672/                                    
INFO     👀 [RabbitMQ Async] Conectando:          rabbitmq_provider_async.py:62
         amqp://guest:guest@localhost:5672/                                    
INFO     👀 [RabbitMQ Async] Conectado. Exchange  rabbitmq_provider_async.py:85
         'forex_market_events' ativo.                                          
INFO     👀 [MQEventPublisher] started with 8 workers    event_publisher.py:136
INFO     👀 Connecting to 149.154.175.55:443/TcpFull...    mtprotosender.py:234
INFO     👀 Connection to 149.154.175.55:443/TcpFull       mtprotosender.py:285
         complete!                                                             
INFO     👀 Resolution summary: resolved=78 cache_hits=78        session.py:449
         cache_misses=0 skipped=0 failures=0 flood_waits=0                     
         live_resolves=0 duration=27.28s                                       
INFO     👀 OsintTelegramSession 'default' started with 78       session.py:285
         active channels in 28.47s                                             
INFO     👀 Session 'default' created and started.                 worker.py:97
INFO     👀 Worker aguardando processamento... (Limite de 100        main.py:72
         mensagens configurado)                                                
INFO     👀 Status : Recv=0, Accepted=0, Limit=0/100                 main.py:82
INFO     👀 ✅ Verified storage for telegram:firstsquaw:131773   session.py:704
         in globalintel                                                        
INFO     👀 ✅ Verified storage for telegram:firstsquaw:131774   session.py:704
         in globalintel                                                        
INFO     👀 ✅ Verified storage for telegram:firstsquaw:131775   session.py:704
         in globalintel                                                        
INFO     👀 Status : Recv=4, Accepted=3, Limit=3/100                 main.py:82
INFO     👀 ✅ Verified storage for telegram:firstsquaw:131776   session.py:704
         in globalintel                                                        
INFO     👀 ✅ Verified storage for telegram:firstsquaw:131777   session.py:704
         in globalintel                                                        
INFO     👀 ✅ Verified storage for telegram:firstsquaw:131778   session.py:704
         in globalintel                                                        
INFO     👀 ✅ Verified storage for telegram:firstsquaw:131779   session.py:704
         in globalintel                                                        
INFO     👀 ✅ Verified storage for telegram:firstsquaw:131780   session.py:704
         in globalintel                                                        
INFO     👀 ✅ Verified storage for telegram:firstsquaw:131781   session.py:704
         in globalintel                                                        
INFO     👀 ✅ Verified storage for telegram:firstsquaw:131782   session.py:704
         in globalintel                                                        
INFO     👀 ✅ Verified storage for telegram:firstsquaw:131783   session.py:704
         in globalintel                                                        
INFO     👀 ✅ Verified storage for telegram:firstsquaw:131784   session.py:704
         in globalintel                                                        
INFO     👀 ✅ Verified storage for telegram:firstsquaw:131785   session.py:704
         in globalintel                                                        
INFO     👀 ✅ Verified storage for telegram:firstsquaw:131786   session.py:704
         in globalintel                                                        
INFO     👀 ✅ Verified storage for telegram:firstsquaw:131787   session.py:704
         in globalintel                                                        
INFO     👀 Status : Recv=16, Accepted=15, Limit=15/100              main.py:82
INFO     👀 ✅ Verified storage for telegram:firstsquaw:131788   session.py:704
         in globalintel                                                        
INFO     👀 ✅ Verified storage for telegram:firstsquaw:131789   session.py:704
         in globalintel                                                        
INFO     👀 ✅ Verified storage for telegram:firstsquaw:131790   session.py:704
         in globalintel                                                        
INFO     👀 ✅ Verified storage for telegram:firstsquaw:131791   session.py:704
         in globalintel                                                        
INFO     👀 ✅ Verified storage for telegram:firstsquaw:131792   session.py:704
         in globalintel                                                        
INFO     👀 ✅ Verified storage for telegram:firstsquaw:131793   session.py:704
         in globalintel                                                        
INFO     👀 Status : Recv=22, Accepted=21, Limit=21/100              main.py:82
INFO     👀 ✅ Verified storage for telegram:firstsquaw:131794   session.py:704
         in globalintel                                                        
INFO     👀 ✅ Verified storage for telegram:firstsquaw:131795   session.py:704
         in globalintel                                                        
INFO     👀 ✅ Verified storage for telegram:firstsquaw:131796   session.py:704
         in globalintel                                                        
INFO     👀 Status : Recv=25, Accepted=24, Limit=24/100              main.py:82
INFO     👀 ✅ Verified storage for telegram:firstsquaw:131797   session.py:704
         in globalintel                                                        
INFO     👀 ✅ Verified storage for telegram:zerohedge:172091 in session.py:704
         globalintel                                                           
INFO     👀 Status : Recv=26, Accepted=26, Limit=26/100              main.py:82
INFO     👀 ✅ Verified storage for telegram:DefenderDome:20606  session.py:704
         in globalintel                                                        
INFO     👀 Status : Recv=28, Accepted=27, Limit=27/100              main.py:82
INFO     👀 ✅ Verified storage for                              session.py:704
         telegram:casusbellilive:254829 in globalintel                         
INFO     👀 ✅ Verified storage for                              session.py:704
         telegram:casusbellilive:254830 in globalintel                         
INFO     👀 ✅ Verified storage for                              session.py:704
         telegram:casusbellilive:254831 in globalintel                         
INFO     👀 ✅ Verified storage for                              session.py:704
         telegram:casusbellilive:254832 in globalintel                         
INFO     👀 ✅ Verified storage for                              session.py:704
         telegram:casusbellilive:254835 in globalintel                         
INFO     👀 ✅ Verified storage for                              session.py:704
         telegram:casusbellilive:254836 in globalintel                         
INFO     👀 ✅ Verified storage for                              session.py:704
         telegram:casusbellilive:254837 in globalintel                         
INFO     👀 ✅ Verified storage for                              session.py:704
         telegram:casusbellilive:254838 in globalintel                         
INFO     👀 ✅ Verified storage for                              session.py:704
         telegram:casusbellilive:254839 in globalintel                         
INFO     👀 ✅ Verified storage for telegram:disclosetv:21081 in session.py:704
         globalintel                                                           
INFO     👀 Status : Recv=37, Accepted=37, Limit=37/100              main.py:82
INFO     👀 ✅ Verified storage for telegram:kpszsu:61446 in     session.py:704
         globalintel                                                           
INFO     👀 Status : Recv=38, Accepted=38, Limit=38/100              main.py:82
INFO     👀 ✅ Verified storage for                              session.py:704
         telegram:BellumActaNews:172256 in globalintel                         
INFO     👀 ✅ Verified storage for                              session.py:704
         telegram:BellumActaNews:172257 in globalintel                         
INFO     👀 ✅ Verified storage for                              session.py:704
         telegram:BellumActaNews:172258 in globalintel                         
INFO     👀 ✅ Verified storage for                              session.py:704
         telegram:BellumActaNews:172259 in globalintel                         
INFO     👀 ✅ Verified storage for                              session.py:704
         telegram:BellumActaNews:172260 in globalintel                         
INFO     👀 ✅ Verified storage for                              session.py:704
         telegram:BellumActaNews:172261 in globalintel                         
INFO     👀 ✅ Verified storage for                              session.py:704
         telegram:BellumActaNews:172262 in globalintel                         
INFO     👀 ✅ Verified storage for                              session.py:704
         telegram:BellumActaNews:172263 in globalintel                         
INFO     👀 ✅ Verified storage for                              session.py:704
         telegram:BellumActaNews:172264 in globalintel                         
INFO     👀 ✅ Verified storage for                              session.py:704
         telegram:BellumActaNews:172265 in globalintel                         
INFO     👀 ✅ Verified storage for                              session.py:704
         telegram:BellumActaNews:172269 in globalintel                         
INFO     👀 ✅ Verified storage for                              session.py:704
         telegram:BellumActaNews:172270 in globalintel                         
INFO     👀 Status : Recv=50, Accepted=50, Limit=50/100              main.py:82
INFO     👀 ✅ Verified storage for telegram:israelwarroom:902   session.py:704
         in globalintel                                                        
INFO     👀 ✅ Verified storage for telegram:israelwarroom:903   session.py:704
         in globalintel                                                        
INFO     👀 ✅ Verified storage for telegram:israelwarroom:904   session.py:704
         in globalintel                                                        
INFO     👀 ✅ Verified storage for telegram:israelwarroom:906   session.py:704
         in globalintel                                                        
INFO     👀 ✅ Verified storage for telegram:israelwarroom:907   session.py:704
         in globalintel                                                        
INFO     👀 Status : Recv=56, Accepted=55, Limit=55/100              main.py:82
INFO     👀 ✅ Verified storage for telegram:israelwarroom:908   session.py:704
         in globalintel                                                        
INFO     👀 ✅ Verified storage for telegram:israelwarroom:909   session.py:704
         in globalintel                                                        
INFO     👀 ✅ Verified storage for telegram:israelwarroom:910   session.py:704
         in globalintel                                                        
INFO     👀 ✅ Verified storage for telegram:israelwarroom:911   session.py:704
         in globalintel                                                        
INFO     👀 ✅ Verified storage for telegram:israelwarroom:912   session.py:704
         in globalintel                                                        
INFO     👀 ✅ Verified storage for telegram:israelwarroom:913   session.py:704
         in globalintel                                                        
INFO     👀 ✅ Verified storage for telegram:israelwarroom:914   session.py:704
         in globalintel                                                        
INFO     👀 ✅ Verified storage for telegram:milinfolive:171804  session.py:704
         in globalintel                                                        
INFO     👀 ✅ Verified storage for telegram:milinfolive:171812  session.py:704
         in globalintel                                                        
INFO     👀 ✅ Verified storage for telegram:milinfolive:171815  session.py:704
         in globalintel                                                        
INFO     👀 Status : Recv=65, Accepted=65, Limit=65/100              main.py:82
INFO     👀 ✅ Verified storage for telegram:UkraineNow:80995 in session.py:704
         globalintel                                                           
INFO     👀 ✅ Verified storage for telegram:UkraineNow:80996 in session.py:704
         globalintel                                                           
INFO     👀 ✅ Verified storage for telegram:UkraineNow:80997 in session.py:704
         globalintel                                                           
INFO     👀 ✅ Verified storage for telegram:UkraineNow:80998 in session.py:704
         globalintel                                                           
INFO     👀 ✅ Verified storage for telegram:UkraineNow:80999 in session.py:704
         globalintel                                                           
INFO     👀 Status : Recv=70, Accepted=70, Limit=70/100              main.py:82
INFO     👀 ✅ Verified storage for                              session.py:704
         telegram:DDGeopolitics:183539 in globalintel                          
INFO     👀 ✅ Verified storage for                              session.py:704
         telegram:DDGeopolitics:183540 in globalintel                          
INFO     👀 ✅ Verified storage for                              session.py:704
         telegram:DDGeopolitics:183541 in globalintel                          
INFO     👀 ✅ Verified storage for                              session.py:704
         telegram:DDGeopolitics:183542 in globalintel                          
INFO     👀 ✅ Verified storage for                              session.py:704
         telegram:DDGeopolitics:183543 in globalintel                          
INFO     👀 ✅ Verified storage for                              session.py:704
         telegram:DDGeopolitics:183544 in globalintel                          
INFO     👀 ✅ Verified storage for                              session.py:704
         telegram:DDGeopolitics:183545 in globalintel                          
INFO     👀 ✅ Verified storage for                              session.py:704
         telegram:DDGeopolitics:183546 in globalintel                          
INFO     👀 ✅ Verified storage for                              session.py:704
         telegram:DDGeopolitics:183547 in globalintel                          
INFO     👀 ✅ Verified storage for                              session.py:704
         telegram:DDGeopolitics:183557 in globalintel                          
INFO     👀 Status : Recv=81, Accepted=80, Limit=80/100              main.py:82
INFO     👀 ✅ Verified storage for                              session.py:704
         telegram:DDGeopolitics:183558 in globalintel                          
INFO     👀 ✅ Verified storage for                              session.py:704
         telegram:FotrosResistancee:21442 in globalintel                       
INFO     👀 ✅ Verified storage for                              session.py:704
         telegram:FotrosResistancee:21443 in globalintel                       
INFO     👀 ✅ Verified storage for                              session.py:704
         telegram:FotrosResistancee:21444 in globalintel                       
INFO     👀 ✅ Verified storage for                              session.py:704
         telegram:FotrosResistancee:21445 in globalintel                       
INFO     👀 ✅ Verified storage for                              session.py:704
         telegram:FotrosResistancee:21446 in globalintel                       
INFO     👀 ✅ Verified storage for                              session.py:704
         telegram:FotrosResistancee:21447 in globalintel                       
INFO     👀 ✅ Verified storage for                              session.py:704
         telegram:FotrosResistancee:21448 in globalintel                       
INFO     👀 ✅ Verified storage for                              session.py:704
         telegram:FotrosResistancee:21449 in globalintel                       
INFO     👀 Status : Recv=89, Accepted=89, Limit=89/100              main.py:82
INFO     👀 ✅ Verified storage for                              session.py:704
         telegram:geopolitics_prime:69213 in globalintel                       
INFO     👀 ✅ Verified storage for                              session.py:704
         telegram:geopolitics_prime:69214 in globalintel                       
INFO     👀 ✅ Verified storage for                              session.py:704
         telegram:geopolitics_prime:69215 in globalintel                       
INFO     👀 ✅ Verified storage for                              session.py:704
         telegram:geopolitics_prime:69216 in globalintel                       
INFO     👀 Status : Recv=94, Accepted=93, Limit=93/100              main.py:82
INFO     👀 ✅ Verified storage for                              session.py:704
         telegram:geopolitics_prime:69217 in globalintel                       
INFO     👀 ✅ Verified storage for                              session.py:704
         telegram:geopolitics_prime:69219 in globalintel                       
INFO     👀 ✅ Verified storage for                              session.py:704
         telegram:geopolitics_prime:69220 in globalintel                       
INFO     👀 ✅ Verified storage for                              session.py:704
         telegram:geopolitics_prime:69223 in globalintel                       
INFO     👀 ✅ Verified storage for                              session.py:704
         telegram:geopolitics_prime:69224 in globalintel                       
INFO     👀 ✅ Verified storage for                              session.py:704
         telegram:geopolitics_prime:69225 in globalintel                       
INFO     👀 ✅ Verified storage for                              session.py:704
         telegram:geopolitics_prime:69226 in globalintel                       
INFO     👀 Message limit reached (100). Stopping session.       session.py:718
INFO     👀 Stopping OsintTelegramSession 'default'              session.py:294
INFO     👀 Disconnecting from                             mtprotosender.py:325
         149.154.175.55:443/TcpFull...                                         
INFO     👀 Disconnection from 149.154.175.55:443/TcpFull  mtprotosender.py:345
         complete!                                                             
INFO     👀 [RabbitMQ Async] Conexão encerrada.   rabbitmq_provider_async.py:94
INFO     👀 [MQEventPublisher] stopped                   event_publisher.py:183
INFO     👀 Nenhuma sessão ativa (todas STOPPED). Encerrando         main.py:78
         bootstrapper...                                                       
INFO     👀 Stopping 1 active sessions...                          worker.py:57
INFO     👀 Stopping OsintTelegramSession 'default'              session.py:294
INFO     👀 Not disconnecting (already have no connection) mtprotosender.py:322
INFO     👀 Bootstrapper encerrado.                                  main.py:89
