────────────────────────────────────────────────────────────────────────────────────────────────
🟢 #000282  2026-04-29T18:43:10+00:00  [BACKFILL]
📣 @OsintUpdates · Osint Updates
🏷️  topic=osint  tags=telegram, osint, global
🔗 https://t.me/OsintUpdates/5918
👀 views=3,095  ↗ forwards=3  🕯️ published=2025-08-05T13:54:25+00:00
💬 Message
   ⚡ DRDO guest house manager detained for spying for Pakistan: Mahendra Prasad, manager of the
   DRDO guest house in Pokhran, was arrested by security agencies on suspicion of spying for
   Pakistan. Calls traced to Pakistan were found on his phone. Accused of leaking sensitive
   information on army and scientists, he will be handed to the Joint Interrogation Committee.
   Investigation is ongoing
➡️No translation needed
────────────────────────────────────────────────────────────────────────────────────────────────
🟢 #000001  2026-04-29T18:43:03+00:00  [BACKFILL]
📣 @VahidOnline · Vahid Online
🏷️  topic=geopolitics  tags=telegram, geopolitics, iran
🔗 https://t.me/VahidOnline/75080
👀 views=271,667  ↗ forwards=1,118  🕯️ published=2026-04-28T20:51:14+00:00
💬 Message
   دونالد ترامپ، رئیس‌جمهور آمریکا، در جریان مراسمی در کاخ سفید با حضور پادشاه بریتانیا، با
   اشاره به خاطرات شخصی خود از مادرش، از علاقه او به خانواده سلطنتی بریتانیا سخن گفت. ترامپ در
   این مراسم گفت مادرش «عاشق ملکه بود» و هر زمان که مراسمی مرتبط با خانواده سلطنتی برگزار
   می‌شد، «با دقت آن را از تلویزیون دنبال می‌کرد.» او افزود مادرش بارها با اشاره به مراسم‌های
   سلطنتی به او می‌گفته: «ببین دونالد، چقدر زیباست» و تأکید کرد که او «واقعاً خانواده سلطنتی را
   دوست داشت.» رئیس‌جمهور آمریکا همچنین با اشاره به دوران جوانی چارلز سوم، پادشاه کنونی
   بریتانیا، گفت مادرش درباره او گفته بود: «نگاه کن، چارلز جوان... چقدر دوست‌داشتنی است» و با
   لحنی طنزآمیز افزود: «مادرم روی چارلز کراش داشت.» ترامپ در پایان با اشاره‌ای احساسی گفت اکنون
   با خود فکر می‌کند که مادرش «در این لحظه چه فکری می‌کند.» @VahidOOnLine 📡 @
⚡Translation from Persian (pes_Arab): 42.1 seconds
   Trump said his mother was a mistress of the British royal family and watched it on TV
   whenever a ceremony related to the royal family was held. He added that his mother repeatedly
   told him, referring to royal ceremonies: "Baby, Donald is so beautiful", and stressed that
   she really loved the royal family.
────────────────────────────────────────────────────────────────────────────────────────────────
🟢 #000002  2026-04-29T18:43:03+00:00  [BACKFILL]
📣 @VahidOnline · Vahid Online
🏷️  topic=geopolitics  tags=telegram, geopolitics, iran
🔗 https://t.me/VahidOnline/75081
👀 views=155,712  ↗ forwards=291  🕯️ published=2026-04-29T14:37:47+00:00
💬 Message
   هشدار ترامپ به جمهوری اسلامی: بلد نیستید توافق غیرهسته‌ای امضا کنید، بهتر است زودتر عاقل
   شوید دونالد ترامپ، رئیس جمهوری آمریکا روز چهارشنبه نهم اردیبهشت ماه پیامی هشدار و تهدیدآمیز
   خطاب به جمهوری اسلامی منتشر کرد. ترامپ در این پیام که با یک عکس از خودش با اسلحه و تصویر
   انفجارهای متعدد در پس زمینه، منتشر شده است نوشت: «ایران نمی‌تواند خودش را جمع‌وجور کند.
   آن‌ها نمی‌دانند چگونه یک توافق غیرهسته‌ای امضا کنند. بهتر است هر چه زودتر عاقل شوند!» در
   بالای تصویر ترامپ مسلح آمده است: «دیگر خبری از آقای مهربان نیست». @VahidOOnLine 📡
   @VahidOnline
⚡Translation from Persian (pes_Arab): 52.6 seconds
   Trump warned the Islamic Republic: You don't know how to sign a non-binding agreement, you
   better be smart early. Donald Trump, the president of the United States, issued a warning and
   threatening message to the Islamic Republic on Wednesday, the 9th of July. Trump posted a
   photo of himself with a gun and a picture of multiple explosions in the background, writing:
   "Iran can't pull itself together. They don't know how to sign a non-binding agreement.
────────────────────────────────────────────────────────────────────────────────────────────────
🟢 #000003  2026-04-29T18:43:03+00:00  [BACKFILL]
📣 @VahidOnline · Vahid Online
🏷️  topic=geopolitics  tags=telegram, geopolitics, iran
🔗 https://t.me/VahidOnline/75082
👀 views=147,616  ↗ forwards=124  🕯️ published=2026-04-29T14:38:32+00:00
💬 Message
   اسکات بسنت، وزیر دارایی آمریکا در شبکه اجتماعی ایکس نوشت که در ادامه سیاست «فشار حداکثری»
   رئیس‌جمهور آمریکا، نرخ تورم در ایران دو برابر شد و ارزش پول ملی آن کشور به‌سرعت کاهش یافت.
   آقای بسنت می‌گوید که این اقدامات در چارچوب برنامه «فشار اقتصادی شدید»، زیرساخت‌های «بانکداری
   سایه»‌ ایران در سطح بین‌المللی، دسترسی آن کشور به رمزارزها، ناوگان پنهان حمل‌ونقل، شبکه‌های
   تامین تسلیحات، منابع مالی گروه‌های نیابتی در منطقه و همچنین پالایشگاه‌های مستقل چینی موسوم
   به «تی‌پات» را که از تجارت نفت ایران حمایت می‌کنند، هدف قرار داده و تحریم کرده است. به گفته
   او، این اقدامات آمریکا جریان ده‌ها میلیارد دلار درآمدی را که می‌توانست صرف تامین مالی
   «فعالیت‌های تروریستی» شود، مختل کرده است. پیشتر دفتر کنترل دارایی‌های خارجی وزارت دارایی
   آمریکا اعلام کرده بود که ۳۵ نهاد و فرد مرتبط با ایران را که در «ساختار بازی» قرار دارند،
⚡Translation from Persian (pes_Arab): 1.0 mins
   Scott Bassent, US Treasury Secretary, wrote on the social network X that following the US
   president's "maximum pressure" policy, inflation rates in Iran doubled and the value of the
   country's national currency declined rapidly. Mr Bassent says the measures have been targeted
   and sanctioned as part of the "Severe Economic Crisis" program, Iran's shadow banking
   infrastructure internationally, its access to crypto-currencies, hidden transport fleets,
   weapons supply networks, the financing of proxy groups in the region, as well as Chinese
   independent refineries that support Iran's oil trade.
────────────────────────────────────────────────────────────────────────────────────────────────
🟢 #000004  2026-04-29T18:43:03+00:00  [BACKFILL]
📣 @VahidOnline · Vahid Online
🏷️  topic=geopolitics  tags=telegram, geopolitics, iran
🔗 https://t.me/VahidOnline/75083
👀 views=151,443  ↗ forwards=455  🕯️ published=2026-04-29T14:38:57+00:00
💬 Message
   خبرگزاری حکومتی ایسنا گزارش داده قیمت دلار در بازار آزاد امروز صد و هشتاد و یک هزار و صد
   تومان ثبت شده است. این بالاترین قیمت ثبت شده دلار محسوب می‌شود و پول ملی ایران پایین‌ترین
   رکورد ارزش خود در تاریخ را ثبت کرده است. دلار در طول ده ماه، ۱۲۰ درصد رشد داشته و بیش از دو
   برابر شده است. @VahidOOnLine 📡 @VahidOnline
⚡Translation from Persian (pes_Arab): 44.3 seconds
   The government news agency Esna reported that the dollar's free-market price was recorded
   today at 181,100 tomans. This is the highest recorded dollar price and the national currency
   of Iran has recorded its lowest value ever. The dollar has grown by 120 percent over ten
   months and more than doubled. @VahidOOnLine @VahidOnline
────────────────────────────────────────────────────────────────────────────────────────────────
🟢 #000015  2026-04-29T18:43:04+00:00  [BACKFILL]
📣 @abualiexpress · Abu Ali Express
🏷️  topic=middleeast  tags=telegram, middleeast, middleeast
🔗 https://t.me/abualiexpress/121362
👀 views=80,779  ↗ forwards=59  🕯️ published=2026-04-29T11:13:12+00:00
💬 Message
   לונדון: דיווח ראשוני על מעצר אדם שדקר שני יהודים באזור גולדרס גרין (אזור שהוא מרכז חשוב של
   הקהילה היהודית בעיר). 2 תגובות
⚡Translation from Hebrew (heb_Hebr): 14.4 seconds
   London: First report of arrest of a man who stabbed two Jews in the Golders Green area (an
   area that is an important center of the city's Jewish community). 2 Responses
────────────────────────────────────────────────────────────────────────────────────────────────
🟢 #000016  2026-04-29T18:43:04+00:00  [BACKFILL]
📣 @abualiexpress · Abu Ali Express
🏷️  topic=middleeast  tags=telegram, middleeast, middleeast
🔗 https://t.me/abualiexpress/121363
👀 views=80,080  ↗ forwards=29  🕯️ published=2026-04-29T11:17:33+00:00
💬 Message
   הדוקר נתפס בידי אנשי "ארגון השומרים"-Shomrim של הקהילה היהודית בלונדון. 2 תגובות
⚡Translation from Hebrew (heb_Hebr): 6.8 seconds
   The docking was seized by the Shomrim of the Jewish community in London.
