INFO → root → Logging system initialized
INFO → root → Logging system initialized
INFO → root → Logging system initialized
INFO → root → Logging system initialized
INFO → root → Logging system initialized
INFO → root → Logging system initialized
INFO → root → Logging system initialized
INFO → root → Logging system initialized
INFO → root → Logging system initialized
INFO → forex_shared.env_config_manager → [EnvConfig] 🔏 45 chaves marcadas como Secret no arquivo.
INFO → forex_shared.env_config_manager → [EnvConfig] 🔏 45 chaves marcadas como Secret no arquivo.
INFO → forex_shared.env_config_manager → [EnvConfig] 🔏 45 chaves marcadas como Secret no arquivo.
INFO → forex_shared.env_config_manager → [EnvConfig] 🔏 45 chaves marcadas como Secret no arquivo.
ERROR → forex_shared.worker_api.event_publisher → [MQEventPublisher] MQ start/connect failed; retrying in 5.0s
Traceback (most recent call last):
  File "C:\Projects\forex_system\shared_lib\forex_shared\worker_api\event_publisher.py", line 116, in start
    self._mq = self._mq_factory()
               ^^^^^^^^^^^^^^^^^^
  File "C:\Projects\forex_system\shared_lib\forex_shared\worker_api\event_publisher.py", line 257, in _default_mq_factory
    from forex_shared.providers.mq.mq_factory import MQFactory
  File "C:\Projects\forex_system\shared_lib\forex_shared\providers\__init__.py", line 21, in <module>
    from .mq.mq_provider import MQProvider, MQProviderType
  File "C:\Projects\forex_system\shared_lib\forex_shared\providers\mq\__init__.py", line 9, in <module>
    from .mq_factory import MQFactory
  File "C:\Projects\forex_system\shared_lib\forex_shared\providers\mq\mq_factory.py", line 43, in <module>
    EnvConfigManager.startup()
  File "C:\Projects\forex_system\shared_lib\forex_shared\env_config_manager.py", line 141, in startup
    file_count = inst._sync_from_file()
                 ^^^^^^^^^^^^^^^^^^^^^^
  File "C:\Projects\forex_system\shared_lib\forex_shared\env_config_manager.py", line 553, in _sync_from_file
    self._bulk_sync_startup_non_blocking()
  File "C:\Projects\forex_system\shared_lib\forex_shared\env_config_manager.py", line 607, in _bulk_sync_startup_non_blocking
    old_handler = signal.signal(signal.SIGINT, _handle_sigint)
                  ^^^^^^^^^^^^^^^^^^^^^^^^^^^^^^^^^^^^^^^^^^^^
  File "C:\Users\Adm\AppData\Local\Programs\Python\Python312\Lib\signal.py", line 58, in signal
    handler = _signal.signal(_enum_to_int(signalnum), _enum_to_int(handler))
              ^^^^^^^^^^^^^^^^^^^^^^^^^^^^^^^^^^^^^^^^^^^^^^^^^^^^^^^^^^^^^^
ValueError: signal only works in main thread of the main interpreter
ERROR → forex_shared.worker_api.event_publisher → [MQEventPublisher] MQ start/connect failed; retrying in 5.0s
Traceback (most recent call last):
  File "C:\Projects\forex_system\shared_lib\forex_shared\worker_api\event_publisher.py", line 116, in start
    self._mq = self._mq_factory()
               ^^^^^^^^^^^^^^^^^^
  File "C:\Projects\forex_system\shared_lib\forex_shared\worker_api\event_publisher.py", line 257, in _default_mq_factory
    from forex_shared.providers.mq.mq_factory import MQFactory
  File "C:\Projects\forex_system\shared_lib\forex_shared\providers\__init__.py", line 21, in <module>
    from .mq.mq_provider import MQProvider, MQProviderType
  File "C:\Projects\forex_system\shared_lib\forex_shared\providers\mq\__init__.py", line 9, in <module>
    from .mq_factory import MQFactory
  File "C:\Projects\forex_system\shared_lib\forex_shared\providers\mq\mq_factory.py", line 43, in <module>
    EnvConfigManager.startup()
  File "C:\Projects\forex_system\shared_lib\forex_shared\env_config_manager.py", line 141, in startup
    file_count = inst._sync_from_file()
                 ^^^^^^^^^^^^^^^^^^^^^^
  File "C:\Projects\forex_system\shared_lib\forex_shared\env_config_manager.py", line 553, in _sync_from_file
    self._bulk_sync_startup_non_blocking()
  File "C:\Projects\forex_system\shared_lib\forex_shared\env_config_manager.py", line 607, in _bulk_sync_startup_non_blocking
    old_handler = signal.signal(signal.SIGINT, _handle_sigint)
                  ^^^^^^^^^^^^^^^^^^^^^^^^^^^^^^^^^^^^^^^^^^^^
  File "C:\Users\Adm\AppData\Local\Programs\Python\Python312\Lib\signal.py", line 58, in signal
    handler = _signal.signal(_enum_to_int(signalnum), _enum_to_int(handler))
              ^^^^^^^^^^^^^^^^^^^^^^^^^^^^^^^^^^^^^^^^^^^^^^^^^^^^^^^^^^^^^^
ValueError: signal only works in main thread of the main interpreter
ERROR → forex_shared.worker_api.event_publisher → [MQEventPublisher] MQ start/connect failed; retrying in 5.0s
Traceback (most recent call last):
  File "C:\Projects\forex_system\shared_lib\forex_shared\worker_api\event_publisher.py", line 116, in start
    self._mq = self._mq_factory()
               ^^^^^^^^^^^^^^^^^^
  File "C:\Projects\forex_system\shared_lib\forex_shared\worker_api\event_publisher.py", line 257, in _default_mq_factory
    from forex_shared.providers.mq.mq_factory import MQFactory
  File "C:\Projects\forex_system\shared_lib\forex_shared\providers\__init__.py", line 21, in <module>
    from .mq.mq_provider import MQProvider, MQProviderType
  File "C:\Projects\forex_system\shared_lib\forex_shared\providers\mq\__init__.py", line 9, in <module>
    from .mq_factory import MQFactory
  File "C:\Projects\forex_system\shared_lib\forex_shared\providers\mq\mq_factory.py", line 43, in <module>
    EnvConfigManager.startup()
  File "C:\Projects\forex_system\shared_lib\forex_shared\env_config_manager.py", line 141, in startup
    file_count = inst._sync_from_file()
                 ^^^^^^^^^^^^^^^^^^^^^^
  File "C:\Projects\forex_system\shared_lib\forex_shared\env_config_manager.py", line 553, in _sync_from_file
    self._bulk_sync_startup_non_blocking()
  File "C:\Projects\forex_system\shared_lib\forex_shared\env_config_manager.py", line 607, in _bulk_sync_startup_non_blocking
    old_handler = signal.signal(signal.SIGINT, _handle_sigint)
                  ^^^^^^^^^^^^^^^^^^^^^^^^^^^^^^^^^^^^^^^^^^^^
  File "C:\Users\Adm\AppData\Local\Programs\Python\Python312\Lib\signal.py", line 58, in signal
    handler = _signal.signal(_enum_to_int(signalnum), _enum_to_int(handler))
              ^^^^^^^^^^^^^^^^^^^^^^^^^^^^^^^^^^^^^^^^^^^^^^^^^^^^^^^^^^^^^^
ValueError: signal only works in main thread of the main interpreter
ERROR → forex_shared.worker_api.event_publisher → [MQEventPublisher] MQ start/connect failed; retrying in 5.0s
Traceback (most recent call last):
  File "C:\Projects\forex_system\shared_lib\forex_shared\worker_api\event_publisher.py", line 116, in start
    self._mq = self._mq_factory()
               ^^^^^^^^^^^^^^^^^^
  File "C:\Projects\forex_system\shared_lib\forex_shared\worker_api\event_publisher.py", line 257, in _default_mq_factory
    from forex_shared.providers.mq.mq_factory import MQFactory
  File "C:\Projects\forex_system\shared_lib\forex_shared\providers\__init__.py", line 21, in <module>
    from .mq.mq_provider import MQProvider, MQProviderType
  File "C:\Projects\forex_system\shared_lib\forex_shared\providers\mq\__init__.py", line 9, in <module>
    from .mq_factory import MQFactory
  File "C:\Projects\forex_system\shared_lib\forex_shared\providers\mq\mq_factory.py", line 43, in <module>
    EnvConfigManager.startup()
  File "C:\Projects\forex_system\shared_lib\forex_shared\env_config_manager.py", line 141, in startup
    file_count = inst._sync_from_file()
                 ^^^^^^^^^^^^^^^^^^^^^^
  File "C:\Projects\forex_system\shared_lib\forex_shared\env_config_manager.py", line 553, in _sync_from_file
    self._bulk_sync_startup_non_blocking()
  File "C:\Projects\forex_system\shared_lib\forex_shared\env_config_manager.py", line 607, in _bulk_sync_startup_non_blocking
    old_handler = signal.signal(signal.SIGINT, _handle_sigint)
                  ^^^^^^^^^^^^^^^^^^^^^^^^^^^^^^^^^^^^^^^^^^^^
  File "C:\Users\Adm\AppData\Local\Programs\Python\Python312\Lib\signal.py", line 58, in signal
    handler = _signal.signal(_enum_to_int(signalnum), _enum_to_int(handler))
              ^^^^^^^^^^^^^^^^^^^^^^^^^^^^^^^^^^^^^^^^^^^^^^^^^^^^^^^^^^^^^^
ValueError: signal only works in main thread of the main interpreter
INFO → forex_shared.env_config_manager → [EnvConfig] 🔏 45 chaves marcadas como Secret no arquivo.
ERROR → forex_shared.worker_api.event_publisher → [MQEventPublisher] MQ start/connect failed; retrying in 5.0s
Traceback (most recent call last):
  File "C:\Projects\forex_system\shared_lib\forex_shared\worker_api\event_publisher.py", line 116, in start
    self._mq = self._mq_factory()
               ^^^^^^^^^^^^^^^^^^
  File "C:\Projects\forex_system\shared_lib\forex_shared\worker_api\event_publisher.py", line 257, in _default_mq_factory
    from forex_shared.providers.mq.mq_factory import MQFactory
  File "C:\Projects\forex_system\shared_lib\forex_shared\providers\__init__.py", line 23, in <module>
    from .mq.mq_factory import MQFactory
  File "C:\Projects\forex_system\shared_lib\forex_shared\providers\mq\__init__.py", line 9, in <module>
    from .mq_factory import MQFactory
  File "C:\Projects\forex_system\shared_lib\forex_shared\providers\mq\mq_factory.py", line 43, in <module>
    EnvConfigManager.startup()
  File "C:\Projects\forex_system\shared_lib\forex_shared\env_config_manager.py", line 141, in startup
    file_count = inst._sync_from_file()
                 ^^^^^^^^^^^^^^^^^^^^^^
  File "C:\Projects\forex_system\shared_lib\forex_shared\env_config_manager.py", line 553, in _sync_from_file
    self._bulk_sync_startup_non_blocking()
  File "C:\Projects\forex_system\shared_lib\forex_shared\env_config_manager.py", line 607, in _bulk_sync_startup_non_blocking
    old_handler = signal.signal(signal.SIGINT, _handle_sigint)
                  ^^^^^^^^^^^^^^^^^^^^^^^^^^^^^^^^^^^^^^^^^^^^
  File "C:\Users\Adm\AppData\Local\Programs\Python\Python312\Lib\signal.py", line 58, in signal
    handler = _signal.signal(_enum_to_int(signalnum), _enum_to_int(handler))
              ^^^^^^^^^^^^^^^^^^^^^^^^^^^^^^^^^^^^^^^^^^^^^^^^^^^^^^^^^^^^^^
ValueError: signal only works in main thread of the main interpreter
INFO → forex_shared.env_config_manager → [EnvConfig] 🔏 45 chaves marcadas como Secret no arquivo.
ERROR → forex_shared.worker_api.event_publisher → [MQEventPublisher] MQ start/connect failed; retrying in 5.0s
Traceback (most recent call last):
  File "C:\Projects\forex_system\shared_lib\forex_shared\worker_api\event_publisher.py", line 116, in start
    self._mq = self._mq_factory()
               ^^^^^^^^^^^^^^^^^^
  File "C:\Projects\forex_system\shared_lib\forex_shared\worker_api\event_publisher.py", line 257, in _default_mq_factory
    from forex_shared.providers.mq.mq_factory import MQFactory
  File "C:\Projects\forex_system\shared_lib\forex_shared\providers\__init__.py", line 23, in <module>
    from .mq.mq_factory import MQFactory
  File "C:\Projects\forex_system\shared_lib\forex_shared\providers\mq\__init__.py", line 9, in <module>
    from .mq_factory import MQFactory
  File "C:\Projects\forex_system\shared_lib\forex_shared\providers\mq\mq_factory.py", line 43, in <module>
    EnvConfigManager.startup()
  File "C:\Projects\forex_system\shared_lib\forex_shared\env_config_manager.py", line 141, in startup
    file_count = inst._sync_from_file()
                 ^^^^^^^^^^^^^^^^^^^^^^
  File "C:\Projects\forex_system\shared_lib\forex_shared\env_config_manager.py", line 553, in _sync_from_file
    self._bulk_sync_startup_non_blocking()
  File "C:\Projects\forex_system\shared_lib\forex_shared\env_config_manager.py", line 607, in _bulk_sync_startup_non_blocking
    old_handler = signal.signal(signal.SIGINT, _handle_sigint)
                  ^^^^^^^^^^^^^^^^^^^^^^^^^^^^^^^^^^^^^^^^^^^^
  File "C:\Users\Adm\AppData\Local\Programs\Python\Python312\Lib\signal.py", line 58, in signal
    handler = _signal.signal(_enum_to_int(signalnum), _enum_to_int(handler))
              ^^^^^^^^^^^^^^^^^^^^^^^^^^^^^^^^^^^^^^^^^^^^^^^^^^^^^^^^^^^^^^
ValueError: signal only works in main thread of the main interpreter
INFO → forex_shared.env_config_manager → [EnvConfig] 🔏 45 chaves marcadas como Secret no arquivo.
ERROR → forex_shared.worker_api.event_publisher → [MQEventPublisher] MQ start/connect failed; retrying in 5.0s
Traceback (most recent call last):
  File "C:\Projects\forex_system\shared_lib\forex_shared\worker_api\event_publisher.py", line 116, in start
    self._mq = self._mq_factory()
               ^^^^^^^^^^^^^^^^^^
  File "C:\Projects\forex_system\shared_lib\forex_shared\worker_api\event_publisher.py", line 257, in _default_mq_factory
    from forex_shared.providers.mq.mq_factory import MQFactory
  File "C:\Projects\forex_system\shared_lib\forex_shared\providers\__init__.py", line 23, in <module>
    from .mq.mq_factory import MQFactory
  File "C:\Projects\forex_system\shared_lib\forex_shared\providers\mq\__init__.py", line 9, in <module>
    from .mq_factory import MQFactory
  File "C:\Projects\forex_system\shared_lib\forex_shared\providers\mq\mq_factory.py", line 43, in <module>
    EnvConfigManager.startup()
  File "C:\Projects\forex_system\shared_lib\forex_shared\env_config_manager.py", line 141, in startup
    file_count = inst._sync_from_file()
                 ^^^^^^^^^^^^^^^^^^^^^^
  File "C:\Projects\forex_system\shared_lib\forex_shared\env_config_manager.py", line 553, in _sync_from_file
    self._bulk_sync_startup_non_blocking()
  File "C:\Projects\forex_system\shared_lib\forex_shared\env_config_manager.py", line 607, in _bulk_sync_startup_non_blocking
    old_handler = signal.signal(signal.SIGINT, _handle_sigint)
                  ^^^^^^^^^^^^^^^^^^^^^^^^^^^^^^^^^^^^^^^^^^^^
  File "C:\Users\Adm\AppData\Local\Programs\Python\Python312\Lib\signal.py", line 58, in signal
    handler = _signal.signal(_enum_to_int(signalnum), _enum_to_int(handler))
              ^^^^^^^^^^^^^^^^^^^^^^^^^^^^^^^^^^^^^^^^^^^^^^^^^^^^^^^^^^^^^^
ValueError: signal only works in main thread of the main interpreter
INFO → forex_shared.env_config_manager → [EnvConfig] 🔏 45 chaves marcadas como Secret no arquivo.
ERROR → forex_shared.worker_api.event_publisher → [MQEventPublisher] MQ start/connect failed; retrying in 5.0s
Traceback (most recent call last):
  File "C:\Projects\forex_system\shared_lib\forex_shared\worker_api\event_publisher.py", line 116, in start
    self._mq = self._mq_factory()
               ^^^^^^^^^^^^^^^^^^
  File "C:\Projects\forex_system\shared_lib\forex_shared\worker_api\event_publisher.py", line 257, in _default_mq_factory
    from forex_shared.providers.mq.mq_factory import MQFactory
  File "C:\Projects\forex_system\shared_lib\forex_shared\providers\__init__.py", line 23, in <module>
    from .mq.mq_factory import MQFactory
  File "C:\Projects\forex_system\shared_lib\forex_shared\providers\mq\__init__.py", line 9, in <module>
    from .mq_factory import MQFactory
  File "C:\Projects\forex_system\shared_lib\forex_shared\providers\mq\mq_factory.py", line 43, in <module>
    EnvConfigManager.startup()
  File "C:\Projects\forex_system\shared_lib\forex_shared\env_config_manager.py", line 141, in startup
    file_count = inst._sync_from_file()
                 ^^^^^^^^^^^^^^^^^^^^^^
  File "C:\Projects\forex_system\shared_lib\forex_shared\env_config_manager.py", line 553, in _sync_from_file
    self._bulk_sync_startup_non_blocking()
  File "C:\Projects\forex_system\shared_lib\forex_shared\env_config_manager.py", line 607, in _bulk_sync_startup_non_blocking
    old_handler = signal.signal(signal.SIGINT, _handle_sigint)
                  ^^^^^^^^^^^^^^^^^^^^^^^^^^^^^^^^^^^^^^^^^^^^
  File "C:\Users\Adm\AppData\Local\Programs\Python\Python312\Lib\signal.py", line 58, in signal
    handler = _signal.signal(_enum_to_int(signalnum), _enum_to_int(handler))
              ^^^^^^^^^^^^^^^^^^^^^^^^^^^^^^^^^^^^^^^^^^^^^^^^^^^^^^^^^^^^^^
ValueError: signal only works in main thread of the main interpreter
INFO → forex_shared.env_config_manager → [EnvConfig] 🔏 45 chaves marcadas como Secret no arquivo.
ERROR → forex_shared.worker_api.event_publisher → [MQEventPublisher] MQ start/connect failed; retrying in 5.0s
Traceback (most recent call last):
  File "C:\Projects\forex_system\shared_lib\forex_shared\worker_api\event_publisher.py", line 116, in start
    self._mq = self._mq_factory()
               ^^^^^^^^^^^^^^^^^^
  File "C:\Projects\forex_system\shared_lib\forex_shared\worker_api\event_publisher.py", line 257, in _default_mq_factory
    from forex_shared.providers.mq.mq_factory import MQFactory
  File "C:\Projects\forex_system\shared_lib\forex_shared\providers\__init__.py", line 23, in <module>
    from .mq.mq_factory import MQFactory
  File "C:\Projects\forex_system\shared_lib\forex_shared\providers\mq\__init__.py", line 9, in <module>
    from .mq_factory import MQFactory
  File "C:\Projects\forex_system\shared_lib\forex_shared\providers\mq\mq_factory.py", line 43, in <module>
    EnvConfigManager.startup()
  File "C:\Projects\forex_system\shared_lib\forex_shared\env_config_manager.py", line 141, in startup
    file_count = inst._sync_from_file()
                 ^^^^^^^^^^^^^^^^^^^^^^
  File "C:\Projects\forex_system\shared_lib\forex_shared\env_config_manager.py", line 553, in _sync_from_file
    self._bulk_sync_startup_non_blocking()
  File "C:\Projects\forex_system\shared_lib\forex_shared\env_config_manager.py", line 607, in _bulk_sync_startup_non_blocking
    old_handler = signal.signal(signal.SIGINT, _handle_sigint)
                  ^^^^^^^^^^^^^^^^^^^^^^^^^^^^^^^^^^^^^^^^^^^^
  File "C:\Users\Adm\AppData\Local\Programs\Python\Python312\Lib\signal.py", line 58, in signal
    handler = _signal.signal(_enum_to_int(signalnum), _enum_to_int(handler))
              ^^^^^^^^^^^^^^^^^^^^^^^^^^^^^^^^^^^^^^^^^^^^^^^^^^^^^^^^^^^^^^
ValueError: signal only works in main thread of the main interpreter
INFO → forex_shared.env_config_manager → [EnvConfig] 🔏 45 chaves marcadas como Secret no arquivo.
ERROR → forex_shared.worker_api.event_publisher → [MQEventPublisher] MQ start/connect failed; retrying in 5.0s
Traceback (most recent call last):
  File "C:\Projects\forex_system\shared_lib\forex_shared\worker_api\event_publisher.py", line 116, in start
    self._mq = self._mq_factory()
               ^^^^^^^^^^^^^^^^^^
  File "C:\Projects\forex_system\shared_lib\forex_shared\worker_api\event_publisher.py", line 257, in _default_mq_factory
    from forex_shared.providers.mq.mq_factory import MQFactory
  File "C:\Projects\forex_system\shared_lib\forex_shared\providers\__init__.py", line 23, in <module>
    from .mq.mq_factory import MQFactory
  File "C:\Projects\forex_system\shared_lib\forex_shared\providers\mq\__init__.py", line 9, in <module>
    from .mq_factory import MQFactory
  File "C:\Projects\forex_system\shared_lib\forex_shared\providers\mq\mq_factory.py", line 43, in <module>
    EnvConfigManager.startup()
  File "C:\Projects\forex_system\shared_lib\forex_shared\env_config_manager.py", line 141, in startup
    file_count = inst._sync_from_file()
                 ^^^^^^^^^^^^^^^^^^^^^^
  File "C:\Projects\forex_system\shared_lib\forex_shared\env_config_manager.py", line 553, in _sync_from_file
    self._bulk_sync_startup_non_blocking()
  File "C:\Projects\forex_system\shared_lib\forex_shared\env_config_manager.py", line 607, in _bulk_sync_startup_non_blocking
    old_handler = signal.signal(signal.SIGINT, _handle_sigint)
                  ^^^^^^^^^^^^^^^^^^^^^^^^^^^^^^^^^^^^^^^^^^^^
  File "C:\Users\Adm\AppData\Local\Programs\Python\Python312\Lib\signal.py", line 58, in signal
    handler = _signal.signal(_enum_to_int(signalnum), _enum_to_int(handler))
              ^^^^^^^^^^^^^^^^^^^^^^^^^^^^^^^^^^^^^^^^^^^^^^^^^^^^^^^^^^^^^^
ValueError: signal only works in main thread of the main interpreter
INFO → forex_shared.env_config_manager → [EnvConfig] 🔏 45 chaves marcadas como Secret no arquivo.
ERROR → forex_shared.worker_api.event_publisher → [MQEventPublisher] MQ start/connect failed; retrying in 5.0s
Traceback (most recent call last):
  File "C:\Projects\forex_system\shared_lib\forex_shared\worker_api\event_publisher.py", line 116, in start
    self._mq = self._mq_factory()
               ^^^^^^^^^^^^^^^^^^
  File "C:\Projects\forex_system\shared_lib\forex_shared\worker_api\event_publisher.py", line 257, in _default_mq_factory
    from forex_shared.providers.mq.mq_factory import MQFactory
  File "C:\Projects\forex_system\shared_lib\forex_shared\providers\__init__.py", line 23, in <module>
    from .mq.mq_factory import MQFactory
  File "C:\Projects\forex_system\shared_lib\forex_shared\providers\mq\__init__.py", line 9, in <module>
    from .mq_factory import MQFactory
  File "C:\Projects\forex_system\shared_lib\forex_shared\providers\mq\mq_factory.py", line 43, in <module>
    EnvConfigManager.startup()
  File "C:\Projects\forex_system\shared_lib\forex_shared\env_config_manager.py", line 141, in startup
    file_count = inst._sync_from_file()
                 ^^^^^^^^^^^^^^^^^^^^^^
  File "C:\Projects\forex_system\shared_lib\forex_shared\env_config_manager.py", line 553, in _sync_from_file
    self._bulk_sync_startup_non_blocking()
  File "C:\Projects\forex_system\shared_lib\forex_shared\env_config_manager.py", line 607, in _bulk_sync_startup_non_blocking
    old_handler = signal.signal(signal.SIGINT, _handle_sigint)
                  ^^^^^^^^^^^^^^^^^^^^^^^^^^^^^^^^^^^^^^^^^^^^
  File "C:\Users\Adm\AppData\Local\Programs\Python\Python312\Lib\signal.py", line 58, in signal
    handler = _signal.signal(_enum_to_int(signalnum), _enum_to_int(handler))
              ^^^^^^^^^^^^^^^^^^^^^^^^^^^^^^^^^^^^^^^^^^^^^^^^^^^^^^^^^^^^^^
ValueError: signal only works in main thread of the main interpreter
INFO → forex_shared.env_config_manager → [EnvConfig] 🔏 45 chaves marcadas como Secret no arquivo.
ERROR → forex_shared.worker_api.event_publisher → [MQEventPublisher] MQ start/connect failed; retrying in 5.0s
Traceback (most recent call last):
  File "C:\Projects\forex_system\shared_lib\forex_shared\worker_api\event_publisher.py", line 116, in start
    self._mq = self._mq_factory()
               ^^^^^^^^^^^^^^^^^^
  File "C:\Projects\forex_system\shared_lib\forex_shared\worker_api\event_publisher.py", line 257, in _default_mq_factory
    from forex_shared.providers.mq.mq_factory import MQFactory
  File "C:\Projects\forex_system\shared_lib\forex_shared\providers\__init__.py", line 23, in <module>
    from .mq.mq_factory import MQFactory
  File "C:\Projects\forex_system\shared_lib\forex_shared\providers\mq\__init__.py", line 9, in <module>
    from .mq_factory import MQFactory
  File "C:\Projects\forex_system\shared_lib\forex_shared\providers\mq\mq_factory.py", line 43, in <module>
    EnvConfigManager.startup()
  File "C:\Projects\forex_system\shared_lib\forex_shared\env_config_manager.py", line 141, in startup
    file_count = inst._sync_from_file()
                 ^^^^^^^^^^^^^^^^^^^^^^
  File "C:\Projects\forex_system\shared_lib\forex_shared\env_config_manager.py", line 553, in _sync_from_file
    self._bulk_sync_startup_non_blocking()
  File "C:\Projects\forex_system\shared_lib\forex_shared\env_config_manager.py", line 607, in _bulk_sync_startup_non_blocking
    old_handler = signal.signal(signal.SIGINT, _handle_sigint)
                  ^^^^^^^^^^^^^^^^^^^^^^^^^^^^^^^^^^^^^^^^^^^^
  File "C:\Users\Adm\AppData\Local\Programs\Python\Python312\Lib\signal.py", line 58, in signal
    handler = _signal.signal(_enum_to_int(signalnum), _enum_to_int(handler))
              ^^^^^^^^^^^^^^^^^^^^^^^^^^^^^^^^^^^^^^^^^^^^^^^^^^^^^^^^^^^^^^
ValueError: signal only works in main thread of the main interpreter
INFO → forex_shared.env_config_manager → [EnvConfig] 🔏 45 chaves marcadas como Secret no arquivo.
ERROR → forex_shared.worker_api.event_publisher → [MQEventPublisher] MQ start/connect failed; retrying in 5.0s
Traceback (most recent call last):
  File "C:\Projects\forex_system\shared_lib\forex_shared\worker_api\event_publisher.py", line 116, in start
    self._mq = self._mq_factory()
               ^^^^^^^^^^^^^^^^^^
  File "C:\Projects\forex_system\shared_lib\forex_shared\worker_api\event_publisher.py", line 257, in _default_mq_factory
    from forex_shared.providers.mq.mq_factory import MQFactory
  File "C:\Projects\forex_system\shared_lib\forex_shared\providers\__init__.py", line 23, in <module>
    from .mq.mq_factory import MQFactory
  File "C:\Projects\forex_system\shared_lib\forex_shared\providers\mq\__init__.py", line 9, in <module>
    from .mq_factory import MQFactory
  File "C:\Projects\forex_system\shared_lib\forex_shared\providers\mq\mq_factory.py", line 43, in <module>
    EnvConfigManager.startup()
  File "C:\Projects\forex_system\shared_lib\forex_shared\env_config_manager.py", line 141, in startup
    file_count = inst._sync_from_file()
                 ^^^^^^^^^^^^^^^^^^^^^^
  File "C:\Projects\forex_system\shared_lib\forex_shared\env_config_manager.py", line 553, in _sync_from_file
    self._bulk_sync_startup_non_blocking()
  File "C:\Projects\forex_system\shared_lib\forex_shared\env_config_manager.py", line 607, in _bulk_sync_startup_non_blocking
    old_handler = signal.signal(signal.SIGINT, _handle_sigint)
                  ^^^^^^^^^^^^^^^^^^^^^^^^^^^^^^^^^^^^^^^^^^^^
  File "C:\Users\Adm\AppData\Local\Programs\Python\Python312\Lib\signal.py", line 58, in signal
    handler = _signal.signal(_enum_to_int(signalnum), _enum_to_int(handler))
              ^^^^^^^^^^^^^^^^^^^^^^^^^^^^^^^^^^^^^^^^^^^^^^^^^^^^^^^^^^^^^^
ValueError: signal only works in main thread of the main interpreter
INFO → forex_shared.env_config_manager → [EnvConfig] 🔏 45 chaves marcadas como Secret no arquivo.
ERROR → forex_shared.worker_api.event_publisher → [MQEventPublisher] MQ start/connect failed; retrying in 5.0s
Traceback (most recent call last):
  File "C:\Projects\forex_system\shared_lib\forex_shared\worker_api\event_publisher.py", line 116, in start
    self._mq = self._mq_factory()
               ^^^^^^^^^^^^^^^^^^
  File "C:\Projects\forex_system\shared_lib\forex_shared\worker_api\event_publisher.py", line 257, in _default_mq_factory
    from forex_shared.providers.mq.mq_factory import MQFactory
  File "C:\Projects\forex_system\shared_lib\forex_shared\providers\__init__.py", line 23, in <module>
    from .mq.mq_factory import MQFactory
  File "C:\Projects\forex_system\shared_lib\forex_shared\providers\mq\__init__.py", line 9, in <module>
    from .mq_factory import MQFactory
  File "C:\Projects\forex_system\shared_lib\forex_shared\providers\mq\mq_factory.py", line 43, in <module>
    EnvConfigManager.startup()
  File "C:\Projects\forex_system\shared_lib\forex_shared\env_config_manager.py", line 141, in startup
    file_count = inst._sync_from_file()
                 ^^^^^^^^^^^^^^^^^^^^^^
  File "C:\Projects\forex_system\shared_lib\forex_shared\env_config_manager.py", line 553, in _sync_from_file
    self._bulk_sync_startup_non_blocking()
  File "C:\Projects\forex_system\shared_lib\forex_shared\env_config_manager.py", line 607, in _bulk_sync_startup_non_blocking
    old_handler = signal.signal(signal.SIGINT, _handle_sigint)
                  ^^^^^^^^^^^^^^^^^^^^^^^^^^^^^^^^^^^^^^^^^^^^
  File "C:\Users\Adm\AppData\Local\Programs\Python\Python312\Lib\signal.py", line 58, in signal
    handler = _signal.signal(_enum_to_int(signalnum), _enum_to_int(handler))
              ^^^^^^^^^^^^^^^^^^^^^^^^^^^^^^^^^^^^^^^^^^^^^^^^^^^^^^^^^^^^^^
ValueError: signal only works in main thread of the main interpreter
INFO → forex_shared.env_config_manager → [EnvConfig] 🔏 45 chaves marcadas como Secret no arquivo.
ERROR → forex_shared.worker_api.event_publisher → [MQEventPublisher] MQ start/connect failed; retrying in 5.0s
Traceback (most recent call last):
  File "C:\Projects\forex_system\shared_lib\forex_shared\worker_api\event_publisher.py", line 116, in start
    self._mq = self._mq_factory()
               ^^^^^^^^^^^^^^^^^^
  File "C:\Projects\forex_system\shared_lib\forex_shared\worker_api\event_publisher.py", line 257, in _default_mq_factory
    from forex_shared.providers.mq.mq_factory import MQFactory
  File "C:\Projects\forex_system\shared_lib\forex_shared\providers\__init__.py", line 23, in <module>
    from .mq.mq_factory import MQFactory
  File "C:\Projects\forex_system\shared_lib\forex_shared\providers\mq\__init__.py", line 9, in <module>
    from .mq_factory import MQFactory
  File "C:\Projects\forex_system\shared_lib\forex_shared\providers\mq\mq_factory.py", line 43, in <module>
    EnvConfigManager.startup()
  File "C:\Projects\forex_system\shared_lib\forex_shared\env_config_manager.py", line 141, in startup
    file_count = inst._sync_from_file()
                 ^^^^^^^^^^^^^^^^^^^^^^
  File "C:\Projects\forex_system\shared_lib\forex_shared\env_config_manager.py", line 553, in _sync_from_file
    self._bulk_sync_startup_non_blocking()
  File "C:\Projects\forex_system\shared_lib\forex_shared\env_config_manager.py", line 607, in _bulk_sync_startup_non_blocking
    old_handler = signal.signal(signal.SIGINT, _handle_sigint)
                  ^^^^^^^^^^^^^^^^^^^^^^^^^^^^^^^^^^^^^^^^^^^^
  File "C:\Users\Adm\AppData\Local\Programs\Python\Python312\Lib\signal.py", line 58, in signal
    handler = _signal.signal(_enum_to_int(signalnum), _enum_to_int(handler))
              ^^^^^^^^^^^^^^^^^^^^^^^^^^^^^^^^^^^^^^^^^^^^^^^^^^^^^^^^^^^^^^
ValueError: signal only works in main thread of the main interpreter
INFO → forex_shared.env_config_manager → [EnvConfig] 🔏 45 chaves marcadas como Secret no arquivo.
ERROR → forex_shared.worker_api.event_publisher → [MQEventPublisher] MQ start/connect failed; retrying in 5.0s
Traceback (most recent call last):
  File "C:\Projects\forex_system\shared_lib\forex_shared\worker_api\event_publisher.py", line 116, in start
    self._mq = self._mq_factory()
               ^^^^^^^^^^^^^^^^^^
  File "C:\Projects\forex_system\shared_lib\forex_shared\worker_api\event_publisher.py", line 257, in _default_mq_factory
    from forex_shared.providers.mq.mq_factory import MQFactory
  File "C:\Projects\forex_system\shared_lib\forex_shared\providers\__init__.py", line 23, in <module>
    from .mq.mq_factory import MQFactory
  File "C:\Projects\forex_system\shared_lib\forex_shared\providers\mq\__init__.py", line 9, in <module>
    from .mq_factory import MQFactory
  File "C:\Projects\forex_system\shared_lib\forex_shared\providers\mq\mq_factory.py", line 43, in <module>
    EnvConfigManager.startup()
  File "C:\Projects\forex_system\shared_lib\forex_shared\env_config_manager.py", line 141, in startup
    file_count = inst._sync_from_file()
                 ^^^^^^^^^^^^^^^^^^^^^^
  File "C:\Projects\forex_system\shared_lib\forex_shared\env_config_manager.py", line 553, in _sync_from_file
    self._bulk_sync_startup_non_blocking()
  File "C:\Projects\forex_system\shared_lib\forex_shared\env_config_manager.py", line 607, in _bulk_sync_startup_non_blocking
    old_handler = signal.signal(signal.SIGINT, _handle_sigint)
                  ^^^^^^^^^^^^^^^^^^^^^^^^^^^^^^^^^^^^^^^^^^^^
  File "C:\Users\Adm\AppData\Local\Programs\Python\Python312\Lib\signal.py", line 58, in signal
    handler = _signal.signal(_enum_to_int(signalnum), _enum_to_int(handler))
              ^^^^^^^^^^^^^^^^^^^^^^^^^^^^^^^^^^^^^^^^^^^^^^^^^^^^^^^^^^^^^^
ValueError: signal only works in main thread of the main interpreter
INFO → forex_shared.env_config_manager → [EnvConfig] 🔏 45 chaves marcadas como Secret no arquivo.
ERROR → forex_shared.worker_api.event_publisher → [MQEventPublisher] MQ start/connect failed; retrying in 5.0s
Traceback (most recent call last):
  File "C:\Projects\forex_system\shared_lib\forex_shared\worker_api\event_publisher.py", line 116, in start
    self._mq = self._mq_factory()
               ^^^^^^^^^^^^^^^^^^
  File "C:\Projects\forex_system\shared_lib\forex_shared\worker_api\event_publisher.py", line 257, in _default_mq_factory
    from forex_shared.providers.mq.mq_factory import MQFactory
  File "C:\Projects\forex_system\shared_lib\forex_shared\providers\__init__.py", line 23, in <module>
    from .mq.mq_factory import MQFactory
  File "C:\Projects\forex_system\shared_lib\forex_shared\providers\mq\__init__.py", line 9, in <module>
    from .mq_factory import MQFactory
  File "C:\Projects\forex_system\shared_lib\forex_shared\providers\mq\mq_factory.py", line 43, in <module>
    EnvConfigManager.startup()
  File "C:\Projects\forex_system\shared_lib\forex_shared\env_config_manager.py", line 141, in startup
    file_count = inst._sync_from_file()
                 ^^^^^^^^^^^^^^^^^^^^^^
  File "C:\Projects\forex_system\shared_lib\forex_shared\env_config_manager.py", line 553, in _sync_from_file
    self._bulk_sync_startup_non_blocking()
  File "C:\Projects\forex_system\shared_lib\forex_shared\env_config_manager.py", line 607, in _bulk_sync_startup_non_blocking
    old_handler = signal.signal(signal.SIGINT, _handle_sigint)
                  ^^^^^^^^^^^^^^^^^^^^^^^^^^^^^^^^^^^^^^^^^^^^
  File "C:\Users\Adm\AppData\Local\Programs\Python\Python312\Lib\signal.py", line 58, in signal
    handler = _signal.signal(_enum_to_int(signalnum), _enum_to_int(handler))
              ^^^^^^^^^^^^^^^^^^^^^^^^^^^^^^^^^^^^^^^^^^^^^^^^^^^^^^^^^^^^^^
ValueError: signal only works in main thread of the main interpreter
INFO → forex_shared.env_config_manager → [EnvConfig] 🔏 45 chaves marcadas como Secret no arquivo.
ERROR → forex_shared.worker_api.event_publisher → [MQEventPublisher] MQ start/connect failed; retrying in 5.0s
Traceback (most recent call last):
  File "C:\Projects\forex_system\shared_lib\forex_shared\worker_api\event_publisher.py", line 116, in start
    self._mq = self._mq_factory()
               ^^^^^^^^^^^^^^^^^^
  File "C:\Projects\forex_system\shared_lib\forex_shared\worker_api\event_publisher.py", line 257, in _default_mq_factory
    from forex_shared.providers.mq.mq_factory import MQFactory
  File "C:\Projects\forex_system\shared_lib\forex_shared\providers\__init__.py", line 23, in <module>
    from .mq.mq_factory import MQFactory
  File "C:\Projects\forex_system\shared_lib\forex_shared\providers\mq\__init__.py", line 9, in <module>
    from .mq_factory import MQFactory
  File "C:\Projects\forex_system\shared_lib\forex_shared\providers\mq\mq_factory.py", line 43, in <module>
    EnvConfigManager.startup()
  File "C:\Projects\forex_system\shared_lib\forex_shared\env_config_manager.py", line 141, in startup
    file_count = inst._sync_from_file()
                 ^^^^^^^^^^^^^^^^^^^^^^
  File "C:\Projects\forex_system\shared_lib\forex_shared\env_config_manager.py", line 553, in _sync_from_file
    self._bulk_sync_startup_non_blocking()
  File "C:\Projects\forex_system\shared_lib\forex_shared\env_config_manager.py", line 607, in _bulk_sync_startup_non_blocking
    old_handler = signal.signal(signal.SIGINT, _handle_sigint)
                  ^^^^^^^^^^^^^^^^^^^^^^^^^^^^^^^^^^^^^^^^^^^^
  File "C:\Users\Adm\AppData\Local\Programs\Python\Python312\Lib\signal.py", line 58, in signal
    handler = _signal.signal(_enum_to_int(signalnum), _enum_to_int(handler))
              ^^^^^^^^^^^^^^^^^^^^^^^^^^^^^^^^^^^^^^^^^^^^^^^^^^^^^^^^^^^^^^
ValueError: signal only works in main thread of the main interpreter
INFO → forex_shared.env_config_manager → [EnvConfig] 🔏 45 chaves marcadas como Secret no arquivo.
ERROR → forex_shared.worker_api.event_publisher → [MQEventPublisher] MQ start/connect failed; retrying in 5.0s
Traceback (most recent call last):
  File "C:\Projects\forex_system\shared_lib\forex_shared\worker_api\event_publisher.py", line 116, in start
    self._mq = self._mq_factory()
               ^^^^^^^^^^^^^^^^^^
  File "C:\Projects\forex_system\shared_lib\forex_shared\worker_api\event_publisher.py", line 257, in _default_mq_factory
    from forex_shared.providers.mq.mq_factory import MQFactory
  File "C:\Projects\forex_system\shared_lib\forex_shared\providers\__init__.py", line 23, in <module>
    from .mq.mq_factory import MQFactory
  File "C:\Projects\forex_system\shared_lib\forex_shared\providers\mq\__init__.py", line 9, in <module>
    from .mq_factory import MQFactory
  File "C:\Projects\forex_system\shared_lib\forex_shared\providers\mq\mq_factory.py", line 43, in <module>
    EnvConfigManager.startup()
  File "C:\Projects\forex_system\shared_lib\forex_shared\env_config_manager.py", line 141, in startup
    file_count = inst._sync_from_file()
                 ^^^^^^^^^^^^^^^^^^^^^^
  File "C:\Projects\forex_system\shared_lib\forex_shared\env_config_manager.py", line 553, in _sync_from_file
    self._bulk_sync_startup_non_blocking()
  File "C:\Projects\forex_system\shared_lib\forex_shared\env_config_manager.py", line 607, in _bulk_sync_startup_non_blocking
    old_handler = signal.signal(signal.SIGINT, _handle_sigint)
                  ^^^^^^^^^^^^^^^^^^^^^^^^^^^^^^^^^^^^^^^^^^^^
  File "C:\Users\Adm\AppData\Local\Programs\Python\Python312\Lib\signal.py", line 58, in signal
    handler = _signal.signal(_enum_to_int(signalnum), _enum_to_int(handler))
              ^^^^^^^^^^^^^^^^^^^^^^^^^^^^^^^^^^^^^^^^^^^^^^^^^^^^^^^^^^^^^^
ValueError: signal only works in main thread of the main interpreter
INFO → forex_shared.env_config_manager → [EnvConfig] 🔏 45 chaves marcadas como Secret no arquivo.
ERROR → forex_shared.worker_api.event_publisher → [MQEventPublisher] MQ start/connect failed; retrying in 5.0s
Traceback (most recent call last):
  File "C:\Projects\forex_system\shared_lib\forex_shared\worker_api\event_publisher.py", line 116, in start
    self._mq = self._mq_factory()
               ^^^^^^^^^^^^^^^^^^
  File "C:\Projects\forex_system\shared_lib\forex_shared\worker_api\event_publisher.py", line 257, in _default_mq_factory
    from forex_shared.providers.mq.mq_factory import MQFactory
  File "C:\Projects\forex_system\shared_lib\forex_shared\providers\__init__.py", line 23, in <module>
    from .mq.mq_factory import MQFactory
  File "C:\Projects\forex_system\shared_lib\forex_shared\providers\mq\__init__.py", line 9, in <module>
    from .mq_factory import MQFactory
  File "C:\Projects\forex_system\shared_lib\forex_shared\providers\mq\mq_factory.py", line 43, in <module>
    EnvConfigManager.startup()
  File "C:\Projects\forex_system\shared_lib\forex_shared\env_config_manager.py", line 141, in startup
    file_count = inst._sync_from_file()
                 ^^^^^^^^^^^^^^^^^^^^^^
  File "C:\Projects\forex_system\shared_lib\forex_shared\env_config_manager.py", line 553, in _sync_from_file
    self._bulk_sync_startup_non_blocking()
  File "C:\Projects\forex_system\shared_lib\forex_shared\env_config_manager.py", line 607, in _bulk_sync_startup_non_blocking
    old_handler = signal.signal(signal.SIGINT, _handle_sigint)
                  ^^^^^^^^^^^^^^^^^^^^^^^^^^^^^^^^^^^^^^^^^^^^
  File "C:\Users\Adm\AppData\Local\Programs\Python\Python312\Lib\signal.py", line 58, in signal
    handler = _signal.signal(_enum_to_int(signalnum), _enum_to_int(handler))
              ^^^^^^^^^^^^^^^^^^^^^^^^^^^^^^^^^^^^^^^^^^^^^^^^^^^^^^^^^^^^^^
ValueError: signal only works in main thread of the main interpreter
INFO → forex_shared.env_config_manager → [EnvConfig] 🔏 45 chaves marcadas como Secret no arquivo.
ERROR → forex_shared.worker_api.event_publisher → [MQEventPublisher] MQ start/connect failed; retrying in 5.0s
Traceback (most recent call last):
  File "C:\Projects\forex_system\shared_lib\forex_shared\worker_api\event_publisher.py", line 116, in start
    self._mq = self._mq_factory()
               ^^^^^^^^^^^^^^^^^^
  File "C:\Projects\forex_system\shared_lib\forex_shared\worker_api\event_publisher.py", line 257, in _default_mq_factory
    from forex_shared.providers.mq.mq_factory import MQFactory
  File "C:\Projects\forex_system\shared_lib\forex_shared\providers\__init__.py", line 23, in <module>
    from .mq.mq_factory import MQFactory
  File "C:\Projects\forex_system\shared_lib\forex_shared\providers\mq\__init__.py", line 9, in <module>
    from .mq_factory import MQFactory
  File "C:\Projects\forex_system\shared_lib\forex_shared\providers\mq\mq_factory.py", line 43, in <module>
    EnvConfigManager.startup()
  File "C:\Projects\forex_system\shared_lib\forex_shared\env_config_manager.py", line 141, in startup
    file_count = inst._sync_from_file()
                 ^^^^^^^^^^^^^^^^^^^^^^
  File "C:\Projects\forex_system\shared_lib\forex_shared\env_config_manager.py", line 553, in _sync_from_file
    self._bulk_sync_startup_non_blocking()
  File "C:\Projects\forex_system\shared_lib\forex_shared\env_config_manager.py", line 607, in _bulk_sync_startup_non_blocking
    old_handler = signal.signal(signal.SIGINT, _handle_sigint)
                  ^^^^^^^^^^^^^^^^^^^^^^^^^^^^^^^^^^^^^^^^^^^^
  File "C:\Users\Adm\AppData\Local\Programs\Python\Python312\Lib\signal.py", line 58, in signal
    handler = _signal.signal(_enum_to_int(signalnum), _enum_to_int(handler))
              ^^^^^^^^^^^^^^^^^^^^^^^^^^^^^^^^^^^^^^^^^^^^^^^^^^^^^^^^^^^^^^
ValueError: signal only works in main thread of the main interpreter
INFO → forex_shared.env_config_manager → [EnvConfig] 🔏 45 chaves marcadas como Secret no arquivo.
ERROR → forex_shared.worker_api.event_publisher → [MQEventPublisher] MQ start/connect failed; retrying in 5.0s
Traceback (most recent call last):
  File "C:\Projects\forex_system\shared_lib\forex_shared\worker_api\event_publisher.py", line 116, in start
    self._mq = self._mq_factory()
               ^^^^^^^^^^^^^^^^^^
  File "C:\Projects\forex_system\shared_lib\forex_shared\worker_api\event_publisher.py", line 257, in _default_mq_factory
    from forex_shared.providers.mq.mq_factory import MQFactory
  File "C:\Projects\forex_system\shared_lib\forex_shared\providers\__init__.py", line 23, in <module>
    from .mq.mq_factory import MQFactory
  File "C:\Projects\forex_system\shared_lib\forex_shared\providers\mq\__init__.py", line 9, in <module>
    from .mq_factory import MQFactory
  File "C:\Projects\forex_system\shared_lib\forex_shared\providers\mq\mq_factory.py", line 43, in <module>
    EnvConfigManager.startup()
  File "C:\Projects\forex_system\shared_lib\forex_shared\env_config_manager.py", line 141, in startup
    file_count = inst._sync_from_file()
                 ^^^^^^^^^^^^^^^^^^^^^^
  File "C:\Projects\forex_system\shared_lib\forex_shared\env_config_manager.py", line 553, in _sync_from_file
    self._bulk_sync_startup_non_blocking()
  File "C:\Projects\forex_system\shared_lib\forex_shared\env_config_manager.py", line 607, in _bulk_sync_startup_non_blocking
    old_handler = signal.signal(signal.SIGINT, _handle_sigint)
                  ^^^^^^^^^^^^^^^^^^^^^^^^^^^^^^^^^^^^^^^^^^^^
  File "C:\Users\Adm\AppData\Local\Programs\Python\Python312\Lib\signal.py", line 58, in signal
    handler = _signal.signal(_enum_to_int(signalnum), _enum_to_int(handler))
              ^^^^^^^^^^^^^^^^^^^^^^^^^^^^^^^^^^^^^^^^^^^^^^^^^^^^^^^^^^^^^^
ValueError: signal only works in main thread of the main interpreter
INFO → forex_shared.env_config_manager → [EnvConfig] 🔏 45 chaves marcadas como Secret no arquivo.
ERROR → forex_shared.worker_api.event_publisher → [MQEventPublisher] MQ start/connect failed; retrying in 5.0s
Traceback (most recent call last):
  File "C:\Projects\forex_system\shared_lib\forex_shared\worker_api\event_publisher.py", line 116, in start
    self._mq = self._mq_factory()
               ^^^^^^^^^^^^^^^^^^
  File "C:\Projects\forex_system\shared_lib\forex_shared\worker_api\event_publisher.py", line 257, in _default_mq_factory
    from forex_shared.providers.mq.mq_factory import MQFactory
  File "C:\Projects\forex_system\shared_lib\forex_shared\providers\__init__.py", line 23, in <module>
    from .mq.mq_factory import MQFactory
  File "C:\Projects\forex_system\shared_lib\forex_shared\providers\mq\__init__.py", line 9, in <module>
    from .mq_factory import MQFactory
  File "C:\Projects\forex_system\shared_lib\forex_shared\providers\mq\mq_factory.py", line 43, in <module>
    EnvConfigManager.startup()
  File "C:\Projects\forex_system\shared_lib\forex_shared\env_config_manager.py", line 141, in startup
    file_count = inst._sync_from_file()
                 ^^^^^^^^^^^^^^^^^^^^^^
  File "C:\Projects\forex_system\shared_lib\forex_shared\env_config_manager.py", line 553, in _sync_from_file
    self._bulk_sync_startup_non_blocking()
  File "C:\Projects\forex_system\shared_lib\forex_shared\env_config_manager.py", line 607, in _bulk_sync_startup_non_blocking
    old_handler = signal.signal(signal.SIGINT, _handle_sigint)
                  ^^^^^^^^^^^^^^^^^^^^^^^^^^^^^^^^^^^^^^^^^^^^
  File "C:\Users\Adm\AppData\Local\Programs\Python\Python312\Lib\signal.py", line 58, in signal
    handler = _signal.signal(_enum_to_int(signalnum), _enum_to_int(handler))
              ^^^^^^^^^^^^^^^^^^^^^^^^^^^^^^^^^^^^^^^^^^^^^^^^^^^^^^^^^^^^^^
ValueError: signal only works in main thread of the main interpreter
INFO → forex_shared.env_config_manager → [EnvConfig] 🔏 45 chaves marcadas como Secret no arquivo.
ERROR → forex_shared.worker_api.event_publisher → [MQEventPublisher] MQ start/connect failed; retrying in 5.0s
Traceback (most recent call last):
  File "C:\Projects\forex_system\shared_lib\forex_shared\worker_api\event_publisher.py", line 116, in start
    self._mq = self._mq_factory()
               ^^^^^^^^^^^^^^^^^^
  File "C:\Projects\forex_system\shared_lib\forex_shared\worker_api\event_publisher.py", line 257, in _default_mq_factory
    from forex_shared.providers.mq.mq_factory import MQFactory
  File "C:\Projects\forex_system\shared_lib\forex_shared\providers\__init__.py", line 23, in <module>
    from .mq.mq_factory import MQFactory
  File "C:\Projects\forex_system\shared_lib\forex_shared\providers\mq\__init__.py", line 9, in <module>
    from .mq_factory import MQFactory
  File "C:\Projects\forex_system\shared_lib\forex_shared\providers\mq\mq_factory.py", line 43, in <module>
    EnvConfigManager.startup()
  File "C:\Projects\forex_system\shared_lib\forex_shared\env_config_manager.py", line 141, in startup
    file_count = inst._sync_from_file()
                 ^^^^^^^^^^^^^^^^^^^^^^
  File "C:\Projects\forex_system\shared_lib\forex_shared\env_config_manager.py", line 553, in _sync_from_file
    self._bulk_sync_startup_non_blocking()
  File "C:\Projects\forex_system\shared_lib\forex_shared\env_config_manager.py", line 607, in _bulk_sync_startup_non_blocking
    old_handler = signal.signal(signal.SIGINT, _handle_sigint)
                  ^^^^^^^^^^^^^^^^^^^^^^^^^^^^^^^^^^^^^^^^^^^^
  File "C:\Users\Adm\AppData\Local\Programs\Python\Python312\Lib\signal.py", line 58, in signal
    handler = _signal.signal(_enum_to_int(signalnum), _enum_to_int(handler))
              ^^^^^^^^^^^^^^^^^^^^^^^^^^^^^^^^^^^^^^^^^^^^^^^^^^^^^^^^^^^^^^
ValueError: signal only works in main thread of the main interpreter
INFO → forex_shared.env_config_manager → [EnvConfig] 🔏 45 chaves marcadas como Secret no arquivo.
ERROR → forex_shared.worker_api.event_publisher → [MQEventPublisher] MQ start/connect failed; retrying in 5.0s
Traceback (most recent call last):
  File "C:\Projects\forex_system\shared_lib\forex_shared\worker_api\event_publisher.py", line 116, in start
    self._mq = self._mq_factory()
               ^^^^^^^^^^^^^^^^^^
  File "C:\Projects\forex_system\shared_lib\forex_shared\worker_api\event_publisher.py", line 257, in _default_mq_factory
    from forex_shared.providers.mq.mq_factory import MQFactory
  File "C:\Projects\forex_system\shared_lib\forex_shared\providers\__init__.py", line 23, in <module>
    from .mq.mq_factory import MQFactory
  File "C:\Projects\forex_system\shared_lib\forex_shared\providers\mq\__init__.py", line 9, in <module>
    from .mq_factory import MQFactory
  File "C:\Projects\forex_system\shared_lib\forex_shared\providers\mq\mq_factory.py", line 43, in <module>
    EnvConfigManager.startup()
  File "C:\Projects\forex_system\shared_lib\forex_shared\env_config_manager.py", line 141, in startup
    file_count = inst._sync_from_file()
                 ^^^^^^^^^^^^^^^^^^^^^^
  File "C:\Projects\forex_system\shared_lib\forex_shared\env_config_manager.py", line 553, in _sync_from_file
    self._bulk_sync_startup_non_blocking()
  File "C:\Projects\forex_system\shared_lib\forex_shared\env_config_manager.py", line 607, in _bulk_sync_startup_non_blocking
    old_handler = signal.signal(signal.SIGINT, _handle_sigint)
                  ^^^^^^^^^^^^^^^^^^^^^^^^^^^^^^^^^^^^^^^^^^^^
  File "C:\Users\Adm\AppData\Local\Programs\Python\Python312\Lib\signal.py", line 58, in signal
    handler = _signal.signal(_enum_to_int(signalnum), _enum_to_int(handler))
              ^^^^^^^^^^^^^^^^^^^^^^^^^^^^^^^^^^^^^^^^^^^^^^^^^^^^^^^^^^^^^^
ValueError: signal only works in main thread of the main interpreter
INFO → forex_shared.env_config_manager → [EnvConfig] 🔏 45 chaves marcadas como Secret no arquivo.
ERROR → forex_shared.worker_api.event_publisher → [MQEventPublisher] MQ start/connect failed; retrying in 5.0s
Traceback (most recent call last):
  File "C:\Projects\forex_system\shared_lib\forex_shared\worker_api\event_publisher.py", line 116, in start
    self._mq = self._mq_factory()
               ^^^^^^^^^^^^^^^^^^
  File "C:\Projects\forex_system\shared_lib\forex_shared\worker_api\event_publisher.py", line 257, in _default_mq_factory
    from forex_shared.providers.mq.mq_factory import MQFactory
  File "C:\Projects\forex_system\shared_lib\forex_shared\providers\__init__.py", line 23, in <module>
    from .mq.mq_factory import MQFactory
  File "C:\Projects\forex_system\shared_lib\forex_shared\providers\mq\__init__.py", line 9, in <module>
    from .mq_factory import MQFactory
  File "C:\Projects\forex_system\shared_lib\forex_shared\providers\mq\mq_factory.py", line 43, in <module>
    EnvConfigManager.startup()
  File "C:\Projects\forex_system\shared_lib\forex_shared\env_config_manager.py", line 141, in startup
    file_count = inst._sync_from_file()
                 ^^^^^^^^^^^^^^^^^^^^^^
  File "C:\Projects\forex_system\shared_lib\forex_shared\env_config_manager.py", line 553, in _sync_from_file
    self._bulk_sync_startup_non_blocking()
  File "C:\Projects\forex_system\shared_lib\forex_shared\env_config_manager.py", line 607, in _bulk_sync_startup_non_blocking
    old_handler = signal.signal(signal.SIGINT, _handle_sigint)
                  ^^^^^^^^^^^^^^^^^^^^^^^^^^^^^^^^^^^^^^^^^^^^
  File "C:\Users\Adm\AppData\Local\Programs\Python\Python312\Lib\signal.py", line 58, in signal
    handler = _signal.signal(_enum_to_int(signalnum), _enum_to_int(handler))
              ^^^^^^^^^^^^^^^^^^^^^^^^^^^^^^^^^^^^^^^^^^^^^^^^^^^^^^^^^^^^^^
ValueError: signal only works in main thread of the main interpreter
INFO → forex_shared.env_config_manager → [EnvConfig] 🔏 45 chaves marcadas como Secret no arquivo.
ERROR → forex_shared.worker_api.event_publisher → [MQEventPublisher] MQ start/connect failed; retrying in 5.0s
Traceback (most recent call last):
  File "C:\Projects\forex_system\shared_lib\forex_shared\worker_api\event_publisher.py", line 116, in start
    self._mq = self._mq_factory()
               ^^^^^^^^^^^^^^^^^^
  File "C:\Projects\forex_system\shared_lib\forex_shared\worker_api\event_publisher.py", line 257, in _default_mq_factory
    from forex_shared.providers.mq.mq_factory import MQFactory
  File "C:\Projects\forex_system\shared_lib\forex_shared\providers\__init__.py", line 23, in <module>
    from .mq.mq_factory import MQFactory
  File "C:\Projects\forex_system\shared_lib\forex_shared\providers\mq\__init__.py", line 9, in <module>
    from .mq_factory import MQFactory
  File "C:\Projects\forex_system\shared_lib\forex_shared\providers\mq\mq_factory.py", line 43, in <module>
    EnvConfigManager.startup()
  File "C:\Projects\forex_system\shared_lib\forex_shared\env_config_manager.py", line 141, in startup
    file_count = inst._sync_from_file()
                 ^^^^^^^^^^^^^^^^^^^^^^
  File "C:\Projects\forex_system\shared_lib\forex_shared\env_config_manager.py", line 553, in _sync_from_file
    self._bulk_sync_startup_non_blocking()
  File "C:\Projects\forex_system\shared_lib\forex_shared\env_config_manager.py", line 607, in _bulk_sync_startup_non_blocking
    old_handler = signal.signal(signal.SIGINT, _handle_sigint)
                  ^^^^^^^^^^^^^^^^^^^^^^^^^^^^^^^^^^^^^^^^^^^^
  File "C:\Users\Adm\AppData\Local\Programs\Python\Python312\Lib\signal.py", line 58, in signal
    handler = _signal.signal(_enum_to_int(signalnum), _enum_to_int(handler))
              ^^^^^^^^^^^^^^^^^^^^^^^^^^^^^^^^^^^^^^^^^^^^^^^^^^^^^^^^^^^^^^
ValueError: signal only works in main thread of the main interpreter
INFO → forex_shared.env_config_manager → [EnvConfig] 🔏 45 chaves marcadas como Secret no arquivo.
ERROR → forex_shared.worker_api.event_publisher → [MQEventPublisher] MQ start/connect failed; retrying in 5.0s
Traceback (most recent call last):
  File "C:\Projects\forex_system\shared_lib\forex_shared\worker_api\event_publisher.py", line 116, in start
    self._mq = self._mq_factory()
               ^^^^^^^^^^^^^^^^^^
  File "C:\Projects\forex_system\shared_lib\forex_shared\worker_api\event_publisher.py", line 257, in _default_mq_factory
    from forex_shared.providers.mq.mq_factory import MQFactory
  File "C:\Projects\forex_system\shared_lib\forex_shared\providers\__init__.py", line 23, in <module>
    from .mq.mq_factory import MQFactory
  File "C:\Projects\forex_system\shared_lib\forex_shared\providers\mq\__init__.py", line 9, in <module>
    from .mq_factory import MQFactory
  File "C:\Projects\forex_system\shared_lib\forex_shared\providers\mq\mq_factory.py", line 43, in <module>
    EnvConfigManager.startup()
  File "C:\Projects\forex_system\shared_lib\forex_shared\env_config_manager.py", line 141, in startup
    file_count = inst._sync_from_file()
                 ^^^^^^^^^^^^^^^^^^^^^^
  File "C:\Projects\forex_system\shared_lib\forex_shared\env_config_manager.py", line 553, in _sync_from_file
    self._bulk_sync_startup_non_blocking()
  File "C:\Projects\forex_system\shared_lib\forex_shared\env_config_manager.py", line 607, in _bulk_sync_startup_non_blocking
    old_handler = signal.signal(signal.SIGINT, _handle_sigint)
                  ^^^^^^^^^^^^^^^^^^^^^^^^^^^^^^^^^^^^^^^^^^^^
  File "C:\Users\Adm\AppData\Local\Programs\Python\Python312\Lib\signal.py", line 58, in signal
    handler = _signal.signal(_enum_to_int(signalnum), _enum_to_int(handler))
              ^^^^^^^^^^^^^^^^^^^^^^^^^^^^^^^^^^^^^^^^^^^^^^^^^^^^^^^^^^^^^^
ValueError: signal only works in main thread of the main interpreter
INFO → forex_shared.env_config_manager → [EnvConfig] 🔏 45 chaves marcadas como Secret no arquivo.
ERROR → forex_shared.worker_api.event_publisher → [MQEventPublisher] MQ start/connect failed; retrying in 5.0s
Traceback (most recent call last):
  File "C:\Projects\forex_system\shared_lib\forex_shared\worker_api\event_publisher.py", line 116, in start
    self._mq = self._mq_factory()
               ^^^^^^^^^^^^^^^^^^
  File "C:\Projects\forex_system\shared_lib\forex_shared\worker_api\event_publisher.py", line 257, in _default_mq_factory
    from forex_shared.providers.mq.mq_factory import MQFactory
  File "C:\Projects\forex_system\shared_lib\forex_shared\providers\__init__.py", line 23, in <module>
    from .mq.mq_factory import MQFactory
  File "C:\Projects\forex_system\shared_lib\forex_shared\providers\mq\__init__.py", line 9, in <module>
    from .mq_factory import MQFactory
  File "C:\Projects\forex_system\shared_lib\forex_shared\providers\mq\mq_factory.py", line 43, in <module>
    EnvConfigManager.startup()
  File "C:\Projects\forex_system\shared_lib\forex_shared\env_config_manager.py", line 141, in startup
    file_count = inst._sync_from_file()
                 ^^^^^^^^^^^^^^^^^^^^^^
  File "C:\Projects\forex_system\shared_lib\forex_shared\env_config_manager.py", line 553, in _sync_from_file
    self._bulk_sync_startup_non_blocking()
  File "C:\Projects\forex_system\shared_lib\forex_shared\env_config_manager.py", line 607, in _bulk_sync_startup_non_blocking
    old_handler = signal.signal(signal.SIGINT, _handle_sigint)
                  ^^^^^^^^^^^^^^^^^^^^^^^^^^^^^^^^^^^^^^^^^^^^
  File "C:\Users\Adm\AppData\Local\Programs\Python\Python312\Lib\signal.py", line 58, in signal
    handler = _signal.signal(_enum_to_int(signalnum), _enum_to_int(handler))
              ^^^^^^^^^^^^^^^^^^^^^^^^^^^^^^^^^^^^^^^^^^^^^^^^^^^^^^^^^^^^^^
ValueError: signal only works in main thread of the main interpreter
INFO → forex_shared.env_config_manager → [EnvConfig] 🔏 45 chaves marcadas como Secret no arquivo.
ERROR → forex_shared.worker_api.event_publisher → [MQEventPublisher] MQ start/connect failed; retrying in 5.0s
Traceback (most recent call last):
  File "C:\Projects\forex_system\shared_lib\forex_shared\worker_api\event_publisher.py", line 116, in start
    self._mq = self._mq_factory()
               ^^^^^^^^^^^^^^^^^^
  File "C:\Projects\forex_system\shared_lib\forex_shared\worker_api\event_publisher.py", line 257, in _default_mq_factory
    from forex_shared.providers.mq.mq_factory import MQFactory
  File "C:\Projects\forex_system\shared_lib\forex_shared\providers\__init__.py", line 23, in <module>
    from .mq.mq_factory import MQFactory
  File "C:\Projects\forex_system\shared_lib\forex_shared\providers\mq\__init__.py", line 9, in <module>
    from .mq_factory import MQFactory
  File "C:\Projects\forex_system\shared_lib\forex_shared\providers\mq\mq_factory.py", line 43, in <module>
    EnvConfigManager.startup()
  File "C:\Projects\forex_system\shared_lib\forex_shared\env_config_manager.py", line 141, in startup
    file_count = inst._sync_from_file()
                 ^^^^^^^^^^^^^^^^^^^^^^
  File "C:\Projects\forex_system\shared_lib\forex_shared\env_config_manager.py", line 553, in _sync_from_file
    self._bulk_sync_startup_non_blocking()
  File "C:\Projects\forex_system\shared_lib\forex_shared\env_config_manager.py", line 607, in _bulk_sync_startup_non_blocking
    old_handler = signal.signal(signal.SIGINT, _handle_sigint)
                  ^^^^^^^^^^^^^^^^^^^^^^^^^^^^^^^^^^^^^^^^^^^^
  File "C:\Users\Adm\AppData\Local\Programs\Python\Python312\Lib\signal.py", line 58, in signal
    handler = _signal.signal(_enum_to_int(signalnum), _enum_to_int(handler))
              ^^^^^^^^^^^^^^^^^^^^^^^^^^^^^^^^^^^^^^^^^^^^^^^^^^^^^^^^^^^^^^
ValueError: signal only works in main thread of the main interpreter
INFO → forex_shared.env_config_manager → [EnvConfig] 🔏 45 chaves marcadas como Secret no arquivo.
ERROR → forex_shared.worker_api.event_publisher → [MQEventPublisher] MQ start/connect failed; retrying in 5.0s
Traceback (most recent call last):
  File "C:\Projects\forex_system\shared_lib\forex_shared\worker_api\event_publisher.py", line 116, in start
    self._mq = self._mq_factory()
               ^^^^^^^^^^^^^^^^^^
  File "C:\Projects\forex_system\shared_lib\forex_shared\worker_api\event_publisher.py", line 257, in _default_mq_factory
    from forex_shared.providers.mq.mq_factory import MQFactory
  File "C:\Projects\forex_system\shared_lib\forex_shared\providers\__init__.py", line 23, in <module>
    from .mq.mq_factory import MQFactory
  File "C:\Projects\forex_system\shared_lib\forex_shared\providers\mq\__init__.py", line 9, in <module>
    from .mq_factory import MQFactory
  File "C:\Projects\forex_system\shared_lib\forex_shared\providers\mq\mq_factory.py", line 43, in <module>
    EnvConfigManager.startup()
  File "C:\Projects\forex_system\shared_lib\forex_shared\env_config_manager.py", line 141, in startup
    file_count = inst._sync_from_file()
                 ^^^^^^^^^^^^^^^^^^^^^^
  File "C:\Projects\forex_system\shared_lib\forex_shared\env_config_manager.py", line 553, in _sync_from_file
    self._bulk_sync_startup_non_blocking()
  File "C:\Projects\forex_system\shared_lib\forex_shared\env_config_manager.py", line 607, in _bulk_sync_startup_non_blocking
    old_handler = signal.signal(signal.SIGINT, _handle_sigint)
                  ^^^^^^^^^^^^^^^^^^^^^^^^^^^^^^^^^^^^^^^^^^^^
  File "C:\Users\Adm\AppData\Local\Programs\Python\Python312\Lib\signal.py", line 58, in signal
    handler = _signal.signal(_enum_to_int(signalnum), _enum_to_int(handler))
              ^^^^^^^^^^^^^^^^^^^^^^^^^^^^^^^^^^^^^^^^^^^^^^^^^^^^^^^^^^^^^^
ValueError: signal only works in main thread of the main interpreter
INFO → forex_shared.env_config_manager → [EnvConfig] 🔏 45 chaves marcadas como Secret no arquivo.
ERROR → forex_shared.worker_api.event_publisher → [MQEventPublisher] MQ start/connect failed; retrying in 5.0s
Traceback (most recent call last):
  File "C:\Projects\forex_system\shared_lib\forex_shared\worker_api\event_publisher.py", line 116, in start
    self._mq = self._mq_factory()
               ^^^^^^^^^^^^^^^^^^
  File "C:\Projects\forex_system\shared_lib\forex_shared\worker_api\event_publisher.py", line 257, in _default_mq_factory
    from forex_shared.providers.mq.mq_factory import MQFactory
  File "C:\Projects\forex_system\shared_lib\forex_shared\providers\__init__.py", line 23, in <module>
    from .mq.mq_factory import MQFactory
  File "C:\Projects\forex_system\shared_lib\forex_shared\providers\mq\__init__.py", line 9, in <module>
    from .mq_factory import MQFactory
  File "C:\Projects\forex_system\shared_lib\forex_shared\providers\mq\mq_factory.py", line 43, in <module>
    EnvConfigManager.startup()
  File "C:\Projects\forex_system\shared_lib\forex_shared\env_config_manager.py", line 141, in startup
    file_count = inst._sync_from_file()
                 ^^^^^^^^^^^^^^^^^^^^^^
  File "C:\Projects\forex_system\shared_lib\forex_shared\env_config_manager.py", line 553, in _sync_from_file
    self._bulk_sync_startup_non_blocking()
  File "C:\Projects\forex_system\shared_lib\forex_shared\env_config_manager.py", line 607, in _bulk_sync_startup_non_blocking
    old_handler = signal.signal(signal.SIGINT, _handle_sigint)
                  ^^^^^^^^^^^^^^^^^^^^^^^^^^^^^^^^^^^^^^^^^^^^
  File "C:\Users\Adm\AppData\Local\Programs\Python\Python312\Lib\signal.py", line 58, in signal
    handler = _signal.signal(_enum_to_int(signalnum), _enum_to_int(handler))
              ^^^^^^^^^^^^^^^^^^^^^^^^^^^^^^^^^^^^^^^^^^^^^^^^^^^^^^^^^^^^^^
ValueError: signal only works in main thread of the main interpreter
INFO → forex_shared.env_config_manager → [EnvConfig] 🔏 45 chaves marcadas como Secret no arquivo.
ERROR → forex_shared.worker_api.event_publisher → [MQEventPublisher] MQ start/connect failed; retrying in 5.0s
Traceback (most recent call last):
  File "C:\Projects\forex_system\shared_lib\forex_shared\worker_api\event_publisher.py", line 116, in start
    self._mq = self._mq_factory()
               ^^^^^^^^^^^^^^^^^^
  File "C:\Projects\forex_system\shared_lib\forex_shared\worker_api\event_publisher.py", line 257, in _default_mq_factory
    from forex_shared.providers.mq.mq_factory import MQFactory
  File "C:\Projects\forex_system\shared_lib\forex_shared\providers\__init__.py", line 23, in <module>
    from .mq.mq_factory import MQFactory
  File "C:\Projects\forex_system\shared_lib\forex_shared\providers\mq\__init__.py", line 9, in <module>
    from .mq_factory import MQFactory
  File "C:\Projects\forex_system\shared_lib\forex_shared\providers\mq\mq_factory.py", line 43, in <module>
    EnvConfigManager.startup()
  File "C:\Projects\forex_system\shared_lib\forex_shared\env_config_manager.py", line 141, in startup
    file_count = inst._sync_from_file()
                 ^^^^^^^^^^^^^^^^^^^^^^
  File "C:\Projects\forex_system\shared_lib\forex_shared\env_config_manager.py", line 553, in _sync_from_file
    self._bulk_sync_startup_non_blocking()
  File "C:\Projects\forex_system\shared_lib\forex_shared\env_config_manager.py", line 607, in _bulk_sync_startup_non_blocking
    old_handler = signal.signal(signal.SIGINT, _handle_sigint)
                  ^^^^^^^^^^^^^^^^^^^^^^^^^^^^^^^^^^^^^^^^^^^^
  File "C:\Users\Adm\AppData\Local\Programs\Python\Python312\Lib\signal.py", line 58, in signal
    handler = _signal.signal(_enum_to_int(signalnum), _enum_to_int(handler))
              ^^^^^^^^^^^^^^^^^^^^^^^^^^^^^^^^^^^^^^^^^^^^^^^^^^^^^^^^^^^^^^
ValueError: signal only works in main thread of the main interpreter
INFO → forex_shared.env_config_manager → [EnvConfig] 🔏 45 chaves marcadas como Secret no arquivo.
ERROR → forex_shared.worker_api.event_publisher → [MQEventPublisher] MQ start/connect failed; retrying in 5.0s
Traceback (most recent call last):
  File "C:\Projects\forex_system\shared_lib\forex_shared\worker_api\event_publisher.py", line 116, in start
    self._mq = self._mq_factory()
               ^^^^^^^^^^^^^^^^^^
  File "C:\Projects\forex_system\shared_lib\forex_shared\worker_api\event_publisher.py", line 257, in _default_mq_factory
    from forex_shared.providers.mq.mq_factory import MQFactory
  File "C:\Projects\forex_system\shared_lib\forex_shared\providers\__init__.py", line 23, in <module>
    from .mq.mq_factory import MQFactory
  File "C:\Projects\forex_system\shared_lib\forex_shared\providers\mq\__init__.py", line 9, in <module>
    from .mq_factory import MQFactory
  File "C:\Projects\forex_system\shared_lib\forex_shared\providers\mq\mq_factory.py", line 43, in <module>
    EnvConfigManager.startup()
  File "C:\Projects\forex_system\shared_lib\forex_shared\env_config_manager.py", line 141, in startup
    file_count = inst._sync_from_file()
                 ^^^^^^^^^^^^^^^^^^^^^^
  File "C:\Projects\forex_system\shared_lib\forex_shared\env_config_manager.py", line 553, in _sync_from_file
    self._bulk_sync_startup_non_blocking()
  File "C:\Projects\forex_system\shared_lib\forex_shared\env_config_manager.py", line 607, in _bulk_sync_startup_non_blocking
    old_handler = signal.signal(signal.SIGINT, _handle_sigint)
                  ^^^^^^^^^^^^^^^^^^^^^^^^^^^^^^^^^^^^^^^^^^^^
  File "C:\Users\Adm\AppData\Local\Programs\Python\Python312\Lib\signal.py", line 58, in signal
    handler = _signal.signal(_enum_to_int(signalnum), _enum_to_int(handler))
              ^^^^^^^^^^^^^^^^^^^^^^^^^^^^^^^^^^^^^^^^^^^^^^^^^^^^^^^^^^^^^^
ValueError: signal only works in main thread of the main interpreter
INFO → forex_shared.env_config_manager → [EnvConfig] 🔏 45 chaves marcadas como Secret no arquivo.
ERROR → forex_shared.worker_api.event_publisher → [MQEventPublisher] MQ start/connect failed; retrying in 5.0s
Traceback (most recent call last):
  File "C:\Projects\forex_system\shared_lib\forex_shared\worker_api\event_publisher.py", line 116, in start
    self._mq = self._mq_factory()
               ^^^^^^^^^^^^^^^^^^
  File "C:\Projects\forex_system\shared_lib\forex_shared\worker_api\event_publisher.py", line 257, in _default_mq_factory
    from forex_shared.providers.mq.mq_factory import MQFactory
  File "C:\Projects\forex_system\shared_lib\forex_shared\providers\__init__.py", line 23, in <module>
    from .mq.mq_factory import MQFactory
  File "C:\Projects\forex_system\shared_lib\forex_shared\providers\mq\__init__.py", line 9, in <module>
    from .mq_factory import MQFactory
  File "C:\Projects\forex_system\shared_lib\forex_shared\providers\mq\mq_factory.py", line 43, in <module>
    EnvConfigManager.startup()
  File "C:\Projects\forex_system\shared_lib\forex_shared\env_config_manager.py", line 141, in startup
    file_count = inst._sync_from_file()
                 ^^^^^^^^^^^^^^^^^^^^^^
  File "C:\Projects\forex_system\shared_lib\forex_shared\env_config_manager.py", line 553, in _sync_from_file
    self._bulk_sync_startup_non_blocking()
  File "C:\Projects\forex_system\shared_lib\forex_shared\env_config_manager.py", line 607, in _bulk_sync_startup_non_blocking
    old_handler = signal.signal(signal.SIGINT, _handle_sigint)
                  ^^^^^^^^^^^^^^^^^^^^^^^^^^^^^^^^^^^^^^^^^^^^
  File "C:\Users\Adm\AppData\Local\Programs\Python\Python312\Lib\signal.py", line 58, in signal
    handler = _signal.signal(_enum_to_int(signalnum), _enum_to_int(handler))
              ^^^^^^^^^^^^^^^^^^^^^^^^^^^^^^^^^^^^^^^^^^^^^^^^^^^^^^^^^^^^^^
ValueError: signal only works in main thread of the main interpreter
INFO → forex_shared.env_config_manager → [EnvConfig] 🔏 45 chaves marcadas como Secret no arquivo.
ERROR → forex_shared.worker_api.event_publisher → [MQEventPublisher] MQ start/connect failed; retrying in 5.0s
Traceback (most recent call last):
  File "C:\Projects\forex_system\shared_lib\forex_shared\worker_api\event_publisher.py", line 116, in start
    self._mq = self._mq_factory()
               ^^^^^^^^^^^^^^^^^^
  File "C:\Projects\forex_system\shared_lib\forex_shared\worker_api\event_publisher.py", line 257, in _default_mq_factory
    from forex_shared.providers.mq.mq_factory import MQFactory
  File "C:\Projects\forex_system\shared_lib\forex_shared\providers\__init__.py", line 23, in <module>
    from .mq.mq_factory import MQFactory
  File "C:\Projects\forex_system\shared_lib\forex_shared\providers\mq\__init__.py", line 9, in <module>
    from .mq_factory import MQFactory
  File "C:\Projects\forex_system\shared_lib\forex_shared\providers\mq\mq_factory.py", line 43, in <module>
    EnvConfigManager.startup()
  File "C:\Projects\forex_system\shared_lib\forex_shared\env_config_manager.py", line 141, in startup
    file_count = inst._sync_from_file()
                 ^^^^^^^^^^^^^^^^^^^^^^
  File "C:\Projects\forex_system\shared_lib\forex_shared\env_config_manager.py", line 553, in _sync_from_file
    self._bulk_sync_startup_non_blocking()
  File "C:\Projects\forex_system\shared_lib\forex_shared\env_config_manager.py", line 607, in _bulk_sync_startup_non_blocking
    old_handler = signal.signal(signal.SIGINT, _handle_sigint)
                  ^^^^^^^^^^^^^^^^^^^^^^^^^^^^^^^^^^^^^^^^^^^^
  File "C:\Users\Adm\AppData\Local\Programs\Python\Python312\Lib\signal.py", line 58, in signal
    handler = _signal.signal(_enum_to_int(signalnum), _enum_to_int(handler))
              ^^^^^^^^^^^^^^^^^^^^^^^^^^^^^^^^^^^^^^^^^^^^^^^^^^^^^^^^^^^^^^
ValueError: signal only works in main thread of the main interpreter
INFO → forex_shared.env_config_manager → [EnvConfig] 🔏 45 chaves marcadas como Secret no arquivo.
ERROR → forex_shared.worker_api.event_publisher → [MQEventPublisher] MQ start/connect failed; retrying in 5.0s
Traceback (most recent call last):
  File "C:\Projects\forex_system\shared_lib\forex_shared\worker_api\event_publisher.py", line 116, in start
    self._mq = self._mq_factory()
               ^^^^^^^^^^^^^^^^^^
  File "C:\Projects\forex_system\shared_lib\forex_shared\worker_api\event_publisher.py", line 257, in _default_mq_factory
    from forex_shared.providers.mq.mq_factory import MQFactory
  File "C:\Projects\forex_system\shared_lib\forex_shared\providers\__init__.py", line 23, in <module>
    from .mq.mq_factory import MQFactory
  File "C:\Projects\forex_system\shared_lib\forex_shared\providers\mq\__init__.py", line 9, in <module>
    from .mq_factory import MQFactory
  File "C:\Projects\forex_system\shared_lib\forex_shared\providers\mq\mq_factory.py", line 43, in <module>
    EnvConfigManager.startup()
  File "C:\Projects\forex_system\shared_lib\forex_shared\env_config_manager.py", line 141, in startup
    file_count = inst._sync_from_file()
                 ^^^^^^^^^^^^^^^^^^^^^^
  File "C:\Projects\forex_system\shared_lib\forex_shared\env_config_manager.py", line 553, in _sync_from_file
    self._bulk_sync_startup_non_blocking()
  File "C:\Projects\forex_system\shared_lib\forex_shared\env_config_manager.py", line 607, in _bulk_sync_startup_non_blocking
    old_handler = signal.signal(signal.SIGINT, _handle_sigint)
                  ^^^^^^^^^^^^^^^^^^^^^^^^^^^^^^^^^^^^^^^^^^^^
  File "C:\Users\Adm\AppData\Local\Programs\Python\Python312\Lib\signal.py", line 58, in signal
    handler = _signal.signal(_enum_to_int(signalnum), _enum_to_int(handler))
              ^^^^^^^^^^^^^^^^^^^^^^^^^^^^^^^^^^^^^^^^^^^^^^^^^^^^^^^^^^^^^^
ValueError: signal only works in main thread of the main interpreter
INFO → forex_shared.env_config_manager → [EnvConfig] 🔏 45 chaves marcadas como Secret no arquivo.
ERROR → forex_shared.worker_api.event_publisher → [MQEventPublisher] MQ start/connect failed; retrying in 5.0s
Traceback (most recent call last):
  File "C:\Projects\forex_system\shared_lib\forex_shared\worker_api\event_publisher.py", line 116, in start
    self._mq = self._mq_factory()
               ^^^^^^^^^^^^^^^^^^
  File "C:\Projects\forex_system\shared_lib\forex_shared\worker_api\event_publisher.py", line 257, in _default_mq_factory
    from forex_shared.providers.mq.mq_factory import MQFactory
  File "C:\Projects\forex_system\shared_lib\forex_shared\providers\__init__.py", line 23, in <module>
    from .mq.mq_factory import MQFactory
  File "C:\Projects\forex_system\shared_lib\forex_shared\providers\mq\__init__.py", line 9, in <module>
    from .mq_factory import MQFactory
  File "C:\Projects\forex_system\shared_lib\forex_shared\providers\mq\mq_factory.py", line 43, in <module>
    EnvConfigManager.startup()
  File "C:\Projects\forex_system\shared_lib\forex_shared\env_config_manager.py", line 141, in startup
    file_count = inst._sync_from_file()
                 ^^^^^^^^^^^^^^^^^^^^^^
  File "C:\Projects\forex_system\shared_lib\forex_shared\env_config_manager.py", line 553, in _sync_from_file
    self._bulk_sync_startup_non_blocking()
  File "C:\Projects\forex_system\shared_lib\forex_shared\env_config_manager.py", line 607, in _bulk_sync_startup_non_blocking
    old_handler = signal.signal(signal.SIGINT, _handle_sigint)
                  ^^^^^^^^^^^^^^^^^^^^^^^^^^^^^^^^^^^^^^^^^^^^
  File "C:\Users\Adm\AppData\Local\Programs\Python\Python312\Lib\signal.py", line 58, in signal
    handler = _signal.signal(_enum_to_int(signalnum), _enum_to_int(handler))
              ^^^^^^^^^^^^^^^^^^^^^^^^^^^^^^^^^^^^^^^^^^^^^^^^^^^^^^^^^^^^^^
ValueError: signal only works in main thread of the main interpreter
INFO → forex_shared.env_config_manager → [EnvConfig] 🔏 45 chaves marcadas como Secret no arquivo.
ERROR → forex_shared.worker_api.event_publisher → [MQEventPublisher] MQ start/connect failed; retrying in 5.0s
Traceback (most recent call last):
  File "C:\Projects\forex_system\shared_lib\forex_shared\worker_api\event_publisher.py", line 116, in start
    self._mq = self._mq_factory()
               ^^^^^^^^^^^^^^^^^^
  File "C:\Projects\forex_system\shared_lib\forex_shared\worker_api\event_publisher.py", line 257, in _default_mq_factory
    from forex_shared.providers.mq.mq_factory import MQFactory
  File "C:\Projects\forex_system\shared_lib\forex_shared\providers\__init__.py", line 23, in <module>
    from .mq.mq_factory import MQFactory
  File "C:\Projects\forex_system\shared_lib\forex_shared\providers\mq\__init__.py", line 9, in <module>
    from .mq_factory import MQFactory
  File "C:\Projects\forex_system\shared_lib\forex_shared\providers\mq\mq_factory.py", line 43, in <module>
    EnvConfigManager.startup()
  File "C:\Projects\forex_system\shared_lib\forex_shared\env_config_manager.py", line 141, in startup
    file_count = inst._sync_from_file()
                 ^^^^^^^^^^^^^^^^^^^^^^
  File "C:\Projects\forex_system\shared_lib\forex_shared\env_config_manager.py", line 553, in _sync_from_file
    self._bulk_sync_startup_non_blocking()
  File "C:\Projects\forex_system\shared_lib\forex_shared\env_config_manager.py", line 607, in _bulk_sync_startup_non_blocking
    old_handler = signal.signal(signal.SIGINT, _handle_sigint)
                  ^^^^^^^^^^^^^^^^^^^^^^^^^^^^^^^^^^^^^^^^^^^^
  File "C:\Users\Adm\AppData\Local\Programs\Python\Python312\Lib\signal.py", line 58, in signal
    handler = _signal.signal(_enum_to_int(signalnum), _enum_to_int(handler))
              ^^^^^^^^^^^^^^^^^^^^^^^^^^^^^^^^^^^^^^^^^^^^^^^^^^^^^^^^^^^^^^
ValueError: signal only works in main thread of the main interpreter
INFO → forex_shared.env_config_manager → [EnvConfig] 🔏 45 chaves marcadas como Secret no arquivo.
ERROR → forex_shared.worker_api.event_publisher → [MQEventPublisher] MQ start/connect failed; retrying in 5.0s
Traceback (most recent call last):
  File "C:\Projects\forex_system\shared_lib\forex_shared\worker_api\event_publisher.py", line 116, in start
    self._mq = self._mq_factory()
               ^^^^^^^^^^^^^^^^^^
  File "C:\Projects\forex_system\shared_lib\forex_shared\worker_api\event_publisher.py", line 257, in _default_mq_factory
    from forex_shared.providers.mq.mq_factory import MQFactory
  File "C:\Projects\forex_system\shared_lib\forex_shared\providers\__init__.py", line 23, in <module>
    from .mq.mq_factory import MQFactory
  File "C:\Projects\forex_system\shared_lib\forex_shared\providers\mq\__init__.py", line 9, in <module>
    from .mq_factory import MQFactory
  File "C:\Projects\forex_system\shared_lib\forex_shared\providers\mq\mq_factory.py", line 43, in <module>
    EnvConfigManager.startup()
  File "C:\Projects\forex_system\shared_lib\forex_shared\env_config_manager.py", line 141, in startup
    file_count = inst._sync_from_file()
                 ^^^^^^^^^^^^^^^^^^^^^^
  File "C:\Projects\forex_system\shared_lib\forex_shared\env_config_manager.py", line 553, in _sync_from_file
    self._bulk_sync_startup_non_blocking()
  File "C:\Projects\forex_system\shared_lib\forex_shared\env_config_manager.py", line 607, in _bulk_sync_startup_non_blocking
    old_handler = signal.signal(signal.SIGINT, _handle_sigint)
                  ^^^^^^^^^^^^^^^^^^^^^^^^^^^^^^^^^^^^^^^^^^^^
  File "C:\Users\Adm\AppData\Local\Programs\Python\Python312\Lib\signal.py", line 58, in signal
    handler = _signal.signal(_enum_to_int(signalnum), _enum_to_int(handler))
              ^^^^^^^^^^^^^^^^^^^^^^^^^^^^^^^^^^^^^^^^^^^^^^^^^^^^^^^^^^^^^^
ValueError: signal only works in main thread of the main interpreter
