INFO     👀 Logging system initialized                     logger_config.py:182
INFO     👀 [EnvConfig] 🔏 47 chaves marcadas como   env_config_manager.py:1072
         Secret no arquivo.                                                    
INFO     👀 [EnvConfig] 5 chaves bootstrap           env_config_manager.py:1025
         carregadas do arquivo.                                                
INFO     👀 [EnvConfig] 1 bootstrap secrets           env_config_manager.py:690
         carregados.                                                           
C:\Projects\forex_system\shared_lib\forex_shared\mongo_manager.py:128: UserWarning: You appear to be connected to a CosmosDB cluster. For more information regarding feature compatibility and support please visit https://www.mongodb.com/supportability/cosmosdb
  self.client = MongoClient(
INFO     👀 [MongoManager] Conectado via connection string mongo_manager.py:143
         | db=forex_system                                                     
INFO     👀 [MongoManager] bulk_sync(env_config): 0 novos, mongo_manager.py:208
         26 atualizados.                                                       
INFO     👀 [EnvConfig] 150 chaves sincronizadas com  env_config_manager.py:951
         MongoDB.                                                              
INFO     👀 [EnvConfig] 143 novas chaves setadas em   env_config_manager.py:886
         os.environ.                                                           
INFO     👀 [EnvConfig] 150 chaves recarregadas do    env_config_manager.py:965
         MongoDB.                                                              
INFO     👀 TranslationWorker initializing...                      worker.py:45
INFO     👀 TranslationWorker 'translation-default' started.       worker.py:40
INFO     👀 Language detector (GlotLID) loaded from                engine.py:89
         C:\Projects\forex_system\services\collector_events\.model             
         s\lid\lid.176.bin                                                     
INFO     👀 NLLB translator loaded:                               engine.py:115
         .models/nllb-200-distilled-600M on cpu                                
INFO     👀 [RabbitMQ Async] Conectando:          rabbitmq_provider_async.py:53
         amqp://guest:guest@localhost:5672/                                    
INFO     👀 [RabbitMQ Async] Conectando:          rabbitmq_provider_async.py:62
         amqp://guest:guest@localhost:5672/                                    
INFO     👀 [RabbitMQ Async] Conectado. Exchange  rabbitmq_provider_async.py:85
         'forex_market_events' ativo.                                          
INFO     👀 [RabbitMQ Async] Inscrito:           rabbitmq_provider_async.py:218
         'intel.events.#' → fila                                               
         'amq_0b26c3b248c04ac7962a946a7d3a1db0'                                
INFO     👀 TranslationSession 'default' started. Listening on    session.py:58
         intel.events.#                                                        
INFO     👀 Translation session 'default' created.                 worker.py:89
INFO     👀 [RabbitMQ Async] Consumo ativo.      rabbitmq_provider_async.py:231
         Aguardando eventos...                                                 
INFO     👀 Translated event id=telegram:firstsquaw:131964        session.py:90
         source=telegram topic=intel.translated.social count=1                 
         translation_source=➡️No translation needed                            
INFO     👀 Translated event id=telegram:firstsquaw:131965        session.py:90
         source=telegram topic=intel.translated.social count=2                 
         translation_source=➡️No translation needed                            
INFO     👀 Translated event id=telegram:firstsquaw:131966        session.py:90
         source=telegram topic=intel.translated.social count=3                 
         translation_source=➡️No translation needed                            
INFO     👀 Translated event id=telegram:firstsquaw:131967        session.py:90
         source=telegram topic=intel.translated.social count=4                 
         translation_source=➡️No translation needed                            
INFO     👀 Translated event id=telegram:firstsquaw:131968        session.py:90
         source=telegram topic=intel.translated.social count=5                 
         translation_source=➡️No translation needed                            
INFO     👀 Translated event id=telegram:firstsquaw:131969        session.py:90
         source=telegram topic=intel.translated.social count=6                 
         translation_source=➡️No translation needed                            
INFO     👀 Translated event id=telegram:firstsquaw:131970        session.py:90
         source=telegram topic=intel.translated.social count=7                 
         translation_source=➡️No translation needed                            
INFO     👀 Translated event id=telegram:firstsquaw:131971        session.py:90
         source=telegram topic=intel.translated.social count=8                 
         translation_source=➡️No translation needed                            
INFO     👀 Translated event id=telegram:firstsquaw:131972        session.py:90
         source=telegram topic=intel.translated.social count=9                 
         translation_source=➡️No translation needed                            
INFO     👀 Translated event id=telegram:firstsquaw:131973        session.py:90
         source=telegram topic=intel.translated.social count=10                
         translation_source=➡️No translation needed                            
INFO     👀 Translated event id=telegram:firstsquaw:131974        session.py:90
         source=telegram topic=intel.translated.social count=11                
         translation_source=➡️No translation needed                            
INFO     👀 Translated event id=telegram:firstsquaw:131975        session.py:90
         source=telegram topic=intel.translated.social count=12                
         translation_source=➡️No translation needed                            
INFO     👀 Translated event id=telegram:firstsquaw:131976        session.py:90
         source=telegram topic=intel.translated.social count=13                
         translation_source=➡️No translation needed                            
INFO     👀 Translated event id=telegram:firstsquaw:131977        session.py:90
         source=telegram topic=intel.translated.social count=14                
         translation_source=➡️No translation needed                            
INFO     👀 Translated event id=telegram:firstsquaw:131978        session.py:90
         source=telegram topic=intel.translated.social count=15                
         translation_source=➡️No translation needed                            
INFO     👀 Translated event id=telegram:firstsquaw:131979        session.py:90
         source=telegram topic=intel.translated.social count=16                
         translation_source=➡️No translation needed                            
INFO     👀 Translated event id=telegram:firstsquaw:131980        session.py:90
         source=telegram topic=intel.translated.social count=17                
         translation_source=➡️No translation needed                            
INFO     👀 Translated event id=telegram:firstsquaw:131981        session.py:90
         source=telegram topic=intel.translated.social count=18                
         translation_source=➡️No translation needed                            
INFO     👀 Translated event id=telegram:firstsquaw:131982        session.py:90
         source=telegram topic=intel.translated.social count=19                
         translation_source=➡️No translation needed                            
INFO     👀 Translated event id=telegram:firstsquaw:131983        session.py:90
         source=telegram topic=intel.translated.social count=20                
         translation_source=➡️No translation needed                            
INFO     👀 Translated event id=telegram:firstsquaw:131984        session.py:90
         source=telegram topic=intel.translated.social count=21                
         translation_source=➡️No translation needed                            
INFO     👀 Translated event id=telegram:firstsquaw:131985        session.py:90
         source=telegram topic=intel.translated.social count=22                
         translation_source=➡️No translation needed                            
INFO     👀 Translated event id=telegram:firstsquaw:131986        session.py:90
         source=telegram topic=intel.translated.social count=23                
         translation_source=➡️No translation needed                            
INFO     👀 Translated event id=telegram:firstsquaw:131987        session.py:90
         source=telegram topic=intel.translated.social count=24                
         translation_source=➡️No translation needed                            
INFO     👀 Translated event id=telegram:firstsquaw:131988        session.py:90
         source=telegram topic=intel.translated.social count=25                
         translation_source=➡️No translation needed                            
INFO     👀 Translated event id=telegram:zerohedge:172111         session.py:90
         source=telegram topic=intel.translated.social count=26                
         translation_source=➡️No translation needed                            
INFO     👀 Translated event id=telegram:ClashReport:81599        session.py:90
         source=telegram topic=intel.translated.conflict count=27              
         translation_source=➡️No translation needed                            
INFO     👀 Translated event id=telegram:ClashReport:81600        session.py:90
         source=telegram topic=intel.translated.conflict count=28              
         translation_source=➡️No translation needed                            
INFO     👀 Translated event id=telegram:ClashReport:81601        session.py:90
         source=telegram topic=intel.translated.conflict count=29              
         translation_source=➡️No translation needed                            
INFO     👀 Translated event id=telegram:ClashReport:81602        session.py:90
         source=telegram topic=intel.translated.conflict count=30              
         translation_source=➡️No translation needed                            
INFO     👀 Translated event id=telegram:ClashReport:81603        session.py:90
         source=telegram topic=intel.translated.conflict count=31              
         translation_source=➡️No translation needed                            
INFO     👀 Translated event id=telegram:abualiexpress:121805     session.py:90
         source=telegram topic=intel.translated.social count=32                
         translation_source=⚡Translation from Hebrew (heb_Hebr)               
INFO     👀 Translated event id=telegram:abualiexpress:121800     session.py:90
         source=telegram topic=intel.translated.social count=33                
         translation_source=⚡Translation from Hebrew (heb_Hebr)               
INFO     👀 Translated event id=telegram:abualiexpress:121807     session.py:90
         source=telegram topic=intel.translated.social count=34                
         translation_source=⚡Translation from Hebrew (heb_Hebr)               
INFO     👀 Translated event id=telegram:abualiexpress:121809     session.py:90
         source=telegram topic=intel.translated.social count=35                
         translation_source=⚡Translation from Hebrew (heb_Hebr)               
INFO     👀 Translated event id=telegram:abualiexpress:121810     session.py:90
         source=telegram topic=intel.translated.social count=36                
         translation_source=⚡Translation from Hebrew (heb_Hebr)               
INFO     👀 Translated event id=telegram:abualiexpress:121799     session.py:90
         source=telegram topic=intel.translated.social count=37                
         translation_source=⚡Translation from Hebrew (heb_Hebr)               
INFO     👀 Translated event id=telegram:abualiexpress:121812     session.py:90
         source=telegram topic=intel.translated.social count=38                
         translation_source=⚡Translation from Hebrew (heb_Hebr)               
INFO     👀 Translated event id=telegram:abualiexpress:121813     session.py:90
         source=telegram topic=intel.translated.social count=39                
         translation_source=⚡Translation from Hebrew (heb_Hebr)               
INFO     👀 Translated event id=telegram:abualiexpress:121808     session.py:90
         source=telegram topic=intel.translated.social count=40                
         translation_source=⚡Translation from Hebrew (heb_Hebr)               
INFO     👀 Translated event id=telegram:abualiexpress:121811     session.py:90
         source=telegram topic=intel.translated.social count=41                
         translation_source=⚡Translation from Hebrew (heb_Hebr)               
INFO     👀 Translated event id=telegram:abualiexpress:121819     session.py:90
         source=telegram topic=intel.translated.social count=42                
         translation_source=⚡Translation from Hebrew (heb_Hebr)               
INFO     👀 Translated event id=telegram:DefenderDome:20609       session.py:90
         source=telegram topic=intel.translated.conflict count=43              
         translation_source=➡️No translation needed                            
INFO     👀 Translated event id=telegram:abualiexpress:121816     session.py:90
         source=telegram topic=intel.translated.social count=44                
         translation_source=⚡Translation from Hebrew (heb_Hebr)               
INFO     👀 Translated event id=telegram:abualiexpress:121801     session.py:90
         source=telegram topic=intel.translated.social count=45                
         translation_source=⚡Translation from Hebrew (heb_Hebr)               
INFO     👀 Translated event id=telegram:abualiexpress:121814     session.py:90
         source=telegram topic=intel.translated.social count=46                
         translation_source=⚡Translation from Hebrew (heb_Hebr)               
INFO     👀 Translated event id=telegram:abualiexpress:121823     session.py:90
         source=telegram topic=intel.translated.social count=47                
         translation_source=⚡Translation from Hebrew (heb_Hebr)               
INFO     👀 Translated event id=telegram:abualiexpress:121815     session.py:90
         source=telegram topic=intel.translated.social count=48                
         translation_source=⚡Translation from Hebrew (heb_Hebr)               
INFO     👀 Translated event id=telegram:abualiexpress:121818     session.py:90
         source=telegram topic=intel.translated.social count=49                
         translation_source=⚡Translation from Hebrew (heb_Hebr)               
INFO     👀 Translated event id=telegram:abualiexpress:121806     session.py:90
         source=telegram topic=intel.translated.social count=50                
         translation_source=⚡Translation from Hebrew (heb_Hebr)               
