INFO     👀 Logging system initialized                     logger_config.py:182
INFO     👀 [EnvConfig] 🔏 47 chaves marcadas como   env_config_manager.py:1072
         Secret no arquivo.                                                    
INFO     👀 [EnvConfig] 5 chaves bootstrap           env_config_manager.py:1025
         carregadas do arquivo.                                                
INFO     👀 [EnvConfig] 1 bootstrap secrets           env_config_manager.py:690
         carregados.                                                           
INFO     👀 [MongoManager] Conectado via connection string mongo_manager.py:143
         | db=forex_system                                                     
INFO     👀 [MongoManager] bulk_sync(env_config): 0 novos, mongo_manager.py:208
         26 atualizados.                                                       
INFO     👀 [EnvConfig] 150 chaves sincronizadas com  env_config_manager.py:951
         MongoDB.                                                              
INFO     👀 [EnvConfig] 143 novas chaves setadas em   env_config_manager.py:886
         os.environ.                                                           
INFO     👀 [EnvConfig] 150 chaves recarregadas do    env_config_manager.py:965
         MongoDB.                                                              
INFO     👀 CountryResolver: loaded 176 countries, 352  country_resolver.py:136
         keyword entries                                                       
INFO     👀 Scoring config carregada com sucesso.         event_processor.py:81
INFO     👀 A iniciar o carregamento dos modelos NLP           nlp_engine.py:26
         offline...                                                            
INFO     👀 A carregar GLiNER (urchade/gliner_small-v2.1)...   nlp_engine.py:59
INFO     👀 Loading the following GLiNER type: <class             model.py:3190
         'gliner.model.UniEncoderSpanGLiNER'>...                               
INFO     👀 Motor NLP carregado e pronto para inferência.      nlp_engine.py:77
INFO     👀 NLPWorker initialized shared EventProcessor.           worker.py:44
INFO     👀 NLPWorker 'nlp-default' started.                       worker.py:39
INFO     👀 [RabbitMQ Async] Conectando:          rabbitmq_provider_async.py:53
         amqp://guest:guest@localhost:5672/                                    
INFO     👀 [RabbitMQ Async] Conectando:          rabbitmq_provider_async.py:62
         amqp://guest:guest@localhost:5672/                                    
INFO     👀 [RabbitMQ Async] Conectado. Exchange  rabbitmq_provider_async.py:85
         'forex_market_events' ativo.                                          
INFO     👀 [RabbitMQ Async] Inscrito:           rabbitmq_provider_async.py:218
         'intel.translated.#' → fila                                           
         'amq_2962b0d09a3d4cbe97024ed445b955cc'                                
INFO     👀 NLPEnrichmentSession 'default' started. Listening on  session.py:60
         intel.translated.# and publishing to                                  
         intel.enriched.<domain>                                               
INFO     👀 NLP session 'default' created.                         worker.py:82
INFO     👀 [RabbitMQ Async] Consumo ativo.      rabbitmq_provider_async.py:231
         Aguardando eventos...                                                 
