INFO     👀 Logging system initialized                     logger_config.py:182
INFO     👀 [EnvConfig] 🔏 47 chaves marcadas como   env_config_manager.py:1072
         Secret no arquivo.                                                    
INFO     👀 [EnvConfig] 5 chaves bootstrap           env_config_manager.py:1025
         carregadas do arquivo.                                                
INFO     👀 [EnvConfig] 1 bootstrap secrets           env_config_manager.py:690
         carregados.                                                           
C:\Projects\forex_system\shared_lib\forex_shared\mongo_manager.py:128: UserWarning: You appear to be connected to a CosmosDB cluster. For more information regarding feature compatibility and support please visit https://www.mongodb.com/supportability/cosmosdb
  self.client = MongoClient(
INFO     👀 [MongoManager] Conectado via connection string mongo_manager.py:143
         | db=forex_system                                                     
INFO     👀 [MongoManager] bulk_sync(env_config): 0 novos, mongo_manager.py:208
         26 atualizados.                                                       
INFO     👀 [EnvConfig] 150 chaves sincronizadas com  env_config_manager.py:951
         MongoDB.                                                              
INFO     👀 [EnvConfig] 143 novas chaves setadas em   env_config_manager.py:886
         os.environ.                                                           
INFO     👀 [EnvConfig] 150 chaves recarregadas do    env_config_manager.py:965
         MongoDB.                                                              
INFO     👀 TranslationWorker initializing...                      worker.py:45
INFO     👀 TranslationWorker 'translation-default' started.       worker.py:40
INFO     👀 Language detector (GlotLID) loaded from                engine.py:89
         C:\Projects\forex_system\services\collector_events\.model             
         s\lid\lid.176.bin                                                     
INFO     👀 NLLB translator loaded:                               engine.py:115
         .models/nllb-200-distilled-600M on cpu                                
INFO     👀 [RabbitMQ Async] Conectando:          rabbitmq_provider_async.py:53
         amqp://guest:guest@localhost:5672/                                    
INFO     👀 [RabbitMQ Async] Conectando:          rabbitmq_provider_async.py:62
         amqp://guest:guest@localhost:5672/                                    
INFO     👀 [RabbitMQ Async] Conectado. Exchange  rabbitmq_provider_async.py:85
         'forex_market_events' ativo.                                          
INFO     👀 [RabbitMQ Async] Inscrito:           rabbitmq_provider_async.py:218
         'intel.events.#' → fila                                               
         'amq_0e7d4daf6c344164b731d1818f445a99'                                
INFO     👀 TranslationSession 'default' started. Listening on    session.py:58
         intel.events.#                                                        
INFO     👀 Translation session 'default' created.                 worker.py:89
INFO     👀 [RabbitMQ Async] Consumo ativo.      rabbitmq_provider_async.py:231
         Aguardando eventos...                                                 
INFO     👀 Translated event id=telegram:firstsquaw:131989        session.py:90
         source=telegram topic=intel.translated.social count=1                 
         translation_source=➡️No translation needed                            
INFO     👀 Translated event id=telegram:firstsquaw:131990        session.py:90
         source=telegram topic=intel.translated.social count=2                 
         translation_source=➡️No translation needed                            
INFO     👀 Translated event id=telegram:firstsquaw:131991        session.py:90
         source=telegram topic=intel.translated.social count=3                 
         translation_source=➡️No translation needed                            
INFO     👀 Translated event id=telegram:firstsquaw:131992        session.py:90
         source=telegram topic=intel.translated.social count=4                 
         translation_source=➡️No translation needed                            
INFO     👀 Translated event id=telegram:firstsquaw:131993        session.py:90
         source=telegram topic=intel.translated.social count=5                 
         translation_source=➡️No translation needed                            
INFO     👀 Translated event id=telegram:firstsquaw:131994        session.py:90
         source=telegram topic=intel.translated.social count=6                 
         translation_source=➡️No translation needed                            
INFO     👀 Translated event id=telegram:firstsquaw:131995        session.py:90
         source=telegram topic=intel.translated.social count=7                 
         translation_source=➡️No translation needed                            
INFO     👀 Translated event id=telegram:firstsquaw:131996        session.py:90
         source=telegram topic=intel.translated.social count=8                 
         translation_source=➡️No translation needed                            
INFO     👀 Translated event id=telegram:firstsquaw:131997        session.py:90
         source=telegram topic=intel.translated.social count=9                 
         translation_source=➡️No translation needed                            
INFO     👀 Translated event id=telegram:firstsquaw:131998        session.py:90
         source=telegram topic=intel.translated.social count=10                
         translation_source=➡️No translation needed                            
INFO     👀 Translated event id=telegram:firstsquaw:131999        session.py:90
         source=telegram topic=intel.translated.social count=11                
         translation_source=➡️No translation needed                            
INFO     👀 Translated event id=telegram:firstsquaw:132000        session.py:90
         source=telegram topic=intel.translated.social count=12                
         translation_source=➡️No translation needed                            
INFO     👀 Translated event id=telegram:firstsquaw:132001        session.py:90
         source=telegram topic=intel.translated.social count=13                
         translation_source=➡️No translation needed                            
INFO     👀 Translated event id=telegram:firstsquaw:132002        session.py:90
         source=telegram topic=intel.translated.social count=14                
         translation_source=➡️No translation needed                            
INFO     👀 Translated event id=telegram:firstsquaw:132003        session.py:90
         source=telegram topic=intel.translated.social count=15                
         translation_source=➡️No translation needed                            
INFO     👀 Translated event id=telegram:firstsquaw:132004        session.py:90
         source=telegram topic=intel.translated.social count=16                
         translation_source=➡️No translation needed                            
INFO     👀 Translated event id=telegram:firstsquaw:132005        session.py:90
         source=telegram topic=intel.translated.social count=17                
         translation_source=➡️No translation needed                            
INFO     👀 Translated event id=telegram:firstsquaw:132006        session.py:90
         source=telegram topic=intel.translated.social count=18                
         translation_source=➡️No translation needed                            
INFO     👀 Translated event id=telegram:firstsquaw:132007        session.py:90
         source=telegram topic=intel.translated.social count=19                
         translation_source=➡️No translation needed                            
INFO     👀 Translated event id=telegram:firstsquaw:132008        session.py:90
         source=telegram topic=intel.translated.social count=20                
         translation_source=➡️No translation needed                            
INFO     👀 Translated event id=telegram:firstsquaw:132009        session.py:90
         source=telegram topic=intel.translated.social count=21                
         translation_source=➡️No translation needed                            
INFO     👀 Translated event id=telegram:firstsquaw:132010        session.py:90
         source=telegram topic=intel.translated.social count=22                
         translation_source=➡️No translation needed                            
INFO     👀 Translated event id=telegram:firstsquaw:132011        session.py:90
         source=telegram topic=intel.translated.social count=23                
         translation_source=➡️No translation needed                            
INFO     👀 Translated event id=telegram:firstsquaw:132012        session.py:90
         source=telegram topic=intel.translated.social count=24                
         translation_source=➡️No translation needed                            
INFO     👀 Translated event id=telegram:firstsquaw:132013        session.py:90
         source=telegram topic=intel.translated.social count=25                
         translation_source=➡️No translation needed                            
INFO     👀 Translated event id=telegram:zerohedge:172112         session.py:90
         source=telegram topic=intel.translated.social count=26                
         translation_source=➡️No translation needed                            
INFO     👀 Translated event id=telegram:zerohedge:172113         session.py:90
         source=telegram topic=intel.translated.social count=27                
         translation_source=➡️No translation needed                            
INFO     👀 Translated event id=telegram:whale_alert_io:100230    session.py:90
         source=telegram topic=intel.translated.social count=28                
         translation_source=➡️No translation needed                            
INFO     👀 Translated event id=telegram:whale_alert_io:100231    session.py:90
         source=telegram topic=intel.translated.social count=29                
         translation_source=➡️No translation needed                            
INFO     👀 Translated event id=telegram:ClashReport:81604        session.py:90
         source=telegram topic=intel.translated.conflict count=30              
         translation_source=➡️No translation needed                            
INFO     👀 Translated event id=telegram:ClashReport:81605        session.py:90
         source=telegram topic=intel.translated.conflict count=31              
         translation_source=➡️No translation needed                            
INFO     👀 Translated event id=telegram:ClashReport:81606        session.py:90
         source=telegram topic=intel.translated.conflict count=32              
         translation_source=➡️No translation needed                            
INFO     👀 Translated event id=telegram:abualiexpress:121833     session.py:90
         source=telegram topic=intel.translated.social count=33                
         translation_source=⚡Translation from Hebrew (heb_Hebr)               
INFO     👀 Translated event id=telegram:abualiexpress:121830     session.py:90
         source=telegram topic=intel.translated.social count=34                
         translation_source=⚡Translation from Hebrew (heb_Hebr)               
INFO     👀 Translated event id=telegram:abualiexpress:121835     session.py:90
         source=telegram topic=intel.translated.social count=35                
         translation_source=⚡Translation from Hebrew (heb_Hebr)               
INFO     👀 Translated event id=telegram:abualiexpress:121824     session.py:90
         source=telegram topic=intel.translated.social count=36                
         translation_source=⚡Translation from Hebrew (heb_Hebr)               
INFO     👀 Translated event id=telegram:abualiexpress:121834     session.py:90
         source=telegram topic=intel.translated.social count=37                
         translation_source=⚡Translation from Hebrew (heb_Hebr)               
INFO     👀 Translated event id=telegram:abualiexpress:121827     session.py:90
         source=telegram topic=intel.translated.social count=38                
         translation_source=⚡Translation from Hebrew (heb_Hebr)               
INFO     👀 Translated event id=telegram:abualiexpress:121836     session.py:90
         source=telegram topic=intel.translated.social count=39                
         translation_source=⚡Translation from Hebrew (heb_Hebr)               
INFO     👀 Translated event id=telegram:DefenderDome:20613       session.py:90
         source=telegram topic=intel.translated.conflict count=40              
         translation_source=➡️No translation needed                            
INFO     👀 Translated event id=telegram:englishabuali:72385      session.py:90
         source=telegram topic=intel.translated.social count=41                
         translation_source=➡️No translation needed                            
INFO     👀 Translated event id=telegram:englishabuali:72386      session.py:90
         source=telegram topic=intel.translated.social count=42                
         translation_source=➡️No translation needed                            
INFO     👀 Translated event id=telegram:englishabuali:72387      session.py:90
         source=telegram topic=intel.translated.social count=43                
         translation_source=➡️No translation needed                            
INFO     👀 Translated event id=telegram:abualiexpress:121840     session.py:90
         source=telegram topic=intel.translated.social count=44                
         translation_source=⚡Translation from Hebrew (heb_Hebr)               
INFO     👀 Translated event id=telegram:abualiexpress:121837     session.py:90
         source=telegram topic=intel.translated.social count=45                
         translation_source=⚡Translation from Hebrew (heb_Hebr)               
INFO     👀 Translated event id=telegram:abualiexpress:121838     session.py:90
         source=telegram topic=intel.translated.social count=46                
         translation_source=⚡Translation from Hebrew (heb_Hebr)               
INFO     👀 Translated event id=telegram:abualiexpress:121832     session.py:90
         source=telegram topic=intel.translated.social count=47                
         translation_source=⚡Translation from Hebrew (heb_Hebr)               
INFO     👀 Translated event id=telegram:rybar:80070              session.py:90
         source=telegram topic=intel.translated.conflict count=48              
         translation_source=⚡Translation from Russian (rus_Cyrl)              
INFO     👀 Translated event id=telegram:abualiexpress:121839     session.py:90
         source=telegram topic=intel.translated.social count=49                
         translation_source=⚡Translation from Hebrew (heb_Hebr)               
INFO     👀 Translated event id=telegram:abualiexpress:121831     session.py:90
         source=telegram topic=intel.translated.social count=50                
         translation_source=⚡Translation from Hebrew (heb_Hebr)               
