INFO     👀 Logging system initialized                     logger_config.py:182
INFO     👀 Iniciando Bootstrapper de OSINT Telegram...              main.py:28
INFO     👀 [EnvConfig] 🔏 47 chaves marcadas como   env_config_manager.py:1072
         Secret no arquivo.                                                    
INFO     👀 [EnvConfig] 5 chaves bootstrap           env_config_manager.py:1025
         carregadas do arquivo.                                                
INFO     👀 [EnvConfig] 1 bootstrap secrets           env_config_manager.py:690
         carregados.                                                           
INFO     👀 [MongoManager] Conectado via connection string mongo_manager.py:143
         | db=forex_system                                                     
INFO     👀 [MongoManager] bulk_sync(env_config): 0 novos, mongo_manager.py:208
         26 atualizados.                                                       
INFO     👀 [EnvConfig] 150 chaves sincronizadas com  env_config_manager.py:951
         MongoDB.                                                              
INFO     👀 [EnvConfig] 143 novas chaves setadas em   env_config_manager.py:886
         os.environ.                                                           
INFO     👀 [EnvConfig] 150 chaves recarregadas do    env_config_manager.py:965
         MongoDB.                                                              
INFO     👀 Worker resources (MongoDB store) initialized.          worker.py:47
INFO     👀 Enviando comando SESSION_CREATE para sessão 'default'    main.py:65
INFO     👀 Initialized feed log at                              session.py:138
         C:\Projects\forex_system\services\collector_events\coll               
         ector_events\extractors\osint_telegram\logs\osint_feed.               
         log                                                                   
INFO     👀 Initialized JSON log at                              session.py:147
         C:\Projects\forex_system\services\collector_events\coll               
         ector_events\extractors\osint_telegram\logs\osint_feed_               
         intel.json                                                            
INFO     👀 Starting OsintTelegramSession 'default'              session.py:247
INFO     👀 [RabbitMQ Async] Conectando:          rabbitmq_provider_async.py:53
         amqp://guest:guest@localhost:5672/                                    
INFO     👀 [RabbitMQ Async] Conectando:          rabbitmq_provider_async.py:62
         amqp://guest:guest@localhost:5672/                                    
INFO     👀 [RabbitMQ Async] Conectado. Exchange  rabbitmq_provider_async.py:85
         'forex_market_events' ativo.                                          
INFO     👀 [MQEventPublisher] started with 8 workers    event_publisher.py:136
INFO     👀 Connecting to 149.154.175.55:443/TcpFull...    mtprotosender.py:234
INFO     👀 Connection to 149.154.175.55:443/TcpFull       mtprotosender.py:285
         complete!                                                             
INFO     👀 Resolution summary: resolved=78 cache_hits=78        session.py:455
         cache_misses=0 skipped=0 failures=0 flood_waits=0                     
         live_resolves=0 duration=18.12s                                       
INFO     👀 OsintTelegramSession 'default' started with 78       session.py:291
         active channels in 20.86s                                             
INFO     👀 Session 'default' created and started.                 worker.py:97
INFO     👀 Worker aguardando processamento... (backfill_days=1,     main.py:74
         max_messages_limit=50)                                                
INFO     👀 Status : Recv=0, Accepted=0, Limit=0/50                  main.py:88
INFO     👀 ✅ Verified storage for telegram:VahidOnline:75274   session.py:718
         in globalintel                                                        
INFO     👀 ✅ Verified storage for telegram:VahidOnline:75275   session.py:718
         in globalintel                                                        
INFO     👀 ✅ Verified storage for telegram:VahidOnline:75276   session.py:718
         in globalintel                                                        
INFO     👀 ✅ Verified storage for telegram:VahidOnline:75277   session.py:718
         in globalintel                                                        
INFO     👀 Status : Recv=5, Accepted=4, Limit=4/50                  main.py:88
INFO     👀 ✅ Verified storage for telegram:VahidOnline:75282   session.py:718
         in globalintel                                                        
INFO     👀 ✅ Verified storage for telegram:VahidOnline:75283   session.py:718
         in globalintel                                                        
INFO     👀 ✅ Verified storage for telegram:VahidOnline:75285   session.py:718
         in globalintel                                                        
INFO     👀 Status : Recv=8, Accepted=7, Limit=7/50                  main.py:88
WARNING  ⚠️ Server closed the connection: 0 bytes read on a   connection.py:345
         total of 8 expected bytes                                             
INFO     👀 Status : Recv=8, Accepted=7, Limit=7/50                  main.py:88
INFO     👀 Connection closed while receiving data: 0      mtprotosender.py:517
         bytes read on a total of 8 expected bytes                             
INFO     👀 Closing current connection to begin            mtprotosender.py:358
         reconnect...                                                          
INFO     👀 Connecting to 149.154.175.55:443/TcpFull...    mtprotosender.py:234
INFO     👀 ✅ Verified storage for telegram:VahidOnline:75286   session.py:718
         in globalintel                                                        
INFO     👀 Connection to 149.154.175.55:443/TcpFull       mtprotosender.py:285
         complete!                                                             
INFO     👀 ✅ Verified storage for telegram:VahidOnline:75287   session.py:718
         in globalintel                                                        
INFO     👀 ✅ Verified storage for telegram:VahidOnline:75289   session.py:718
         in globalintel                                                        
INFO     👀 Status : Recv=10, Accepted=10, Limit=10/50               main.py:88
INFO     👀 Status : Recv=10, Accepted=10, Limit=10/50               main.py:88
INFO     👀 Status : Recv=11, Accepted=10, Limit=10/50               main.py:88
INFO     👀 ✅ Verified storage for telegram:firstsquaw:131864   session.py:718
         in globalintel                                                        
INFO     👀 ✅ Verified storage for telegram:firstsquaw:131865   session.py:718
         in globalintel                                                        
INFO     👀 ✅ Verified storage for telegram:firstsquaw:131866   session.py:718
         in globalintel                                                        
INFO     👀 Status : Recv=14, Accepted=13, Limit=13/50               main.py:88
INFO     👀 ✅ Verified storage for telegram:firstsquaw:131867   session.py:718
         in globalintel                                                        
INFO     👀 ✅ Verified storage for telegram:firstsquaw:131868   session.py:718
         in globalintel                                                        
INFO     👀 ✅ Verified storage for telegram:firstsquaw:131869   session.py:718
         in globalintel                                                        
INFO     👀 Status : Recv=17, Accepted=16, Limit=16/50               main.py:88
INFO     👀 ✅ Verified storage for telegram:firstsquaw:131870   session.py:718
         in globalintel                                                        
INFO     👀 ✅ Verified storage for telegram:firstsquaw:131871   session.py:718
         in globalintel                                                        
INFO     👀 ✅ Verified storage for telegram:firstsquaw:131872   session.py:718
         in globalintel                                                        
INFO     👀 Status : Recv=20, Accepted=19, Limit=19/50               main.py:88
INFO     👀 ✅ Verified storage for telegram:firstsquaw:131873   session.py:718
         in globalintel                                                        
INFO     👀 ✅ Verified storage for telegram:firstsquaw:131874   session.py:718
         in globalintel                                                        
INFO     👀 ✅ Verified storage for telegram:firstsquaw:131875   session.py:718
         in globalintel                                                        
INFO     👀 ✅ Verified storage for telegram:firstsquaw:131876   session.py:718
         in globalintel                                                        
INFO     👀 ✅ Verified storage for telegram:firstsquaw:131877   session.py:718
         in globalintel                                                        
INFO     👀 ✅ Verified storage for telegram:firstsquaw:131878   session.py:718
         in globalintel                                                        
INFO     👀 ✅ Verified storage for telegram:firstsquaw:131879   session.py:718
         in globalintel                                                        
INFO     👀 ✅ Verified storage for telegram:firstsquaw:131880   session.py:718
         in globalintel                                                        
INFO     👀 ✅ Verified storage for telegram:firstsquaw:131881   session.py:718
         in globalintel                                                        
INFO     👀 ✅ Verified storage for telegram:firstsquaw:131882   session.py:718
         in globalintel                                                        
INFO     👀 Status : Recv=30, Accepted=29, Limit=29/50               main.py:88
INFO     👀 ✅ Verified storage for telegram:firstsquaw:131883   session.py:718
         in globalintel                                                        
INFO     👀 ✅ Verified storage for telegram:firstsquaw:131884   session.py:718
         in globalintel                                                        
INFO     👀 ✅ Verified storage for telegram:firstsquaw:131885   session.py:718
         in globalintel                                                        
INFO     👀 ✅ Verified storage for telegram:firstsquaw:131886   session.py:718
         in globalintel                                                        
INFO     👀 ✅ Verified storage for telegram:firstsquaw:131887   session.py:718
         in globalintel                                                        
INFO     👀 ✅ Verified storage for telegram:firstsquaw:131888   session.py:718
         in globalintel                                                        
INFO     👀 ✅ Verified storage for telegram:zerohedge:172093 in session.py:718
         globalintel                                                           
INFO     👀 Status : Recv=37, Accepted=36, Limit=36/50               main.py:88
INFO     👀 ✅ Verified storage for telegram:zerohedge:172094 in session.py:718
         globalintel                                                           
INFO     👀 ✅ Verified storage for telegram:zerohedge:172095 in session.py:718
         globalintel                                                           
INFO     👀 ✅ Verified storage for telegram:zerohedge:172096 in session.py:718
         globalintel                                                           
INFO     👀 ✅ Verified storage for telegram:zerohedge:172097 in session.py:718
         globalintel                                                           
INFO     👀 ✅ Verified storage for telegram:zerohedge:172098 in session.py:718
         globalintel                                                           
INFO     👀 ✅ Verified storage for telegram:zerohedge:172099 in session.py:718
         globalintel                                                           
INFO     👀 ✅ Verified storage for telegram:zerohedge:172100 in session.py:718
         globalintel                                                           
INFO     👀 ✅ Verified storage for telegram:zerohedge:172101 in session.py:718
         globalintel                                                           
INFO     👀 ✅ Verified storage for telegram:zerohedge:172102 in session.py:718
         globalintel                                                           
INFO     👀 ✅ Verified storage for telegram:zerohedge:172103 in session.py:718
         globalintel                                                           
INFO     👀 Status : Recv=47, Accepted=46, Limit=46/50               main.py:88
INFO     👀 ✅ Verified storage for telegram:zerohedge:172104 in session.py:718
         globalintel                                                           
INFO     👀 ✅ Verified storage for telegram:zerohedge:172105 in session.py:718
         globalintel                                                           
INFO     👀 ✅ Verified storage for telegram:zerohedge:172106 in session.py:718
         globalintel                                                           
INFO     👀 ✅ Verified storage for telegram:zerohedge:172107 in session.py:718
         globalintel                                                           
INFO     👀 Message limit reached (50). Stopping session.        session.py:732
INFO     👀 Stopping OsintTelegramSession 'default'              session.py:300
INFO     👀 Disconnecting from                             mtprotosender.py:325
         149.154.175.55:443/TcpFull...                                         
INFO     👀 Disconnection from 149.154.175.55:443/TcpFull  mtprotosender.py:345
         complete!                                                             
INFO     👀 [RabbitMQ Async] Conexão encerrada.   rabbitmq_provider_async.py:94
INFO     👀 [MQEventPublisher] stopped                   event_publisher.py:183
INFO     👀 Nenhuma sessão ativa (todas STOPPED). Encerrando         main.py:84
         bootstrapper...                                                       
INFO     👀 Stopping 1 active sessions...                          worker.py:57
INFO     👀 Stopping OsintTelegramSession 'default'              session.py:300
INFO     👀 Not disconnecting (already have no connection) mtprotosender.py:322
INFO     👀 Bootstrapper encerrado.                                  main.py:95
