INFO     👀 Logging system initialized                     logger_config.py:182
INFO     👀 Iniciando Bootstrapper de OSINT Telegram...              main.py:28
INFO     👀 [EnvConfig] 🔏 47 chaves marcadas como   env_config_manager.py:1072
         Secret no arquivo.                                                    
INFO     👀 [EnvConfig] 5 chaves bootstrap           env_config_manager.py:1025
         carregadas do arquivo.                                                
INFO     👀 [EnvConfig] 1 bootstrap secrets           env_config_manager.py:690
         carregados.                                                           
INFO     👀 [MongoManager] Conectado via connection string mongo_manager.py:143
         | db=forex_system                                                     
INFO     👀 [MongoManager] bulk_sync(env_config): 0 novos, mongo_manager.py:208
         26 atualizados.                                                       
INFO     👀 [EnvConfig] 150 chaves sincronizadas com  env_config_manager.py:951
         MongoDB.                                                              
INFO     👀 [EnvConfig] 143 novas chaves setadas em   env_config_manager.py:886
         os.environ.                                                           
INFO     👀 [EnvConfig] 150 chaves recarregadas do    env_config_manager.py:965
         MongoDB.                                                              
INFO     👀 Worker resources (MongoDB store) initialized.          worker.py:47
INFO     👀 Enviando comando SESSION_CREATE para sessão 'default'    main.py:65
INFO     👀 Initialized feed log at                              session.py:138
         C:\Projects\forex_system\services\collector_events\coll               
         ector_events\extractors\osint_telegram\logs\osint_feed.               
         log                                                                   
INFO     👀 Initialized JSON log at                              session.py:147
         C:\Projects\forex_system\services\collector_events\coll               
         ector_events\extractors\osint_telegram\logs\osint_feed_               
         intel.json                                                            
INFO     👀 Starting OsintTelegramSession 'default'              session.py:247
INFO     👀 [RabbitMQ Async] Conectando:          rabbitmq_provider_async.py:53
         amqp://guest:guest@localhost:5672/                                    
INFO     👀 [RabbitMQ Async] Conectando:          rabbitmq_provider_async.py:62
         amqp://guest:guest@localhost:5672/                                    
INFO     👀 [RabbitMQ Async] Conectado. Exchange  rabbitmq_provider_async.py:85
         'forex_market_events' ativo.                                          
INFO     👀 [MQEventPublisher] started with 8 workers    event_publisher.py:136
INFO     👀 Connecting to 149.154.175.55:443/TcpFull...    mtprotosender.py:234
INFO     👀 Connection to 149.154.175.55:443/TcpFull       mtprotosender.py:285
         complete!                                                             
INFO     👀 Resolution summary: resolved=78 cache_hits=78        session.py:455
         cache_misses=0 skipped=0 failures=0 flood_waits=0                     
         live_resolves=0 duration=17.12s                                       
INFO     👀 OsintTelegramSession 'default' started with 78       session.py:291
         active channels in 18.20s                                             
INFO     👀 Session 'default' created and started.                 worker.py:97
INFO     👀 Worker aguardando processamento... (backfill_days=1,     main.py:74
         max_messages_limit=50)                                                
INFO     👀 Status : Recv=0, Accepted=0, Limit=0/50                  main.py:88
INFO     👀 ✅ Verified storage for telegram:VahidOnline:75290   session.py:718
         in globalintel                                                        
INFO     👀 ✅ Verified storage for telegram:rybar:80063 in      session.py:718
         globalintel                                                           
INFO     👀 ✅ Verified storage for telegram:firstsquaw:131914   session.py:718
         in globalintel                                                        
INFO     👀 Status : Recv=4, Accepted=3, Limit=3/50                  main.py:88
INFO     👀 ✅ Verified storage for telegram:firstsquaw:131915   session.py:718
         in globalintel                                                        
INFO     👀 ✅ Verified storage for telegram:firstsquaw:131916   session.py:718
         in globalintel                                                        
INFO     👀 ✅ Verified storage for telegram:firstsquaw:131917   session.py:718
         in globalintel                                                        
INFO     👀 ✅ Verified storage for telegram:firstsquaw:131918   session.py:718
         in globalintel                                                        
INFO     👀 ✅ Verified storage for telegram:firstsquaw:131919   session.py:718
         in globalintel                                                        
INFO     👀 ✅ Verified storage for telegram:firstsquaw:131920   session.py:718
         in globalintel                                                        
INFO     👀 ✅ Verified storage for telegram:firstsquaw:131921   session.py:718
         in globalintel                                                        
INFO     👀 ✅ Verified storage for telegram:firstsquaw:131922   session.py:718
         in globalintel                                                        
INFO     👀 ✅ Verified storage for telegram:firstsquaw:131923   session.py:718
         in globalintel                                                        
INFO     👀 ✅ Verified storage for telegram:firstsquaw:131924   session.py:718
         in globalintel                                                        
INFO     👀 ✅ Verified storage for telegram:firstsquaw:131925   session.py:718
         in globalintel                                                        
INFO     👀 ✅ Verified storage for telegram:firstsquaw:131926   session.py:718
         in globalintel                                                        
INFO     👀 ✅ Verified storage for telegram:firstsquaw:131927   session.py:718
         in globalintel                                                        
INFO     👀 ✅ Verified storage for telegram:firstsquaw:131928   session.py:718
         in globalintel                                                        
INFO     👀 Status : Recv=18, Accepted=17, Limit=17/50               main.py:88
INFO     👀 ✅ Verified storage for telegram:firstsquaw:131929   session.py:718
         in globalintel                                                        
INFO     👀 ✅ Verified storage for telegram:firstsquaw:131930   session.py:718
         in globalintel                                                        
INFO     👀 ✅ Verified storage for telegram:firstsquaw:131931   session.py:718
         in globalintel                                                        
INFO     👀 ✅ Verified storage for telegram:firstsquaw:131932   session.py:718
         in globalintel                                                        
INFO     👀 ✅ Verified storage for telegram:firstsquaw:131933   session.py:718
         in globalintel                                                        
INFO     👀 ✅ Verified storage for telegram:firstsquaw:131934   session.py:718
         in globalintel                                                        
INFO     👀 ✅ Verified storage for telegram:firstsquaw:131935   session.py:718
         in globalintel                                                        
INFO     👀 ✅ Verified storage for telegram:firstsquaw:131936   session.py:718
         in globalintel                                                        
INFO     👀 ✅ Verified storage for telegram:firstsquaw:131937   session.py:718
         in globalintel                                                        
INFO     👀 ✅ Verified storage for telegram:firstsquaw:131938   session.py:718
         in globalintel                                                        
INFO     👀 ✅ Verified storage for telegram:zerohedge:172110 in session.py:718
         globalintel                                                           
INFO     👀 ✅ Verified storage for                              session.py:718
         telegram:whale_alert_io:100229 in globalintel                         
INFO     👀 Status : Recv=29, Accepted=29, Limit=29/50               main.py:88
INFO     👀 ✅ Verified storage for telegram:ClashReport:81553   session.py:718
         in globalintel                                                        
INFO     👀 ✅ Verified storage for telegram:ClashReport:81554   session.py:718
         in globalintel                                                        
INFO     👀 ✅ Verified storage for telegram:ClashReport:81555   session.py:718
         in globalintel                                                        
INFO     👀 ✅ Verified storage for telegram:ClashReport:81556   session.py:718
         in globalintel                                                        
INFO     👀 ✅ Verified storage for telegram:ClashReport:81557   session.py:718
         in globalintel                                                        
INFO     👀 ✅ Verified storage for telegram:ClashReport:81558   session.py:718
         in globalintel                                                        
INFO     👀 ✅ Verified storage for telegram:ClashReport:81560   session.py:718
         in globalintel                                                        
INFO     👀 ✅ Verified storage for telegram:ClashReport:81561   session.py:718
         in globalintel                                                        
INFO     👀 ✅ Verified storage for telegram:ClashReport:81562   session.py:718
         in globalintel                                                        
INFO     👀 Status : Recv=39, Accepted=38, Limit=38/50               main.py:88
INFO     👀 ✅ Verified storage for telegram:ClashReport:81563   session.py:718
         in globalintel                                                        
INFO     👀 ✅ Verified storage for telegram:ClashReport:81564   session.py:718
         in globalintel                                                        
INFO     👀 ✅ Verified storage for telegram:ClashReport:81565   session.py:718
         in globalintel                                                        
INFO     👀 ✅ Verified storage for telegram:ClashReport:81566   session.py:718
         in globalintel                                                        
INFO     👀 ✅ Verified storage for telegram:ClashReport:81567   session.py:718
         in globalintel                                                        
INFO     👀 ✅ Verified storage for telegram:ClashReport:81568   session.py:718
         in globalintel                                                        
INFO     👀 ✅ Verified storage for telegram:ClashReport:81569   session.py:718
         in globalintel                                                        
INFO     👀 ✅ Verified storage for telegram:ClashReport:81570   session.py:718
         in globalintel                                                        
INFO     👀 ✅ Verified storage for telegram:ClashReport:81571   session.py:718
         in globalintel                                                        
INFO     👀 ✅ Verified storage for telegram:ClashReport:81572   session.py:718
         in globalintel                                                        
INFO     👀 ✅ Verified storage for telegram:ClashReport:81573   session.py:718
         in globalintel                                                        
INFO     👀 Status : Recv=50, Accepted=49, Limit=49/50               main.py:88
INFO     👀 ✅ Verified storage for telegram:ClashReport:81574   session.py:718
         in globalintel                                                        
INFO     👀 Message limit reached (50). Stopping session.        session.py:732
INFO     👀 Stopping OsintTelegramSession 'default'              session.py:300
INFO     👀 Disconnecting from                             mtprotosender.py:325
         149.154.175.55:443/TcpFull...                                         
INFO     👀 Disconnection from 149.154.175.55:443/TcpFull  mtprotosender.py:345
         complete!                                                             
INFO     👀 [RabbitMQ Async] Conexão encerrada.   rabbitmq_provider_async.py:94
INFO     👀 [MQEventPublisher] stopped                   event_publisher.py:183
INFO     👀 Nenhuma sessão ativa (todas STOPPED). Encerrando         main.py:84
         bootstrapper...                                                       
INFO     👀 Stopping 1 active sessions...                          worker.py:57
INFO     👀 Stopping OsintTelegramSession 'default'              session.py:300
INFO     👀 Not disconnecting (already have no connection) mtprotosender.py:322
INFO     👀 Bootstrapper encerrado.                                  main.py:95
